==164== Memcheck, a memory error detector
==164== Copyright (C) 2002-2017, and GNU GPL'd, by Julian Seward et al.
==164== Using Valgrind-3.18.1 and LibVEX; rerun with -h for copyright info
==164== Command: /tmp/tmpdok0cmgd/student/zaj11PtrCStringVector/build//bin/unit_tests
==164== 
Running main() from /tmp/tmpdok0cmgd/student/zaj11PtrCStringVector/unitTests/lib/googletest/src/gtest_main.cc
[==========] Running 20 tests from 1 test suite.
[----------] Global test environment set-up.
[----------] 20 tests from PtrCStringVectorTester
[ RUN      ] PtrCStringVectorTester.defaultConstructor_sizeOfEmptyContainerIsZero
[       OK ] PtrCStringVectorTester.defaultConstructor_sizeOfEmptyContainerIsZero (16 ms)
[ RUN      ] PtrCStringVectorTester.pushBack_sizeOfContainerIncreaseAfterCallingPushBack
==164== Mismatched free() / delete / delete []
==164==    at 0x484BB6F: operator delete(void*, unsigned long) (in /usr/libexec/valgrind/vgpreload_memcheck-amd64-linux.so)
==164==    by 0x121D33: PtrCStringVector::free() (in /tmp/tmpdok0cmgd/student/zaj11PtrCStringVector/build/bin/unit_tests)
==164==    by 0x121759: PtrCStringVector::~PtrCStringVector() (in /tmp/tmpdok0cmgd/student/zaj11PtrCStringVector/build/bin/unit_tests)
==164==    by 0x1152DE: PtrCStringVectorTester_pushBack_sizeOfContainerIncreaseAfterCallingPushBack_Test::TestBody() (in /tmp/tmpdok0cmgd/student/zaj11PtrCStringVector/build/bin/unit_tests)
==164==    by 0x162B9E: void testing::internal::HandleSehExceptionsInMethodIfSupported<testing::Test, void>(testing::Test*, void (testing::Test::*)(), char const*) (in /tmp/tmpdok0cmgd/student/zaj11PtrCStringVector/build/bin/unit_tests)
==164==    by 0x15AEE2: void testing::internal::HandleExceptionsInMethodIfSupported<testing::Test, void>(testing::Test*, void (testing::Test::*)(), char const*) (in /tmp/tmpdok0cmgd/student/zaj11PtrCStringVector/build/bin/unit_tests)
==164==    by 0x1359A7: testing::Test::Run() (in /tmp/tmpdok0cmgd/student/zaj11PtrCStringVector/build/bin/unit_tests)
==164==    by 0x1364C2: testing::TestInfo::Run() (in /tmp/tmpdok0cmgd/student/zaj11PtrCStringVector/build/bin/unit_tests)
==164==    by 0x136E00: testing::TestSuite::Run() (in /tmp/tmpdok0cmgd/student/zaj11PtrCStringVector/build/bin/unit_tests)
==164==    by 0x1471B0: testing::internal::UnitTestImpl::RunAllTests() (in /tmp/tmpdok0cmgd/student/zaj11PtrCStringVector/build/bin/unit_tests)
==164==    by 0x163C45: bool testing::internal::HandleSehExceptionsInMethodIfSupported<testing::internal::UnitTestImpl, bool>(testing::internal::UnitTestImpl*, bool (testing::internal::UnitTestImpl::*)(), char const*) (in /tmp/tmpdok0cmgd/student/zaj11PtrCStringVector/build/bin/unit_tests)
==164==    by 0x15C0C8: bool testing::internal::HandleExceptionsInMethodIfSupported<testing::internal::UnitTestImpl, bool>(testing::internal::UnitTestImpl*, bool (testing::internal::UnitTestImpl::*)(), char const*) (in /tmp/tmpdok0cmgd/student/zaj11PtrCStringVector/build/bin/unit_tests)
==164==  Address 0x4deec10 is 0 bytes inside a block of size 48 alloc'd
==164==    at 0x484A2F3: operator new[](unsigned long) (in /usr/libexec/valgrind/vgpreload_memcheck-amd64-linux.so)
==164==    by 0x121D9E: PtrCStringVector::reserve(unsigned long) (in /tmp/tmpdok0cmgd/student/zaj11PtrCStringVector/build/bin/unit_tests)
==164==    by 0x121884: PtrCStringVector::push_back(char const*) (in /tmp/tmpdok0cmgd/student/zaj11PtrCStringVector/build/bin/unit_tests)
==164==    by 0x1151AE: PtrCStringVectorTester_pushBack_sizeOfContainerIncreaseAfterCallingPushBack_Test::TestBody() (in /tmp/tmpdok0cmgd/student/zaj11PtrCStringVector/build/bin/unit_tests)
==164==    by 0x162B9E: void testing::internal::HandleSehExceptionsInMethodIfSupported<testing::Test, void>(testing::Test*, void (testing::Test::*)(), char const*) (in /tmp/tmpdok0cmgd/student/zaj11PtrCStringVector/build/bin/unit_tests)
==164==    by 0x15AEE2: void testing::internal::HandleExceptionsInMethodIfSupported<testing::Test, void>(testing::Test*, void (testing::Test::*)(), char const*) (in /tmp/tmpdok0cmgd/student/zaj11PtrCStringVector/build/bin/unit_tests)
==164==    by 0x1359A7: testing::Test::Run() (in /tmp/tmpdok0cmgd/student/zaj11PtrCStringVector/build/bin/unit_tests)
==164==    by 0x1364C2: testing::TestInfo::Run() (in /tmp/tmpdok0cmgd/student/zaj11PtrCStringVector/build/bin/unit_tests)
==164==    by 0x136E00: testing::TestSuite::Run() (in /tmp/tmpdok0cmgd/student/zaj11PtrCStringVector/build/bin/unit_tests)
==164==    by 0x1471B0: testing::internal::UnitTestImpl::RunAllTests() (in /tmp/tmpdok0cmgd/student/zaj11PtrCStringVector/build/bin/unit_tests)
==164==    by 0x163C45: bool testing::internal::HandleSehExceptionsInMethodIfSupported<testing::internal::UnitTestImpl, bool>(testing::internal::UnitTestImpl*, bool (testing::internal::UnitTestImpl::*)(), char const*) (in /tmp/tmpdok0cmgd/student/zaj11PtrCStringVector/build/bin/unit_tests)
==164==    by 0x15C0C8: bool testing::internal::HandleExceptionsInMethodIfSupported<testing::internal::UnitTestImpl, bool>(testing::internal::UnitTestImpl*, bool (testing::internal::UnitTestImpl::*)(), char const*) (in /tmp/tmpdok0cmgd/student/zaj11PtrCStringVector/build/bin/unit_tests)
==164== 
[       OK ] PtrCStringVectorTester.pushBack_sizeOfContainerIncreaseAfterCallingPushBack (5 ms)
[ RUN      ] PtrCStringVectorTester.arrayIndexingOperator_testsInTheSamePositionsAsPushed
==164== Mismatched free() / delete / delete []
==164==    at 0x484BB6F: operator delete(void*, unsigned long) (in /usr/libexec/valgrind/vgpreload_memcheck-amd64-linux.so)
==164==    by 0x121D33: PtrCStringVector::free() (in /tmp/tmpdok0cmgd/student/zaj11PtrCStringVector/build/bin/unit_tests)
==164==    by 0x121759: PtrCStringVector::~PtrCStringVector() (in /tmp/tmpdok0cmgd/student/zaj11PtrCStringVector/build/bin/unit_tests)
==164==    by 0x1156D6: PtrCStringVectorTester_arrayIndexingOperator_testsInTheSamePositionsAsPushed_Test::TestBody() (in /tmp/tmpdok0cmgd/student/zaj11PtrCStringVector/build/bin/unit_tests)
==164==    by 0x162B9E: void testing::internal::HandleSehExceptionsInMethodIfSupported<testing::Test, void>(testing::Test*, void (testing::Test::*)(), char const*) (in /tmp/tmpdok0cmgd/student/zaj11PtrCStringVector/build/bin/unit_tests)
==164==    by 0x15AEE2: void testing::internal::HandleExceptionsInMethodIfSupported<testing::Test, void>(testing::Test*, void (testing::Test::*)(), char const*) (in /tmp/tmpdok0cmgd/student/zaj11PtrCStringVector/build/bin/unit_tests)
==164==    by 0x1359A7: testing::Test::Run() (in /tmp/tmpdok0cmgd/student/zaj11PtrCStringVector/build/bin/unit_tests)
==164==    by 0x1364C2: testing::TestInfo::Run() (in /tmp/tmpdok0cmgd/student/zaj11PtrCStringVector/build/bin/unit_tests)
==164==    by 0x136E00: testing::TestSuite::Run() (in /tmp/tmpdok0cmgd/student/zaj11PtrCStringVector/build/bin/unit_tests)
==164==    by 0x1471B0: testing::internal::UnitTestImpl::RunAllTests() (in /tmp/tmpdok0cmgd/student/zaj11PtrCStringVector/build/bin/unit_tests)
==164==    by 0x163C45: bool testing::internal::HandleSehExceptionsInMethodIfSupported<testing::internal::UnitTestImpl, bool>(testing::internal::UnitTestImpl*, bool (testing::internal::UnitTestImpl::*)(), char const*) (in /tmp/tmpdok0cmgd/student/zaj11PtrCStringVector/build/bin/unit_tests)
==164==    by 0x15C0C8: bool testing::internal::HandleExceptionsInMethodIfSupported<testing::internal::UnitTestImpl, bool>(testing::internal::UnitTestImpl*, bool (testing::internal::UnitTestImpl::*)(), char const*) (in /tmp/tmpdok0cmgd/student/zaj11PtrCStringVector/build/bin/unit_tests)
==164==  Address 0x4def4a0 is 0 bytes inside a block of size 48 alloc'd
==164==    at 0x484A2F3: operator new[](unsigned long) (in /usr/libexec/valgrind/vgpreload_memcheck-amd64-linux.so)
==164==    by 0x121D9E: PtrCStringVector::reserve(unsigned long) (in /tmp/tmpdok0cmgd/student/zaj11PtrCStringVector/build/bin/unit_tests)
==164==    by 0x121884: PtrCStringVector::push_back(char const*) (in /tmp/tmpdok0cmgd/student/zaj11PtrCStringVector/build/bin/unit_tests)
==164==    by 0x115434: PtrCStringVectorTester_arrayIndexingOperator_testsInTheSamePositionsAsPushed_Test::TestBody() (in /tmp/tmpdok0cmgd/student/zaj11PtrCStringVector/build/bin/unit_tests)
==164==    by 0x162B9E: void testing::internal::HandleSehExceptionsInMethodIfSupported<testing::Test, void>(testing::Test*, void (testing::Test::*)(), char const*) (in /tmp/tmpdok0cmgd/student/zaj11PtrCStringVector/build/bin/unit_tests)
==164==    by 0x15AEE2: void testing::internal::HandleExceptionsInMethodIfSupported<testing::Test, void>(testing::Test*, void (testing::Test::*)(), char const*) (in /tmp/tmpdok0cmgd/student/zaj11PtrCStringVector/build/bin/unit_tests)
==164==    by 0x1359A7: testing::Test::Run() (in /tmp/tmpdok0cmgd/student/zaj11PtrCStringVector/build/bin/unit_tests)
==164==    by 0x1364C2: testing::TestInfo::Run() (in /tmp/tmpdok0cmgd/student/zaj11PtrCStringVector/build/bin/unit_tests)
==164==    by 0x136E00: testing::TestSuite::Run() (in /tmp/tmpdok0cmgd/student/zaj11PtrCStringVector/build/bin/unit_tests)
==164==    by 0x1471B0: testing::internal::UnitTestImpl::RunAllTests() (in /tmp/tmpdok0cmgd/student/zaj11PtrCStringVector/build/bin/unit_tests)
==164==    by 0x163C45: bool testing::internal::HandleSehExceptionsInMethodIfSupported<testing::internal::UnitTestImpl, bool>(testing::internal::UnitTestImpl*, bool (testing::internal::UnitTestImpl::*)(), char const*) (in /tmp/tmpdok0cmgd/student/zaj11PtrCStringVector/build/bin/unit_tests)
==164==    by 0x15C0C8: bool testing::internal::HandleExceptionsInMethodIfSupported<testing::internal::UnitTestImpl, bool>(testing::internal::UnitTestImpl*, bool (testing::internal::UnitTestImpl::*)(), char const*) (in /tmp/tmpdok0cmgd/student/zaj11PtrCStringVector/build/bin/unit_tests)
==164== 
[       OK ] PtrCStringVectorTester.arrayIndexingOperator_testsInTheSamePositionsAsPushed (4 ms)
[ RUN      ] PtrCStringVectorTester.arrayIndexingOperator_throwingExceptionWhenOutOfRange
==164== Mismatched free() / delete / delete []
==164==    at 0x484BB6F: operator delete(void*, unsigned long) (in /usr/libexec/valgrind/vgpreload_memcheck-amd64-linux.so)
==164==    by 0x121D33: PtrCStringVector::free() (in /tmp/tmpdok0cmgd/student/zaj11PtrCStringVector/build/bin/unit_tests)
==164==    by 0x121759: PtrCStringVector::~PtrCStringVector() (in /tmp/tmpdok0cmgd/student/zaj11PtrCStringVector/build/bin/unit_tests)
==164==    by 0x115CF5: PtrCStringVectorTester_arrayIndexingOperator_throwingExceptionWhenOutOfRange_Test::TestBody() (in /tmp/tmpdok0cmgd/student/zaj11PtrCStringVector/build/bin/unit_tests)
==164==    by 0x162B9E: void testing::internal::HandleSehExceptionsInMethodIfSupported<testing::Test, void>(testing::Test*, void (testing::Test::*)(), char const*) (in /tmp/tmpdok0cmgd/student/zaj11PtrCStringVector/build/bin/unit_tests)
==164==    by 0x15AEE2: void testing::internal::HandleExceptionsInMethodIfSupported<testing::Test, void>(testing::Test*, void (testing::Test::*)(), char const*) (in /tmp/tmpdok0cmgd/student/zaj11PtrCStringVector/build/bin/unit_tests)
==164==    by 0x1359A7: testing::Test::Run() (in /tmp/tmpdok0cmgd/student/zaj11PtrCStringVector/build/bin/unit_tests)
==164==    by 0x1364C2: testing::TestInfo::Run() (in /tmp/tmpdok0cmgd/student/zaj11PtrCStringVector/build/bin/unit_tests)
==164==    by 0x136E00: testing::TestSuite::Run() (in /tmp/tmpdok0cmgd/student/zaj11PtrCStringVector/build/bin/unit_tests)
==164==    by 0x1471B0: testing::internal::UnitTestImpl::RunAllTests() (in /tmp/tmpdok0cmgd/student/zaj11PtrCStringVector/build/bin/unit_tests)
==164==    by 0x163C45: bool testing::internal::HandleSehExceptionsInMethodIfSupported<testing::internal::UnitTestImpl, bool>(testing::internal::UnitTestImpl*, bool (testing::internal::UnitTestImpl::*)(), char const*) (in /tmp/tmpdok0cmgd/student/zaj11PtrCStringVector/build/bin/unit_tests)
==164==    by 0x15C0C8: bool testing::internal::HandleExceptionsInMethodIfSupported<testing::internal::UnitTestImpl, bool>(testing::internal::UnitTestImpl*, bool (testing::internal::UnitTestImpl::*)(), char const*) (in /tmp/tmpdok0cmgd/student/zaj11PtrCStringVector/build/bin/unit_tests)
==164==  Address 0x4defb70 is 0 bytes inside a block of size 48 alloc'd
==164==    at 0x484A2F3: operator new[](unsigned long) (in /usr/libexec/valgrind/vgpreload_memcheck-amd64-linux.so)
==164==    by 0x121D9E: PtrCStringVector::reserve(unsigned long) (in /tmp/tmpdok0cmgd/student/zaj11PtrCStringVector/build/bin/unit_tests)
==164==    by 0x121884: PtrCStringVector::push_back(char const*) (in /tmp/tmpdok0cmgd/student/zaj11PtrCStringVector/build/bin/unit_tests)
==164==    by 0x115998: PtrCStringVectorTester_arrayIndexingOperator_throwingExceptionWhenOutOfRange_Test::TestBody() (in /tmp/tmpdok0cmgd/student/zaj11PtrCStringVector/build/bin/unit_tests)
==164==    by 0x162B9E: void testing::internal::HandleSehExceptionsInMethodIfSupported<testing::Test, void>(testing::Test*, void (testing::Test::*)(), char const*) (in /tmp/tmpdok0cmgd/student/zaj11PtrCStringVector/build/bin/unit_tests)
==164==    by 0x15AEE2: void testing::internal::HandleExceptionsInMethodIfSupported<testing::Test, void>(testing::Test*, void (testing::Test::*)(), char const*) (in /tmp/tmpdok0cmgd/student/zaj11PtrCStringVector/build/bin/unit_tests)
==164==    by 0x1359A7: testing::Test::Run() (in /tmp/tmpdok0cmgd/student/zaj11PtrCStringVector/build/bin/unit_tests)
==164==    by 0x1364C2: testing::TestInfo::Run() (in /tmp/tmpdok0cmgd/student/zaj11PtrCStringVector/build/bin/unit_tests)
==164==    by 0x136E00: testing::TestSuite::Run() (in /tmp/tmpdok0cmgd/student/zaj11PtrCStringVector/build/bin/unit_tests)
==164==    by 0x1471B0: testing::internal::UnitTestImpl::RunAllTests() (in /tmp/tmpdok0cmgd/student/zaj11PtrCStringVector/build/bin/unit_tests)
==164==    by 0x163C45: bool testing::internal::HandleSehExceptionsInMethodIfSupported<testing::internal::UnitTestImpl, bool>(testing::internal::UnitTestImpl*, bool (testing::internal::UnitTestImpl::*)(), char const*) (in /tmp/tmpdok0cmgd/student/zaj11PtrCStringVector/build/bin/unit_tests)
==164==    by 0x15C0C8: bool testing::internal::HandleExceptionsInMethodIfSupported<testing::internal::UnitTestImpl, bool>(testing::internal::UnitTestImpl*, bool (testing::internal::UnitTestImpl::*)(), char const*) (in /tmp/tmpdok0cmgd/student/zaj11PtrCStringVector/build/bin/unit_tests)
==164== 
[       OK ] PtrCStringVectorTester.arrayIndexingOperator_throwingExceptionWhenOutOfRange (40 ms)
[ RUN      ] PtrCStringVectorTester.copyConstructor_textsDeeplyCopied
==164== Mismatched free() / delete / delete []
==164==    at 0x484BB6F: operator delete(void*, unsigned long) (in /usr/libexec/valgrind/vgpreload_memcheck-amd64-linux.so)
==164==    by 0x121D33: PtrCStringVector::free() (in /tmp/tmpdok0cmgd/student/zaj11PtrCStringVector/build/bin/unit_tests)
==164==    by 0x121759: PtrCStringVector::~PtrCStringVector() (in /tmp/tmpdok0cmgd/student/zaj11PtrCStringVector/build/bin/unit_tests)
==164==    by 0x1169BE: PtrCStringVectorTester_copyConstructor_textsDeeplyCopied_Test::TestBody() (in /tmp/tmpdok0cmgd/student/zaj11PtrCStringVector/build/bin/unit_tests)
==164==    by 0x162B9E: void testing::internal::HandleSehExceptionsInMethodIfSupported<testing::Test, void>(testing::Test*, void (testing::Test::*)(), char const*) (in /tmp/tmpdok0cmgd/student/zaj11PtrCStringVector/build/bin/unit_tests)
==164==    by 0x15AEE2: void testing::internal::HandleExceptionsInMethodIfSupported<testing::Test, void>(testing::Test*, void (testing::Test::*)(), char const*) (in /tmp/tmpdok0cmgd/student/zaj11PtrCStringVector/build/bin/unit_tests)
==164==    by 0x1359A7: testing::Test::Run() (in /tmp/tmpdok0cmgd/student/zaj11PtrCStringVector/build/bin/unit_tests)
==164==    by 0x1364C2: testing::TestInfo::Run() (in /tmp/tmpdok0cmgd/student/zaj11PtrCStringVector/build/bin/unit_tests)
==164==    by 0x136E00: testing::TestSuite::Run() (in /tmp/tmpdok0cmgd/student/zaj11PtrCStringVector/build/bin/unit_tests)
==164==    by 0x1471B0: testing::internal::UnitTestImpl::RunAllTests() (in /tmp/tmpdok0cmgd/student/zaj11PtrCStringVector/build/bin/unit_tests)
==164==    by 0x163C45: bool testing::internal::HandleSehExceptionsInMethodIfSupported<testing::internal::UnitTestImpl, bool>(testing::internal::UnitTestImpl*, bool (testing::internal::UnitTestImpl::*)(), char const*) (in /tmp/tmpdok0cmgd/student/zaj11PtrCStringVector/build/bin/unit_tests)
==164==    by 0x15C0C8: bool testing::internal::HandleExceptionsInMethodIfSupported<testing::internal::UnitTestImpl, bool>(testing::internal::UnitTestImpl*, bool (testing::internal::UnitTestImpl::*)(), char const*) (in /tmp/tmpdok0cmgd/student/zaj11PtrCStringVector/build/bin/unit_tests)
==164==  Address 0x4df0670 is 0 bytes inside a block of size 48 alloc'd
==164==    at 0x484A2F3: operator new[](unsigned long) (in /usr/libexec/valgrind/vgpreload_memcheck-amd64-linux.so)
==164==    by 0x121D9E: PtrCStringVector::reserve(unsigned long) (in /tmp/tmpdok0cmgd/student/zaj11PtrCStringVector/build/bin/unit_tests)
==164==    by 0x121884: PtrCStringVector::push_back(char const*) (in /tmp/tmpdok0cmgd/student/zaj11PtrCStringVector/build/bin/unit_tests)
==164==    by 0x121701: PtrCStringVector::PtrCStringVector(PtrCStringVector const&) (in /tmp/tmpdok0cmgd/student/zaj11PtrCStringVector/build/bin/unit_tests)
==164==    by 0x1166F9: PtrCStringVectorTester_copyConstructor_textsDeeplyCopied_Test::TestBody() (in /tmp/tmpdok0cmgd/student/zaj11PtrCStringVector/build/bin/unit_tests)
==164==    by 0x162B9E: void testing::internal::HandleSehExceptionsInMethodIfSupported<testing::Test, void>(testing::Test*, void (testing::Test::*)(), char const*) (in /tmp/tmpdok0cmgd/student/zaj11PtrCStringVector/build/bin/unit_tests)
==164==    by 0x15AEE2: void testing::internal::HandleExceptionsInMethodIfSupported<testing::Test, void>(testing::Test*, void (testing::Test::*)(), char const*) (in /tmp/tmpdok0cmgd/student/zaj11PtrCStringVector/build/bin/unit_tests)
==164==    by 0x1359A7: testing::Test::Run() (in /tmp/tmpdok0cmgd/student/zaj11PtrCStringVector/build/bin/unit_tests)
==164==    by 0x1364C2: testing::TestInfo::Run() (in /tmp/tmpdok0cmgd/student/zaj11PtrCStringVector/build/bin/unit_tests)
==164==    by 0x136E00: testing::TestSuite::Run() (in /tmp/tmpdok0cmgd/student/zaj11PtrCStringVector/build/bin/unit_tests)
==164==    by 0x1471B0: testing::internal::UnitTestImpl::RunAllTests() (in /tmp/tmpdok0cmgd/student/zaj11PtrCStringVector/build/bin/unit_tests)
==164==    by 0x163C45: bool testing::internal::HandleSehExceptionsInMethodIfSupported<testing::internal::UnitTestImpl, bool>(testing::internal::UnitTestImpl*, bool (testing::internal::UnitTestImpl::*)(), char const*) (in /tmp/tmpdok0cmgd/student/zaj11PtrCStringVector/build/bin/unit_tests)
==164== 
==164== Mismatched free() / delete / delete []
==164==    at 0x484BB6F: operator delete(void*, unsigned long) (in /usr/libexec/valgrind/vgpreload_memcheck-amd64-linux.so)
==164==    by 0x121D33: PtrCStringVector::free() (in /tmp/tmpdok0cmgd/student/zaj11PtrCStringVector/build/bin/unit_tests)
==164==    by 0x121759: PtrCStringVector::~PtrCStringVector() (in /tmp/tmpdok0cmgd/student/zaj11PtrCStringVector/build/bin/unit_tests)
==164==    by 0x1169DE: PtrCStringVectorTester_copyConstructor_textsDeeplyCopied_Test::TestBody() (in /tmp/tmpdok0cmgd/student/zaj11PtrCStringVector/build/bin/unit_tests)
==164==    by 0x162B9E: void testing::internal::HandleSehExceptionsInMethodIfSupported<testing::Test, void>(testing::Test*, void (testing::Test::*)(), char const*) (in /tmp/tmpdok0cmgd/student/zaj11PtrCStringVector/build/bin/unit_tests)
==164==    by 0x15AEE2: void testing::internal::HandleExceptionsInMethodIfSupported<testing::Test, void>(testing::Test*, void (testing::Test::*)(), char const*) (in /tmp/tmpdok0cmgd/student/zaj11PtrCStringVector/build/bin/unit_tests)
==164==    by 0x1359A7: testing::Test::Run() (in /tmp/tmpdok0cmgd/student/zaj11PtrCStringVector/build/bin/unit_tests)
==164==    by 0x1364C2: testing::TestInfo::Run() (in /tmp/tmpdok0cmgd/student/zaj11PtrCStringVector/build/bin/unit_tests)
==164==    by 0x136E00: testing::TestSuite::Run() (in /tmp/tmpdok0cmgd/student/zaj11PtrCStringVector/build/bin/unit_tests)
==164==    by 0x1471B0: testing::internal::UnitTestImpl::RunAllTests() (in /tmp/tmpdok0cmgd/student/zaj11PtrCStringVector/build/bin/unit_tests)
==164==    by 0x163C45: bool testing::internal::HandleSehExceptionsInMethodIfSupported<testing::internal::UnitTestImpl, bool>(testing::internal::UnitTestImpl*, bool (testing::internal::UnitTestImpl::*)(), char const*) (in /tmp/tmpdok0cmgd/student/zaj11PtrCStringVector/build/bin/unit_tests)
==164==    by 0x15C0C8: bool testing::internal::HandleExceptionsInMethodIfSupported<testing::internal::UnitTestImpl, bool>(testing::internal::UnitTestImpl*, bool (testing::internal::UnitTestImpl::*)(), char const*) (in /tmp/tmpdok0cmgd/student/zaj11PtrCStringVector/build/bin/unit_tests)
==164==  Address 0x4df0380 is 0 bytes inside a block of size 48 alloc'd
==164==    at 0x484A2F3: operator new[](unsigned long) (in /usr/libexec/valgrind/vgpreload_memcheck-amd64-linux.so)
==164==    by 0x121D9E: PtrCStringVector::reserve(unsigned long) (in /tmp/tmpdok0cmgd/student/zaj11PtrCStringVector/build/bin/unit_tests)
==164==    by 0x121884: PtrCStringVector::push_back(char const*) (in /tmp/tmpdok0cmgd/student/zaj11PtrCStringVector/build/bin/unit_tests)
==164==    by 0x121701: PtrCStringVector::PtrCStringVector(PtrCStringVector const&) (in /tmp/tmpdok0cmgd/student/zaj11PtrCStringVector/build/bin/unit_tests)
==164==    by 0x116238: PtrCStringVectorTester_copyConstructor_textsDeeplyCopied_Test::TestBody() (in /tmp/tmpdok0cmgd/student/zaj11PtrCStringVector/build/bin/unit_tests)
==164==    by 0x162B9E: void testing::internal::HandleSehExceptionsInMethodIfSupported<testing::Test, void>(testing::Test*, void (testing::Test::*)(), char const*) (in /tmp/tmpdok0cmgd/student/zaj11PtrCStringVector/build/bin/unit_tests)
==164==    by 0x15AEE2: void testing::internal::HandleExceptionsInMethodIfSupported<testing::Test, void>(testing::Test*, void (testing::Test::*)(), char const*) (in /tmp/tmpdok0cmgd/student/zaj11PtrCStringVector/build/bin/unit_tests)
==164==    by 0x1359A7: testing::Test::Run() (in /tmp/tmpdok0cmgd/student/zaj11PtrCStringVector/build/bin/unit_tests)
==164==    by 0x1364C2: testing::TestInfo::Run() (in /tmp/tmpdok0cmgd/student/zaj11PtrCStringVector/build/bin/unit_tests)
==164==    by 0x136E00: testing::TestSuite::Run() (in /tmp/tmpdok0cmgd/student/zaj11PtrCStringVector/build/bin/unit_tests)
==164==    by 0x1471B0: testing::internal::UnitTestImpl::RunAllTests() (in /tmp/tmpdok0cmgd/student/zaj11PtrCStringVector/build/bin/unit_tests)
==164==    by 0x163C45: bool testing::internal::HandleSehExceptionsInMethodIfSupported<testing::internal::UnitTestImpl, bool>(testing::internal::UnitTestImpl*, bool (testing::internal::UnitTestImpl::*)(), char const*) (in /tmp/tmpdok0cmgd/student/zaj11PtrCStringVector/build/bin/unit_tests)
==164== 
==164== Mismatched free() / delete / delete []
==164==    at 0x484BB6F: operator delete(void*, unsigned long) (in /usr/libexec/valgrind/vgpreload_memcheck-amd64-linux.so)
==164==    by 0x121D33: PtrCStringVector::free() (in /tmp/tmpdok0cmgd/student/zaj11PtrCStringVector/build/bin/unit_tests)
==164==    by 0x121759: PtrCStringVector::~PtrCStringVector() (in /tmp/tmpdok0cmgd/student/zaj11PtrCStringVector/build/bin/unit_tests)
==164==    by 0x1169FE: PtrCStringVectorTester_copyConstructor_textsDeeplyCopied_Test::TestBody() (in /tmp/tmpdok0cmgd/student/zaj11PtrCStringVector/build/bin/unit_tests)
==164==    by 0x162B9E: void testing::internal::HandleSehExceptionsInMethodIfSupported<testing::Test, void>(testing::Test*, void (testing::Test::*)(), char const*) (in /tmp/tmpdok0cmgd/student/zaj11PtrCStringVector/build/bin/unit_tests)
==164==    by 0x15AEE2: void testing::internal::HandleExceptionsInMethodIfSupported<testing::Test, void>(testing::Test*, void (testing::Test::*)(), char const*) (in /tmp/tmpdok0cmgd/student/zaj11PtrCStringVector/build/bin/unit_tests)
==164==    by 0x1359A7: testing::Test::Run() (in /tmp/tmpdok0cmgd/student/zaj11PtrCStringVector/build/bin/unit_tests)
==164==    by 0x1364C2: testing::TestInfo::Run() (in /tmp/tmpdok0cmgd/student/zaj11PtrCStringVector/build/bin/unit_tests)
==164==    by 0x136E00: testing::TestSuite::Run() (in /tmp/tmpdok0cmgd/student/zaj11PtrCStringVector/build/bin/unit_tests)
==164==    by 0x1471B0: testing::internal::UnitTestImpl::RunAllTests() (in /tmp/tmpdok0cmgd/student/zaj11PtrCStringVector/build/bin/unit_tests)
==164==    by 0x163C45: bool testing::internal::HandleSehExceptionsInMethodIfSupported<testing::internal::UnitTestImpl, bool>(testing::internal::UnitTestImpl*, bool (testing::internal::UnitTestImpl::*)(), char const*) (in /tmp/tmpdok0cmgd/student/zaj11PtrCStringVector/build/bin/unit_tests)
==164==    by 0x15C0C8: bool testing::internal::HandleExceptionsInMethodIfSupported<testing::internal::UnitTestImpl, bool>(testing::internal::UnitTestImpl*, bool (testing::internal::UnitTestImpl::*)(), char const*) (in /tmp/tmpdok0cmgd/student/zaj11PtrCStringVector/build/bin/unit_tests)
==164==  Address 0x4df0090 is 0 bytes inside a block of size 48 alloc'd
==164==    at 0x484A2F3: operator new[](unsigned long) (in /usr/libexec/valgrind/vgpreload_memcheck-amd64-linux.so)
==164==    by 0x121D9E: PtrCStringVector::reserve(unsigned long) (in /tmp/tmpdok0cmgd/student/zaj11PtrCStringVector/build/bin/unit_tests)
==164==    by 0x121884: PtrCStringVector::push_back(char const*) (in /tmp/tmpdok0cmgd/student/zaj11PtrCStringVector/build/bin/unit_tests)
==164==    by 0x116204: PtrCStringVectorTester_copyConstructor_textsDeeplyCopied_Test::TestBody() (in /tmp/tmpdok0cmgd/student/zaj11PtrCStringVector/build/bin/unit_tests)
==164==    by 0x162B9E: void testing::internal::HandleSehExceptionsInMethodIfSupported<testing::Test, void>(testing::Test*, void (testing::Test::*)(), char const*) (in /tmp/tmpdok0cmgd/student/zaj11PtrCStringVector/build/bin/unit_tests)
==164==    by 0x15AEE2: void testing::internal::HandleExceptionsInMethodIfSupported<testing::Test, void>(testing::Test*, void (testing::Test::*)(), char const*) (in /tmp/tmpdok0cmgd/student/zaj11PtrCStringVector/build/bin/unit_tests)
==164==    by 0x1359A7: testing::Test::Run() (in /tmp/tmpdok0cmgd/student/zaj11PtrCStringVector/build/bin/unit_tests)
==164==    by 0x1364C2: testing::TestInfo::Run() (in /tmp/tmpdok0cmgd/student/zaj11PtrCStringVector/build/bin/unit_tests)
==164==    by 0x136E00: testing::TestSuite::Run() (in /tmp/tmpdok0cmgd/student/zaj11PtrCStringVector/build/bin/unit_tests)
==164==    by 0x1471B0: testing::internal::UnitTestImpl::RunAllTests() (in /tmp/tmpdok0cmgd/student/zaj11PtrCStringVector/build/bin/unit_tests)
==164==    by 0x163C45: bool testing::internal::HandleSehExceptionsInMethodIfSupported<testing::internal::UnitTestImpl, bool>(testing::internal::UnitTestImpl*, bool (testing::internal::UnitTestImpl::*)(), char const*) (in /tmp/tmpdok0cmgd/student/zaj11PtrCStringVector/build/bin/unit_tests)
==164==    by 0x15C0C8: bool testing::internal::HandleExceptionsInMethodIfSupported<testing::internal::UnitTestImpl, bool>(testing::internal::UnitTestImpl*, bool (testing::internal::UnitTestImpl::*)(), char const*) (in /tmp/tmpdok0cmgd/student/zaj11PtrCStringVector/build/bin/unit_tests)
==164== 
[       OK ] PtrCStringVectorTester.copyConstructor_textsDeeplyCopied (8 ms)
[ RUN      ] PtrCStringVectorTester.assignmentOperator_copyingContainerDeeply
==164== Mismatched free() / delete / delete []
==164==    at 0x484BB6F: operator delete(void*, unsigned long) (in /usr/libexec/valgrind/vgpreload_memcheck-amd64-linux.so)
==164==    by 0x121D33: PtrCStringVector::free() (in /tmp/tmpdok0cmgd/student/zaj11PtrCStringVector/build/bin/unit_tests)
==164==    by 0x121759: PtrCStringVector::~PtrCStringVector() (in /tmp/tmpdok0cmgd/student/zaj11PtrCStringVector/build/bin/unit_tests)
==164==    by 0x1171DF: PtrCStringVectorTester_assignmentOperator_copyingContainerDeeply_Test::TestBody() (in /tmp/tmpdok0cmgd/student/zaj11PtrCStringVector/build/bin/unit_tests)
==164==    by 0x162B9E: void testing::internal::HandleSehExceptionsInMethodIfSupported<testing::Test, void>(testing::Test*, void (testing::Test::*)(), char const*) (in /tmp/tmpdok0cmgd/student/zaj11PtrCStringVector/build/bin/unit_tests)
==164==    by 0x15AEE2: void testing::internal::HandleExceptionsInMethodIfSupported<testing::Test, void>(testing::Test*, void (testing::Test::*)(), char const*) (in /tmp/tmpdok0cmgd/student/zaj11PtrCStringVector/build/bin/unit_tests)
==164==    by 0x1359A7: testing::Test::Run() (in /tmp/tmpdok0cmgd/student/zaj11PtrCStringVector/build/bin/unit_tests)
==164==    by 0x1364C2: testing::TestInfo::Run() (in /tmp/tmpdok0cmgd/student/zaj11PtrCStringVector/build/bin/unit_tests)
==164==    by 0x136E00: testing::TestSuite::Run() (in /tmp/tmpdok0cmgd/student/zaj11PtrCStringVector/build/bin/unit_tests)
==164==    by 0x1471B0: testing::internal::UnitTestImpl::RunAllTests() (in /tmp/tmpdok0cmgd/student/zaj11PtrCStringVector/build/bin/unit_tests)
==164==    by 0x163C45: bool testing::internal::HandleSehExceptionsInMethodIfSupported<testing::internal::UnitTestImpl, bool>(testing::internal::UnitTestImpl*, bool (testing::internal::UnitTestImpl::*)(), char const*) (in /tmp/tmpdok0cmgd/student/zaj11PtrCStringVector/build/bin/unit_tests)
==164==    by 0x15C0C8: bool testing::internal::HandleExceptionsInMethodIfSupported<testing::internal::UnitTestImpl, bool>(testing::internal::UnitTestImpl*, bool (testing::internal::UnitTestImpl::*)(), char const*) (in /tmp/tmpdok0cmgd/student/zaj11PtrCStringVector/build/bin/unit_tests)
==164==  Address 0x4df1000 is 0 bytes inside a block of size 48 alloc'd
==164==    at 0x484A2F3: operator new[](unsigned long) (in /usr/libexec/valgrind/vgpreload_memcheck-amd64-linux.so)
==164==    by 0x121D9E: PtrCStringVector::reserve(unsigned long) (in /tmp/tmpdok0cmgd/student/zaj11PtrCStringVector/build/bin/unit_tests)
==164==    by 0x121884: PtrCStringVector::push_back(char const*) (in /tmp/tmpdok0cmgd/student/zaj11PtrCStringVector/build/bin/unit_tests)
==164==    by 0x1217AC: PtrCStringVector::operator=(PtrCStringVector const&) (in /tmp/tmpdok0cmgd/student/zaj11PtrCStringVector/build/bin/unit_tests)
==164==    by 0x116E46: PtrCStringVectorTester_assignmentOperator_copyingContainerDeeply_Test::TestBody() (in /tmp/tmpdok0cmgd/student/zaj11PtrCStringVector/build/bin/unit_tests)
==164==    by 0x162B9E: void testing::internal::HandleSehExceptionsInMethodIfSupported<testing::Test, void>(testing::Test*, void (testing::Test::*)(), char const*) (in /tmp/tmpdok0cmgd/student/zaj11PtrCStringVector/build/bin/unit_tests)
==164==    by 0x15AEE2: void testing::internal::HandleExceptionsInMethodIfSupported<testing::Test, void>(testing::Test*, void (testing::Test::*)(), char const*) (in /tmp/tmpdok0cmgd/student/zaj11PtrCStringVector/build/bin/unit_tests)
==164==    by 0x1359A7: testing::Test::Run() (in /tmp/tmpdok0cmgd/student/zaj11PtrCStringVector/build/bin/unit_tests)
==164==    by 0x1364C2: testing::TestInfo::Run() (in /tmp/tmpdok0cmgd/student/zaj11PtrCStringVector/build/bin/unit_tests)
==164==    by 0x136E00: testing::TestSuite::Run() (in /tmp/tmpdok0cmgd/student/zaj11PtrCStringVector/build/bin/unit_tests)
==164==    by 0x1471B0: testing::internal::UnitTestImpl::RunAllTests() (in /tmp/tmpdok0cmgd/student/zaj11PtrCStringVector/build/bin/unit_tests)
==164==    by 0x163C45: bool testing::internal::HandleSehExceptionsInMethodIfSupported<testing::internal::UnitTestImpl, bool>(testing::internal::UnitTestImpl*, bool (testing::internal::UnitTestImpl::*)(), char const*) (in /tmp/tmpdok0cmgd/student/zaj11PtrCStringVector/build/bin/unit_tests)
==164== 
==164== Mismatched free() / delete / delete []
==164==    at 0x484BB6F: operator delete(void*, unsigned long) (in /usr/libexec/valgrind/vgpreload_memcheck-amd64-linux.so)
==164==    by 0x121D33: PtrCStringVector::free() (in /tmp/tmpdok0cmgd/student/zaj11PtrCStringVector/build/bin/unit_tests)
==164==    by 0x121759: PtrCStringVector::~PtrCStringVector() (in /tmp/tmpdok0cmgd/student/zaj11PtrCStringVector/build/bin/unit_tests)
==164==    by 0x117372: PtrCStringVectorTester_assignmentOperator_copyingContainerDeeply_Test::TestBody() (in /tmp/tmpdok0cmgd/student/zaj11PtrCStringVector/build/bin/unit_tests)
==164==    by 0x162B9E: void testing::internal::HandleSehExceptionsInMethodIfSupported<testing::Test, void>(testing::Test*, void (testing::Test::*)(), char const*) (in /tmp/tmpdok0cmgd/student/zaj11PtrCStringVector/build/bin/unit_tests)
==164==    by 0x15AEE2: void testing::internal::HandleExceptionsInMethodIfSupported<testing::Test, void>(testing::Test*, void (testing::Test::*)(), char const*) (in /tmp/tmpdok0cmgd/student/zaj11PtrCStringVector/build/bin/unit_tests)
==164==    by 0x1359A7: testing::Test::Run() (in /tmp/tmpdok0cmgd/student/zaj11PtrCStringVector/build/bin/unit_tests)
==164==    by 0x1364C2: testing::TestInfo::Run() (in /tmp/tmpdok0cmgd/student/zaj11PtrCStringVector/build/bin/unit_tests)
==164==    by 0x136E00: testing::TestSuite::Run() (in /tmp/tmpdok0cmgd/student/zaj11PtrCStringVector/build/bin/unit_tests)
==164==    by 0x1471B0: testing::internal::UnitTestImpl::RunAllTests() (in /tmp/tmpdok0cmgd/student/zaj11PtrCStringVector/build/bin/unit_tests)
==164==    by 0x163C45: bool testing::internal::HandleSehExceptionsInMethodIfSupported<testing::internal::UnitTestImpl, bool>(testing::internal::UnitTestImpl*, bool (testing::internal::UnitTestImpl::*)(), char const*) (in /tmp/tmpdok0cmgd/student/zaj11PtrCStringVector/build/bin/unit_tests)
==164==    by 0x15C0C8: bool testing::internal::HandleExceptionsInMethodIfSupported<testing::internal::UnitTestImpl, bool>(testing::internal::UnitTestImpl*, bool (testing::internal::UnitTestImpl::*)(), char const*) (in /tmp/tmpdok0cmgd/student/zaj11PtrCStringVector/build/bin/unit_tests)
==164==  Address 0x4df0cc0 is 0 bytes inside a block of size 48 alloc'd
==164==    at 0x484A2F3: operator new[](unsigned long) (in /usr/libexec/valgrind/vgpreload_memcheck-amd64-linux.so)
==164==    by 0x121D9E: PtrCStringVector::reserve(unsigned long) (in /tmp/tmpdok0cmgd/student/zaj11PtrCStringVector/build/bin/unit_tests)
==164==    by 0x121884: PtrCStringVector::push_back(char const*) (in /tmp/tmpdok0cmgd/student/zaj11PtrCStringVector/build/bin/unit_tests)
==164==    by 0x116D09: PtrCStringVectorTester_assignmentOperator_copyingContainerDeeply_Test::TestBody() (in /tmp/tmpdok0cmgd/student/zaj11PtrCStringVector/build/bin/unit_tests)
==164==    by 0x162B9E: void testing::internal::HandleSehExceptionsInMethodIfSupported<testing::Test, void>(testing::Test*, void (testing::Test::*)(), char const*) (in /tmp/tmpdok0cmgd/student/zaj11PtrCStringVector/build/bin/unit_tests)
==164==    by 0x15AEE2: void testing::internal::HandleExceptionsInMethodIfSupported<testing::Test, void>(testing::Test*, void (testing::Test::*)(), char const*) (in /tmp/tmpdok0cmgd/student/zaj11PtrCStringVector/build/bin/unit_tests)
==164==    by 0x1359A7: testing::Test::Run() (in /tmp/tmpdok0cmgd/student/zaj11PtrCStringVector/build/bin/unit_tests)
==164==    by 0x1364C2: testing::TestInfo::Run() (in /tmp/tmpdok0cmgd/student/zaj11PtrCStringVector/build/bin/unit_tests)
==164==    by 0x136E00: testing::TestSuite::Run() (in /tmp/tmpdok0cmgd/student/zaj11PtrCStringVector/build/bin/unit_tests)
==164==    by 0x1471B0: testing::internal::UnitTestImpl::RunAllTests() (in /tmp/tmpdok0cmgd/student/zaj11PtrCStringVector/build/bin/unit_tests)
==164==    by 0x163C45: bool testing::internal::HandleSehExceptionsInMethodIfSupported<testing::internal::UnitTestImpl, bool>(testing::internal::UnitTestImpl*, bool (testing::internal::UnitTestImpl::*)(), char const*) (in /tmp/tmpdok0cmgd/student/zaj11PtrCStringVector/build/bin/unit_tests)
==164==    by 0x15C0C8: bool testing::internal::HandleExceptionsInMethodIfSupported<testing::internal::UnitTestImpl, bool>(testing::internal::UnitTestImpl*, bool (testing::internal::UnitTestImpl::*)(), char const*) (in /tmp/tmpdok0cmgd/student/zaj11PtrCStringVector/build/bin/unit_tests)
==164== 
[       OK ] PtrCStringVectorTester.assignmentOperator_copyingContainerDeeply (7 ms)
[ RUN      ] PtrCStringVectorTester.assignmentOperator_assignmentCascadeAtOnceExpectingDeepCopyMultipleTimesEvenWithItselve
==164== Mismatched free() / delete / delete []
==164==    at 0x484BB6F: operator delete(void*, unsigned long) (in /usr/libexec/valgrind/vgpreload_memcheck-amd64-linux.so)
==164==    by 0x121D33: PtrCStringVector::free() (in /tmp/tmpdok0cmgd/student/zaj11PtrCStringVector/build/bin/unit_tests)
==164==    by 0x12177D: PtrCStringVector::operator=(PtrCStringVector const&) (in /tmp/tmpdok0cmgd/student/zaj11PtrCStringVector/build/bin/unit_tests)
==164==    by 0x117688: PtrCStringVectorTester_assignmentOperator_assignmentCascadeAtOnceExpectingDeepCopyMultipleTimesEvenWithItselve_Test::TestBody() (in /tmp/tmpdok0cmgd/student/zaj11PtrCStringVector/build/bin/unit_tests)
==164==    by 0x162B9E: void testing::internal::HandleSehExceptionsInMethodIfSupported<testing::Test, void>(testing::Test*, void (testing::Test::*)(), char const*) (in /tmp/tmpdok0cmgd/student/zaj11PtrCStringVector/build/bin/unit_tests)
==164==    by 0x15AEE2: void testing::internal::HandleExceptionsInMethodIfSupported<testing::Test, void>(testing::Test*, void (testing::Test::*)(), char const*) (in /tmp/tmpdok0cmgd/student/zaj11PtrCStringVector/build/bin/unit_tests)
==164==    by 0x1359A7: testing::Test::Run() (in /tmp/tmpdok0cmgd/student/zaj11PtrCStringVector/build/bin/unit_tests)
==164==    by 0x1364C2: testing::TestInfo::Run() (in /tmp/tmpdok0cmgd/student/zaj11PtrCStringVector/build/bin/unit_tests)
==164==    by 0x136E00: testing::TestSuite::Run() (in /tmp/tmpdok0cmgd/student/zaj11PtrCStringVector/build/bin/unit_tests)
==164==    by 0x1471B0: testing::internal::UnitTestImpl::RunAllTests() (in /tmp/tmpdok0cmgd/student/zaj11PtrCStringVector/build/bin/unit_tests)
==164==    by 0x163C45: bool testing::internal::HandleSehExceptionsInMethodIfSupported<testing::internal::UnitTestImpl, bool>(testing::internal::UnitTestImpl*, bool (testing::internal::UnitTestImpl::*)(), char const*) (in /tmp/tmpdok0cmgd/student/zaj11PtrCStringVector/build/bin/unit_tests)
==164==    by 0x15C0C8: bool testing::internal::HandleExceptionsInMethodIfSupported<testing::internal::UnitTestImpl, bool>(testing::internal::UnitTestImpl*, bool (testing::internal::UnitTestImpl::*)(), char const*) (in /tmp/tmpdok0cmgd/student/zaj11PtrCStringVector/build/bin/unit_tests)
==164==  Address 0x4df16a0 is 0 bytes inside a block of size 48 alloc'd
==164==    at 0x484A2F3: operator new[](unsigned long) (in /usr/libexec/valgrind/vgpreload_memcheck-amd64-linux.so)
==164==    by 0x121D9E: PtrCStringVector::reserve(unsigned long) (in /tmp/tmpdok0cmgd/student/zaj11PtrCStringVector/build/bin/unit_tests)
==164==    by 0x121884: PtrCStringVector::push_back(char const*) (in /tmp/tmpdok0cmgd/student/zaj11PtrCStringVector/build/bin/unit_tests)
==164==    by 0x11762A: PtrCStringVectorTester_assignmentOperator_assignmentCascadeAtOnceExpectingDeepCopyMultipleTimesEvenWithItselve_Test::TestBody() (in /tmp/tmpdok0cmgd/student/zaj11PtrCStringVector/build/bin/unit_tests)
==164==    by 0x162B9E: void testing::internal::HandleSehExceptionsInMethodIfSupported<testing::Test, void>(testing::Test*, void (testing::Test::*)(), char const*) (in /tmp/tmpdok0cmgd/student/zaj11PtrCStringVector/build/bin/unit_tests)
==164==    by 0x15AEE2: void testing::internal::HandleExceptionsInMethodIfSupported<testing::Test, void>(testing::Test*, void (testing::Test::*)(), char const*) (in /tmp/tmpdok0cmgd/student/zaj11PtrCStringVector/build/bin/unit_tests)
==164==    by 0x1359A7: testing::Test::Run() (in /tmp/tmpdok0cmgd/student/zaj11PtrCStringVector/build/bin/unit_tests)
==164==    by 0x1364C2: testing::TestInfo::Run() (in /tmp/tmpdok0cmgd/student/zaj11PtrCStringVector/build/bin/unit_tests)
==164==    by 0x136E00: testing::TestSuite::Run() (in /tmp/tmpdok0cmgd/student/zaj11PtrCStringVector/build/bin/unit_tests)
==164==    by 0x1471B0: testing::internal::UnitTestImpl::RunAllTests() (in /tmp/tmpdok0cmgd/student/zaj11PtrCStringVector/build/bin/unit_tests)
==164==    by 0x163C45: bool testing::internal::HandleSehExceptionsInMethodIfSupported<testing::internal::UnitTestImpl, bool>(testing::internal::UnitTestImpl*, bool (testing::internal::UnitTestImpl::*)(), char const*) (in /tmp/tmpdok0cmgd/student/zaj11PtrCStringVector/build/bin/unit_tests)
==164==    by 0x15C0C8: bool testing::internal::HandleExceptionsInMethodIfSupported<testing::internal::UnitTestImpl, bool>(testing::internal::UnitTestImpl*, bool (testing::internal::UnitTestImpl::*)(), char const*) (in /tmp/tmpdok0cmgd/student/zaj11PtrCStringVector/build/bin/unit_tests)
==164== 
==164== Mismatched free() / delete / delete []
==164==    at 0x484BB6F: operator delete(void*, unsigned long) (in /usr/libexec/valgrind/vgpreload_memcheck-amd64-linux.so)
==164==    by 0x121D33: PtrCStringVector::free() (in /tmp/tmpdok0cmgd/student/zaj11PtrCStringVector/build/bin/unit_tests)
==164==    by 0x121759: PtrCStringVector::~PtrCStringVector() (in /tmp/tmpdok0cmgd/student/zaj11PtrCStringVector/build/bin/unit_tests)
==164==    by 0x117B4B: PtrCStringVectorTester_assignmentOperator_assignmentCascadeAtOnceExpectingDeepCopyMultipleTimesEvenWithItselve_Test::TestBody() (in /tmp/tmpdok0cmgd/student/zaj11PtrCStringVector/build/bin/unit_tests)
==164==    by 0x162B9E: void testing::internal::HandleSehExceptionsInMethodIfSupported<testing::Test, void>(testing::Test*, void (testing::Test::*)(), char const*) (in /tmp/tmpdok0cmgd/student/zaj11PtrCStringVector/build/bin/unit_tests)
==164==    by 0x15AEE2: void testing::internal::HandleExceptionsInMethodIfSupported<testing::Test, void>(testing::Test*, void (testing::Test::*)(), char const*) (in /tmp/tmpdok0cmgd/student/zaj11PtrCStringVector/build/bin/unit_tests)
==164==    by 0x1359A7: testing::Test::Run() (in /tmp/tmpdok0cmgd/student/zaj11PtrCStringVector/build/bin/unit_tests)
==164==    by 0x1364C2: testing::TestInfo::Run() (in /tmp/tmpdok0cmgd/student/zaj11PtrCStringVector/build/bin/unit_tests)
==164==    by 0x136E00: testing::TestSuite::Run() (in /tmp/tmpdok0cmgd/student/zaj11PtrCStringVector/build/bin/unit_tests)
==164==    by 0x1471B0: testing::internal::UnitTestImpl::RunAllTests() (in /tmp/tmpdok0cmgd/student/zaj11PtrCStringVector/build/bin/unit_tests)
==164==    by 0x163C45: bool testing::internal::HandleSehExceptionsInMethodIfSupported<testing::internal::UnitTestImpl, bool>(testing::internal::UnitTestImpl*, bool (testing::internal::UnitTestImpl::*)(), char const*) (in /tmp/tmpdok0cmgd/student/zaj11PtrCStringVector/build/bin/unit_tests)
==164==    by 0x15C0C8: bool testing::internal::HandleExceptionsInMethodIfSupported<testing::internal::UnitTestImpl, bool>(testing::internal::UnitTestImpl*, bool (testing::internal::UnitTestImpl::*)(), char const*) (in /tmp/tmpdok0cmgd/student/zaj11PtrCStringVector/build/bin/unit_tests)
==164==  Address 0x4df1a70 is 0 bytes inside a block of size 48 alloc'd
==164==    at 0x484A2F3: operator new[](unsigned long) (in /usr/libexec/valgrind/vgpreload_memcheck-amd64-linux.so)
==164==    by 0x121D9E: PtrCStringVector::reserve(unsigned long) (in /tmp/tmpdok0cmgd/student/zaj11PtrCStringVector/build/bin/unit_tests)
==164==    by 0x121884: PtrCStringVector::push_back(char const*) (in /tmp/tmpdok0cmgd/student/zaj11PtrCStringVector/build/bin/unit_tests)
==164==    by 0x1217AC: PtrCStringVector::operator=(PtrCStringVector const&) (in /tmp/tmpdok0cmgd/student/zaj11PtrCStringVector/build/bin/unit_tests)
==164==    by 0x11765E: PtrCStringVectorTester_assignmentOperator_assignmentCascadeAtOnceExpectingDeepCopyMultipleTimesEvenWithItselve_Test::TestBody() (in /tmp/tmpdok0cmgd/student/zaj11PtrCStringVector/build/bin/unit_tests)
==164==    by 0x162B9E: void testing::internal::HandleSehExceptionsInMethodIfSupported<testing::Test, void>(testing::Test*, void (testing::Test::*)(), char const*) (in /tmp/tmpdok0cmgd/student/zaj11PtrCStringVector/build/bin/unit_tests)
==164==    by 0x15AEE2: void testing::internal::HandleExceptionsInMethodIfSupported<testing::Test, void>(testing::Test*, void (testing::Test::*)(), char const*) (in /tmp/tmpdok0cmgd/student/zaj11PtrCStringVector/build/bin/unit_tests)
==164==    by 0x1359A7: testing::Test::Run() (in /tmp/tmpdok0cmgd/student/zaj11PtrCStringVector/build/bin/unit_tests)
==164==    by 0x1364C2: testing::TestInfo::Run() (in /tmp/tmpdok0cmgd/student/zaj11PtrCStringVector/build/bin/unit_tests)
==164==    by 0x136E00: testing::TestSuite::Run() (in /tmp/tmpdok0cmgd/student/zaj11PtrCStringVector/build/bin/unit_tests)
==164==    by 0x1471B0: testing::internal::UnitTestImpl::RunAllTests() (in /tmp/tmpdok0cmgd/student/zaj11PtrCStringVector/build/bin/unit_tests)
==164==    by 0x163C45: bool testing::internal::HandleSehExceptionsInMethodIfSupported<testing::internal::UnitTestImpl, bool>(testing::internal::UnitTestImpl*, bool (testing::internal::UnitTestImpl::*)(), char const*) (in /tmp/tmpdok0cmgd/student/zaj11PtrCStringVector/build/bin/unit_tests)
==164== 
==164== Mismatched free() / delete / delete []
==164==    at 0x484BB6F: operator delete(void*, unsigned long) (in /usr/libexec/valgrind/vgpreload_memcheck-amd64-linux.so)
==164==    by 0x121D33: PtrCStringVector::free() (in /tmp/tmpdok0cmgd/student/zaj11PtrCStringVector/build/bin/unit_tests)
==164==    by 0x121759: PtrCStringVector::~PtrCStringVector() (in /tmp/tmpdok0cmgd/student/zaj11PtrCStringVector/build/bin/unit_tests)
==164==    by 0x117B6B: PtrCStringVectorTester_assignmentOperator_assignmentCascadeAtOnceExpectingDeepCopyMultipleTimesEvenWithItselve_Test::TestBody() (in /tmp/tmpdok0cmgd/student/zaj11PtrCStringVector/build/bin/unit_tests)
==164==    by 0x162B9E: void testing::internal::HandleSehExceptionsInMethodIfSupported<testing::Test, void>(testing::Test*, void (testing::Test::*)(), char const*) (in /tmp/tmpdok0cmgd/student/zaj11PtrCStringVector/build/bin/unit_tests)
==164==    by 0x15AEE2: void testing::internal::HandleExceptionsInMethodIfSupported<testing::Test, void>(testing::Test*, void (testing::Test::*)(), char const*) (in /tmp/tmpdok0cmgd/student/zaj11PtrCStringVector/build/bin/unit_tests)
==164==    by 0x1359A7: testing::Test::Run() (in /tmp/tmpdok0cmgd/student/zaj11PtrCStringVector/build/bin/unit_tests)
==164==    by 0x1364C2: testing::TestInfo::Run() (in /tmp/tmpdok0cmgd/student/zaj11PtrCStringVector/build/bin/unit_tests)
==164==    by 0x136E00: testing::TestSuite::Run() (in /tmp/tmpdok0cmgd/student/zaj11PtrCStringVector/build/bin/unit_tests)
==164==    by 0x1471B0: testing::internal::UnitTestImpl::RunAllTests() (in /tmp/tmpdok0cmgd/student/zaj11PtrCStringVector/build/bin/unit_tests)
==164==    by 0x163C45: bool testing::internal::HandleSehExceptionsInMethodIfSupported<testing::internal::UnitTestImpl, bool>(testing::internal::UnitTestImpl*, bool (testing::internal::UnitTestImpl::*)(), char const*) (in /tmp/tmpdok0cmgd/student/zaj11PtrCStringVector/build/bin/unit_tests)
==164==    by 0x15C0C8: bool testing::internal::HandleExceptionsInMethodIfSupported<testing::internal::UnitTestImpl, bool>(testing::internal::UnitTestImpl*, bool (testing::internal::UnitTestImpl::*)(), char const*) (in /tmp/tmpdok0cmgd/student/zaj11PtrCStringVector/build/bin/unit_tests)
==164==  Address 0x4df1e40 is 0 bytes inside a block of size 48 alloc'd
==164==    at 0x484A2F3: operator new[](unsigned long) (in /usr/libexec/valgrind/vgpreload_memcheck-amd64-linux.so)
==164==    by 0x121D9E: PtrCStringVector::reserve(unsigned long) (in /tmp/tmpdok0cmgd/student/zaj11PtrCStringVector/build/bin/unit_tests)
==164==    by 0x121884: PtrCStringVector::push_back(char const*) (in /tmp/tmpdok0cmgd/student/zaj11PtrCStringVector/build/bin/unit_tests)
==164==    by 0x1217AC: PtrCStringVector::operator=(PtrCStringVector const&) (in /tmp/tmpdok0cmgd/student/zaj11PtrCStringVector/build/bin/unit_tests)
==164==    by 0x117673: PtrCStringVectorTester_assignmentOperator_assignmentCascadeAtOnceExpectingDeepCopyMultipleTimesEvenWithItselve_Test::TestBody() (in /tmp/tmpdok0cmgd/student/zaj11PtrCStringVector/build/bin/unit_tests)
==164==    by 0x162B9E: void testing::internal::HandleSehExceptionsInMethodIfSupported<testing::Test, void>(testing::Test*, void (testing::Test::*)(), char const*) (in /tmp/tmpdok0cmgd/student/zaj11PtrCStringVector/build/bin/unit_tests)
==164==    by 0x15AEE2: void testing::internal::HandleExceptionsInMethodIfSupported<testing::Test, void>(testing::Test*, void (testing::Test::*)(), char const*) (in /tmp/tmpdok0cmgd/student/zaj11PtrCStringVector/build/bin/unit_tests)
==164==    by 0x1359A7: testing::Test::Run() (in /tmp/tmpdok0cmgd/student/zaj11PtrCStringVector/build/bin/unit_tests)
==164==    by 0x1364C2: testing::TestInfo::Run() (in /tmp/tmpdok0cmgd/student/zaj11PtrCStringVector/build/bin/unit_tests)
==164==    by 0x136E00: testing::TestSuite::Run() (in /tmp/tmpdok0cmgd/student/zaj11PtrCStringVector/build/bin/unit_tests)
==164==    by 0x1471B0: testing::internal::UnitTestImpl::RunAllTests() (in /tmp/tmpdok0cmgd/student/zaj11PtrCStringVector/build/bin/unit_tests)
==164==    by 0x163C45: bool testing::internal::HandleSehExceptionsInMethodIfSupported<testing::internal::UnitTestImpl, bool>(testing::internal::UnitTestImpl*, bool (testing::internal::UnitTestImpl::*)(), char const*) (in /tmp/tmpdok0cmgd/student/zaj11PtrCStringVector/build/bin/unit_tests)
==164== 
==164== Mismatched free() / delete / delete []
==164==    at 0x484BB6F: operator delete(void*, unsigned long) (in /usr/libexec/valgrind/vgpreload_memcheck-amd64-linux.so)
==164==    by 0x121D33: PtrCStringVector::free() (in /tmp/tmpdok0cmgd/student/zaj11PtrCStringVector/build/bin/unit_tests)
==164==    by 0x121759: PtrCStringVector::~PtrCStringVector() (in /tmp/tmpdok0cmgd/student/zaj11PtrCStringVector/build/bin/unit_tests)
==164==    by 0x117B8B: PtrCStringVectorTester_assignmentOperator_assignmentCascadeAtOnceExpectingDeepCopyMultipleTimesEvenWithItselve_Test::TestBody() (in /tmp/tmpdok0cmgd/student/zaj11PtrCStringVector/build/bin/unit_tests)
==164==    by 0x162B9E: void testing::internal::HandleSehExceptionsInMethodIfSupported<testing::Test, void>(testing::Test*, void (testing::Test::*)(), char const*) (in /tmp/tmpdok0cmgd/student/zaj11PtrCStringVector/build/bin/unit_tests)
==164==    by 0x15AEE2: void testing::internal::HandleExceptionsInMethodIfSupported<testing::Test, void>(testing::Test*, void (testing::Test::*)(), char const*) (in /tmp/tmpdok0cmgd/student/zaj11PtrCStringVector/build/bin/unit_tests)
==164==    by 0x1359A7: testing::Test::Run() (in /tmp/tmpdok0cmgd/student/zaj11PtrCStringVector/build/bin/unit_tests)
==164==    by 0x1364C2: testing::TestInfo::Run() (in /tmp/tmpdok0cmgd/student/zaj11PtrCStringVector/build/bin/unit_tests)
==164==    by 0x136E00: testing::TestSuite::Run() (in /tmp/tmpdok0cmgd/student/zaj11PtrCStringVector/build/bin/unit_tests)
==164==    by 0x1471B0: testing::internal::UnitTestImpl::RunAllTests() (in /tmp/tmpdok0cmgd/student/zaj11PtrCStringVector/build/bin/unit_tests)
==164==    by 0x163C45: bool testing::internal::HandleSehExceptionsInMethodIfSupported<testing::internal::UnitTestImpl, bool>(testing::internal::UnitTestImpl*, bool (testing::internal::UnitTestImpl::*)(), char const*) (in /tmp/tmpdok0cmgd/student/zaj11PtrCStringVector/build/bin/unit_tests)
==164==    by 0x15C0C8: bool testing::internal::HandleExceptionsInMethodIfSupported<testing::internal::UnitTestImpl, bool>(testing::internal::UnitTestImpl*, bool (testing::internal::UnitTestImpl::*)(), char const*) (in /tmp/tmpdok0cmgd/student/zaj11PtrCStringVector/build/bin/unit_tests)
==164==  Address 0x4df2210 is 0 bytes inside a block of size 48 alloc'd
==164==    at 0x484A2F3: operator new[](unsigned long) (in /usr/libexec/valgrind/vgpreload_memcheck-amd64-linux.so)
==164==    by 0x121D9E: PtrCStringVector::reserve(unsigned long) (in /tmp/tmpdok0cmgd/student/zaj11PtrCStringVector/build/bin/unit_tests)
==164==    by 0x121884: PtrCStringVector::push_back(char const*) (in /tmp/tmpdok0cmgd/student/zaj11PtrCStringVector/build/bin/unit_tests)
==164==    by 0x1217AC: PtrCStringVector::operator=(PtrCStringVector const&) (in /tmp/tmpdok0cmgd/student/zaj11PtrCStringVector/build/bin/unit_tests)
==164==    by 0x117688: PtrCStringVectorTester_assignmentOperator_assignmentCascadeAtOnceExpectingDeepCopyMultipleTimesEvenWithItselve_Test::TestBody() (in /tmp/tmpdok0cmgd/student/zaj11PtrCStringVector/build/bin/unit_tests)
==164==    by 0x162B9E: void testing::internal::HandleSehExceptionsInMethodIfSupported<testing::Test, void>(testing::Test*, void (testing::Test::*)(), char const*) (in /tmp/tmpdok0cmgd/student/zaj11PtrCStringVector/build/bin/unit_tests)
==164==    by 0x15AEE2: void testing::internal::HandleExceptionsInMethodIfSupported<testing::Test, void>(testing::Test*, void (testing::Test::*)(), char const*) (in /tmp/tmpdok0cmgd/student/zaj11PtrCStringVector/build/bin/unit_tests)
==164==    by 0x1359A7: testing::Test::Run() (in /tmp/tmpdok0cmgd/student/zaj11PtrCStringVector/build/bin/unit_tests)
==164==    by 0x1364C2: testing::TestInfo::Run() (in /tmp/tmpdok0cmgd/student/zaj11PtrCStringVector/build/bin/unit_tests)
==164==    by 0x136E00: testing::TestSuite::Run() (in /tmp/tmpdok0cmgd/student/zaj11PtrCStringVector/build/bin/unit_tests)
==164==    by 0x1471B0: testing::internal::UnitTestImpl::RunAllTests() (in /tmp/tmpdok0cmgd/student/zaj11PtrCStringVector/build/bin/unit_tests)
==164==    by 0x163C45: bool testing::internal::HandleSehExceptionsInMethodIfSupported<testing::internal::UnitTestImpl, bool>(testing::internal::UnitTestImpl*, bool (testing::internal::UnitTestImpl::*)(), char const*) (in /tmp/tmpdok0cmgd/student/zaj11PtrCStringVector/build/bin/unit_tests)
==164== 
[       OK ] PtrCStringVectorTester.assignmentOperator_assignmentCascadeAtOnceExpectingDeepCopyMultipleTimesEvenWithItselve (6 ms)
[ RUN      ] PtrCStringVectorTester.assignmentOperator_movingTextFromAnotherContainer
==164== Mismatched free() / delete / delete []
==164==    at 0x484BB6F: operator delete(void*, unsigned long) (in /usr/libexec/valgrind/vgpreload_memcheck-amd64-linux.so)
==164==    by 0x121D33: PtrCStringVector::free() (in /tmp/tmpdok0cmgd/student/zaj11PtrCStringVector/build/bin/unit_tests)
==164==    by 0x12183A: PtrCStringVector::operator=(PtrCStringVector&&) (in /tmp/tmpdok0cmgd/student/zaj11PtrCStringVector/build/bin/unit_tests)
==164==    by 0x11804F: PtrCStringVectorTester_assignmentOperator_movingTextFromAnotherContainer_Test::TestBody() (in /tmp/tmpdok0cmgd/student/zaj11PtrCStringVector/build/bin/unit_tests)
==164==    by 0x162B9E: void testing::internal::HandleSehExceptionsInMethodIfSupported<testing::Test, void>(testing::Test*, void (testing::Test::*)(), char const*) (in /tmp/tmpdok0cmgd/student/zaj11PtrCStringVector/build/bin/unit_tests)
==164==    by 0x15AEE2: void testing::internal::HandleExceptionsInMethodIfSupported<testing::Test, void>(testing::Test*, void (testing::Test::*)(), char const*) (in /tmp/tmpdok0cmgd/student/zaj11PtrCStringVector/build/bin/unit_tests)
==164==    by 0x1359A7: testing::Test::Run() (in /tmp/tmpdok0cmgd/student/zaj11PtrCStringVector/build/bin/unit_tests)
==164==    by 0x1364C2: testing::TestInfo::Run() (in /tmp/tmpdok0cmgd/student/zaj11PtrCStringVector/build/bin/unit_tests)
==164==    by 0x136E00: testing::TestSuite::Run() (in /tmp/tmpdok0cmgd/student/zaj11PtrCStringVector/build/bin/unit_tests)
==164==    by 0x1471B0: testing::internal::UnitTestImpl::RunAllTests() (in /tmp/tmpdok0cmgd/student/zaj11PtrCStringVector/build/bin/unit_tests)
==164==    by 0x163C45: bool testing::internal::HandleSehExceptionsInMethodIfSupported<testing::internal::UnitTestImpl, bool>(testing::internal::UnitTestImpl*, bool (testing::internal::UnitTestImpl::*)(), char const*) (in /tmp/tmpdok0cmgd/student/zaj11PtrCStringVector/build/bin/unit_tests)
==164==    by 0x15C0C8: bool testing::internal::HandleExceptionsInMethodIfSupported<testing::internal::UnitTestImpl, bool>(testing::internal::UnitTestImpl*, bool (testing::internal::UnitTestImpl::*)(), char const*) (in /tmp/tmpdok0cmgd/student/zaj11PtrCStringVector/build/bin/unit_tests)
==164==  Address 0x4df2940 is 0 bytes inside a block of size 48 alloc'd
==164==    at 0x484A2F3: operator new[](unsigned long) (in /usr/libexec/valgrind/vgpreload_memcheck-amd64-linux.so)
==164==    by 0x121D9E: PtrCStringVector::reserve(unsigned long) (in /tmp/tmpdok0cmgd/student/zaj11PtrCStringVector/build/bin/unit_tests)
==164==    by 0x121884: PtrCStringVector::push_back(char const*) (in /tmp/tmpdok0cmgd/student/zaj11PtrCStringVector/build/bin/unit_tests)
==164==    by 0x117E01: PtrCStringVectorTester_assignmentOperator_movingTextFromAnotherContainer_Test::TestBody() (in /tmp/tmpdok0cmgd/student/zaj11PtrCStringVector/build/bin/unit_tests)
==164==    by 0x162B9E: void testing::internal::HandleSehExceptionsInMethodIfSupported<testing::Test, void>(testing::Test*, void (testing::Test::*)(), char const*) (in /tmp/tmpdok0cmgd/student/zaj11PtrCStringVector/build/bin/unit_tests)
==164==    by 0x15AEE2: void testing::internal::HandleExceptionsInMethodIfSupported<testing::Test, void>(testing::Test*, void (testing::Test::*)(), char const*) (in /tmp/tmpdok0cmgd/student/zaj11PtrCStringVector/build/bin/unit_tests)
==164==    by 0x1359A7: testing::Test::Run() (in /tmp/tmpdok0cmgd/student/zaj11PtrCStringVector/build/bin/unit_tests)
==164==    by 0x1364C2: testing::TestInfo::Run() (in /tmp/tmpdok0cmgd/student/zaj11PtrCStringVector/build/bin/unit_tests)
==164==    by 0x136E00: testing::TestSuite::Run() (in /tmp/tmpdok0cmgd/student/zaj11PtrCStringVector/build/bin/unit_tests)
==164==    by 0x1471B0: testing::internal::UnitTestImpl::RunAllTests() (in /tmp/tmpdok0cmgd/student/zaj11PtrCStringVector/build/bin/unit_tests)
==164==    by 0x163C45: bool testing::internal::HandleSehExceptionsInMethodIfSupported<testing::internal::UnitTestImpl, bool>(testing::internal::UnitTestImpl*, bool (testing::internal::UnitTestImpl::*)(), char const*) (in /tmp/tmpdok0cmgd/student/zaj11PtrCStringVector/build/bin/unit_tests)
==164==    by 0x15C0C8: bool testing::internal::HandleExceptionsInMethodIfSupported<testing::internal::UnitTestImpl, bool>(testing::internal::UnitTestImpl*, bool (testing::internal::UnitTestImpl::*)(), char const*) (in /tmp/tmpdok0cmgd/student/zaj11PtrCStringVector/build/bin/unit_tests)
==164== 
==164== Mismatched free() / delete / delete []
==164==    at 0x484BB6F: operator delete(void*, unsigned long) (in /usr/libexec/valgrind/vgpreload_memcheck-amd64-linux.so)
==164==    by 0x121D33: PtrCStringVector::free() (in /tmp/tmpdok0cmgd/student/zaj11PtrCStringVector/build/bin/unit_tests)
==164==    by 0x121759: PtrCStringVector::~PtrCStringVector() (in /tmp/tmpdok0cmgd/student/zaj11PtrCStringVector/build/bin/unit_tests)
==164==    by 0x11852B: PtrCStringVectorTester_assignmentOperator_movingTextFromAnotherContainer_Test::TestBody() (in /tmp/tmpdok0cmgd/student/zaj11PtrCStringVector/build/bin/unit_tests)
==164==    by 0x162B9E: void testing::internal::HandleSehExceptionsInMethodIfSupported<testing::Test, void>(testing::Test*, void (testing::Test::*)(), char const*) (in /tmp/tmpdok0cmgd/student/zaj11PtrCStringVector/build/bin/unit_tests)
==164==    by 0x15AEE2: void testing::internal::HandleExceptionsInMethodIfSupported<testing::Test, void>(testing::Test*, void (testing::Test::*)(), char const*) (in /tmp/tmpdok0cmgd/student/zaj11PtrCStringVector/build/bin/unit_tests)
==164==    by 0x1359A7: testing::Test::Run() (in /tmp/tmpdok0cmgd/student/zaj11PtrCStringVector/build/bin/unit_tests)
==164==    by 0x1364C2: testing::TestInfo::Run() (in /tmp/tmpdok0cmgd/student/zaj11PtrCStringVector/build/bin/unit_tests)
==164==    by 0x136E00: testing::TestSuite::Run() (in /tmp/tmpdok0cmgd/student/zaj11PtrCStringVector/build/bin/unit_tests)
==164==    by 0x1471B0: testing::internal::UnitTestImpl::RunAllTests() (in /tmp/tmpdok0cmgd/student/zaj11PtrCStringVector/build/bin/unit_tests)
==164==    by 0x163C45: bool testing::internal::HandleSehExceptionsInMethodIfSupported<testing::internal::UnitTestImpl, bool>(testing::internal::UnitTestImpl*, bool (testing::internal::UnitTestImpl::*)(), char const*) (in /tmp/tmpdok0cmgd/student/zaj11PtrCStringVector/build/bin/unit_tests)
==164==    by 0x15C0C8: bool testing::internal::HandleExceptionsInMethodIfSupported<testing::internal::UnitTestImpl, bool>(testing::internal::UnitTestImpl*, bool (testing::internal::UnitTestImpl::*)(), char const*) (in /tmp/tmpdok0cmgd/student/zaj11PtrCStringVector/build/bin/unit_tests)
==164==  Address 0x4df2e70 is 0 bytes inside a block of size 48 alloc'd
==164==    at 0x484A2F3: operator new[](unsigned long) (in /usr/libexec/valgrind/vgpreload_memcheck-amd64-linux.so)
==164==    by 0x121D9E: PtrCStringVector::reserve(unsigned long) (in /tmp/tmpdok0cmgd/student/zaj11PtrCStringVector/build/bin/unit_tests)
==164==    by 0x121884: PtrCStringVector::push_back(char const*) (in /tmp/tmpdok0cmgd/student/zaj11PtrCStringVector/build/bin/unit_tests)
==164==    by 0x121818: PtrCStringVector::operator=(PtrCStringVector&&) (in /tmp/tmpdok0cmgd/student/zaj11PtrCStringVector/build/bin/unit_tests)
==164==    by 0x11804F: PtrCStringVectorTester_assignmentOperator_movingTextFromAnotherContainer_Test::TestBody() (in /tmp/tmpdok0cmgd/student/zaj11PtrCStringVector/build/bin/unit_tests)
==164==    by 0x162B9E: void testing::internal::HandleSehExceptionsInMethodIfSupported<testing::Test, void>(testing::Test*, void (testing::Test::*)(), char const*) (in /tmp/tmpdok0cmgd/student/zaj11PtrCStringVector/build/bin/unit_tests)
==164==    by 0x15AEE2: void testing::internal::HandleExceptionsInMethodIfSupported<testing::Test, void>(testing::Test*, void (testing::Test::*)(), char const*) (in /tmp/tmpdok0cmgd/student/zaj11PtrCStringVector/build/bin/unit_tests)
==164==    by 0x1359A7: testing::Test::Run() (in /tmp/tmpdok0cmgd/student/zaj11PtrCStringVector/build/bin/unit_tests)
==164==    by 0x1364C2: testing::TestInfo::Run() (in /tmp/tmpdok0cmgd/student/zaj11PtrCStringVector/build/bin/unit_tests)
==164==    by 0x136E00: testing::TestSuite::Run() (in /tmp/tmpdok0cmgd/student/zaj11PtrCStringVector/build/bin/unit_tests)
==164==    by 0x1471B0: testing::internal::UnitTestImpl::RunAllTests() (in /tmp/tmpdok0cmgd/student/zaj11PtrCStringVector/build/bin/unit_tests)
==164==    by 0x163C45: bool testing::internal::HandleSehExceptionsInMethodIfSupported<testing::internal::UnitTestImpl, bool>(testing::internal::UnitTestImpl*, bool (testing::internal::UnitTestImpl::*)(), char const*) (in /tmp/tmpdok0cmgd/student/zaj11PtrCStringVector/build/bin/unit_tests)
==164== 
[       OK ] PtrCStringVectorTester.assignmentOperator_movingTextFromAnotherContainer (7 ms)
[ RUN      ] PtrCStringVectorTester.addOperator_expectReturningContainerContainingAllElementsFromAddedContainers
==164== Mismatched free() / delete / delete []
==164==    at 0x484BB6F: operator delete(void*, unsigned long) (in /usr/libexec/valgrind/vgpreload_memcheck-amd64-linux.so)
==164==    by 0x121D33: PtrCStringVector::free() (in /tmp/tmpdok0cmgd/student/zaj11PtrCStringVector/build/bin/unit_tests)
==164==    by 0x121759: PtrCStringVector::~PtrCStringVector() (in /tmp/tmpdok0cmgd/student/zaj11PtrCStringVector/build/bin/unit_tests)
==164==    by 0x118E99: PtrCStringVectorTester_addOperator_expectReturningContainerContainingAllElementsFromAddedContainers_Test::TestBody() (in /tmp/tmpdok0cmgd/student/zaj11PtrCStringVector/build/bin/unit_tests)
==164==    by 0x162B9E: void testing::internal::HandleSehExceptionsInMethodIfSupported<testing::Test, void>(testing::Test*, void (testing::Test::*)(), char const*) (in /tmp/tmpdok0cmgd/student/zaj11PtrCStringVector/build/bin/unit_tests)
==164==    by 0x15AEE2: void testing::internal::HandleExceptionsInMethodIfSupported<testing::Test, void>(testing::Test*, void (testing::Test::*)(), char const*) (in /tmp/tmpdok0cmgd/student/zaj11PtrCStringVector/build/bin/unit_tests)
==164==    by 0x1359A7: testing::Test::Run() (in /tmp/tmpdok0cmgd/student/zaj11PtrCStringVector/build/bin/unit_tests)
==164==    by 0x1364C2: testing::TestInfo::Run() (in /tmp/tmpdok0cmgd/student/zaj11PtrCStringVector/build/bin/unit_tests)
==164==    by 0x136E00: testing::TestSuite::Run() (in /tmp/tmpdok0cmgd/student/zaj11PtrCStringVector/build/bin/unit_tests)
==164==    by 0x1471B0: testing::internal::UnitTestImpl::RunAllTests() (in /tmp/tmpdok0cmgd/student/zaj11PtrCStringVector/build/bin/unit_tests)
==164==    by 0x163C45: bool testing::internal::HandleSehExceptionsInMethodIfSupported<testing::internal::UnitTestImpl, bool>(testing::internal::UnitTestImpl*, bool (testing::internal::UnitTestImpl::*)(), char const*) (in /tmp/tmpdok0cmgd/student/zaj11PtrCStringVector/build/bin/unit_tests)
==164==    by 0x15C0C8: bool testing::internal::HandleExceptionsInMethodIfSupported<testing::internal::UnitTestImpl, bool>(testing::internal::UnitTestImpl*, bool (testing::internal::UnitTestImpl::*)(), char const*) (in /tmp/tmpdok0cmgd/student/zaj11PtrCStringVector/build/bin/unit_tests)
==164==  Address 0x4df3be0 is 0 bytes inside a block of size 48 alloc'd
==164==    at 0x484A2F3: operator new[](unsigned long) (in /usr/libexec/valgrind/vgpreload_memcheck-amd64-linux.so)
==164==    by 0x121D9E: PtrCStringVector::reserve(unsigned long) (in /tmp/tmpdok0cmgd/student/zaj11PtrCStringVector/build/bin/unit_tests)
==164==    by 0x121884: PtrCStringVector::push_back(char const*) (in /tmp/tmpdok0cmgd/student/zaj11PtrCStringVector/build/bin/unit_tests)
==164==    by 0x12194B: PtrCStringVector::operator+(PtrCStringVector const&) const (in /tmp/tmpdok0cmgd/student/zaj11PtrCStringVector/build/bin/unit_tests)
==164==    by 0x118A9C: PtrCStringVectorTester_addOperator_expectReturningContainerContainingAllElementsFromAddedContainers_Test::TestBody() (in /tmp/tmpdok0cmgd/student/zaj11PtrCStringVector/build/bin/unit_tests)
==164==    by 0x162B9E: void testing::internal::HandleSehExceptionsInMethodIfSupported<testing::Test, void>(testing::Test*, void (testing::Test::*)(), char const*) (in /tmp/tmpdok0cmgd/student/zaj11PtrCStringVector/build/bin/unit_tests)
==164==    by 0x15AEE2: void testing::internal::HandleExceptionsInMethodIfSupported<testing::Test, void>(testing::Test*, void (testing::Test::*)(), char const*) (in /tmp/tmpdok0cmgd/student/zaj11PtrCStringVector/build/bin/unit_tests)
==164==    by 0x1359A7: testing::Test::Run() (in /tmp/tmpdok0cmgd/student/zaj11PtrCStringVector/build/bin/unit_tests)
==164==    by 0x1364C2: testing::TestInfo::Run() (in /tmp/tmpdok0cmgd/student/zaj11PtrCStringVector/build/bin/unit_tests)
==164==    by 0x136E00: testing::TestSuite::Run() (in /tmp/tmpdok0cmgd/student/zaj11PtrCStringVector/build/bin/unit_tests)
==164==    by 0x1471B0: testing::internal::UnitTestImpl::RunAllTests() (in /tmp/tmpdok0cmgd/student/zaj11PtrCStringVector/build/bin/unit_tests)
==164==    by 0x163C45: bool testing::internal::HandleSehExceptionsInMethodIfSupported<testing::internal::UnitTestImpl, bool>(testing::internal::UnitTestImpl*, bool (testing::internal::UnitTestImpl::*)(), char const*) (in /tmp/tmpdok0cmgd/student/zaj11PtrCStringVector/build/bin/unit_tests)
==164== 
==164== Mismatched free() / delete / delete []
==164==    at 0x484BB6F: operator delete(void*, unsigned long) (in /usr/libexec/valgrind/vgpreload_memcheck-amd64-linux.so)
==164==    by 0x121D33: PtrCStringVector::free() (in /tmp/tmpdok0cmgd/student/zaj11PtrCStringVector/build/bin/unit_tests)
==164==    by 0x121759: PtrCStringVector::~PtrCStringVector() (in /tmp/tmpdok0cmgd/student/zaj11PtrCStringVector/build/bin/unit_tests)
==164==    by 0x118EB9: PtrCStringVectorTester_addOperator_expectReturningContainerContainingAllElementsFromAddedContainers_Test::TestBody() (in /tmp/tmpdok0cmgd/student/zaj11PtrCStringVector/build/bin/unit_tests)
==164==    by 0x162B9E: void testing::internal::HandleSehExceptionsInMethodIfSupported<testing::Test, void>(testing::Test*, void (testing::Test::*)(), char const*) (in /tmp/tmpdok0cmgd/student/zaj11PtrCStringVector/build/bin/unit_tests)
==164==    by 0x15AEE2: void testing::internal::HandleExceptionsInMethodIfSupported<testing::Test, void>(testing::Test*, void (testing::Test::*)(), char const*) (in /tmp/tmpdok0cmgd/student/zaj11PtrCStringVector/build/bin/unit_tests)
==164==    by 0x1359A7: testing::Test::Run() (in /tmp/tmpdok0cmgd/student/zaj11PtrCStringVector/build/bin/unit_tests)
==164==    by 0x1364C2: testing::TestInfo::Run() (in /tmp/tmpdok0cmgd/student/zaj11PtrCStringVector/build/bin/unit_tests)
==164==    by 0x136E00: testing::TestSuite::Run() (in /tmp/tmpdok0cmgd/student/zaj11PtrCStringVector/build/bin/unit_tests)
==164==    by 0x1471B0: testing::internal::UnitTestImpl::RunAllTests() (in /tmp/tmpdok0cmgd/student/zaj11PtrCStringVector/build/bin/unit_tests)
==164==    by 0x163C45: bool testing::internal::HandleSehExceptionsInMethodIfSupported<testing::internal::UnitTestImpl, bool>(testing::internal::UnitTestImpl*, bool (testing::internal::UnitTestImpl::*)(), char const*) (in /tmp/tmpdok0cmgd/student/zaj11PtrCStringVector/build/bin/unit_tests)
==164==    by 0x15C0C8: bool testing::internal::HandleExceptionsInMethodIfSupported<testing::internal::UnitTestImpl, bool>(testing::internal::UnitTestImpl*, bool (testing::internal::UnitTestImpl::*)(), char const*) (in /tmp/tmpdok0cmgd/student/zaj11PtrCStringVector/build/bin/unit_tests)
==164==  Address 0x4df39f0 is 0 bytes inside a block of size 48 alloc'd
==164==    at 0x484A2F3: operator new[](unsigned long) (in /usr/libexec/valgrind/vgpreload_memcheck-amd64-linux.so)
==164==    by 0x121D9E: PtrCStringVector::reserve(unsigned long) (in /tmp/tmpdok0cmgd/student/zaj11PtrCStringVector/build/bin/unit_tests)
==164==    by 0x121884: PtrCStringVector::push_back(char const*) (in /tmp/tmpdok0cmgd/student/zaj11PtrCStringVector/build/bin/unit_tests)
==164==    by 0x118A61: PtrCStringVectorTester_addOperator_expectReturningContainerContainingAllElementsFromAddedContainers_Test::TestBody() (in /tmp/tmpdok0cmgd/student/zaj11PtrCStringVector/build/bin/unit_tests)
==164==    by 0x162B9E: void testing::internal::HandleSehExceptionsInMethodIfSupported<testing::Test, void>(testing::Test*, void (testing::Test::*)(), char const*) (in /tmp/tmpdok0cmgd/student/zaj11PtrCStringVector/build/bin/unit_tests)
==164==    by 0x15AEE2: void testing::internal::HandleExceptionsInMethodIfSupported<testing::Test, void>(testing::Test*, void (testing::Test::*)(), char const*) (in /tmp/tmpdok0cmgd/student/zaj11PtrCStringVector/build/bin/unit_tests)
==164==    by 0x1359A7: testing::Test::Run() (in /tmp/tmpdok0cmgd/student/zaj11PtrCStringVector/build/bin/unit_tests)
==164==    by 0x1364C2: testing::TestInfo::Run() (in /tmp/tmpdok0cmgd/student/zaj11PtrCStringVector/build/bin/unit_tests)
==164==    by 0x136E00: testing::TestSuite::Run() (in /tmp/tmpdok0cmgd/student/zaj11PtrCStringVector/build/bin/unit_tests)
==164==    by 0x1471B0: testing::internal::UnitTestImpl::RunAllTests() (in /tmp/tmpdok0cmgd/student/zaj11PtrCStringVector/build/bin/unit_tests)
==164==    by 0x163C45: bool testing::internal::HandleSehExceptionsInMethodIfSupported<testing::internal::UnitTestImpl, bool>(testing::internal::UnitTestImpl*, bool (testing::internal::UnitTestImpl::*)(), char const*) (in /tmp/tmpdok0cmgd/student/zaj11PtrCStringVector/build/bin/unit_tests)
==164==    by 0x15C0C8: bool testing::internal::HandleExceptionsInMethodIfSupported<testing::internal::UnitTestImpl, bool>(testing::internal::UnitTestImpl*, bool (testing::internal::UnitTestImpl::*)(), char const*) (in /tmp/tmpdok0cmgd/student/zaj11PtrCStringVector/build/bin/unit_tests)
==164== 
==164== Mismatched free() / delete / delete []
==164==    at 0x484BB6F: operator delete(void*, unsigned long) (in /usr/libexec/valgrind/vgpreload_memcheck-amd64-linux.so)
==164==    by 0x121D33: PtrCStringVector::free() (in /tmp/tmpdok0cmgd/student/zaj11PtrCStringVector/build/bin/unit_tests)
==164==    by 0x121759: PtrCStringVector::~PtrCStringVector() (in /tmp/tmpdok0cmgd/student/zaj11PtrCStringVector/build/bin/unit_tests)
==164==    by 0x118ED9: PtrCStringVectorTester_addOperator_expectReturningContainerContainingAllElementsFromAddedContainers_Test::TestBody() (in /tmp/tmpdok0cmgd/student/zaj11PtrCStringVector/build/bin/unit_tests)
==164==    by 0x162B9E: void testing::internal::HandleSehExceptionsInMethodIfSupported<testing::Test, void>(testing::Test*, void (testing::Test::*)(), char const*) (in /tmp/tmpdok0cmgd/student/zaj11PtrCStringVector/build/bin/unit_tests)
==164==    by 0x15AEE2: void testing::internal::HandleExceptionsInMethodIfSupported<testing::Test, void>(testing::Test*, void (testing::Test::*)(), char const*) (in /tmp/tmpdok0cmgd/student/zaj11PtrCStringVector/build/bin/unit_tests)
==164==    by 0x1359A7: testing::Test::Run() (in /tmp/tmpdok0cmgd/student/zaj11PtrCStringVector/build/bin/unit_tests)
==164==    by 0x1364C2: testing::TestInfo::Run() (in /tmp/tmpdok0cmgd/student/zaj11PtrCStringVector/build/bin/unit_tests)
==164==    by 0x136E00: testing::TestSuite::Run() (in /tmp/tmpdok0cmgd/student/zaj11PtrCStringVector/build/bin/unit_tests)
==164==    by 0x1471B0: testing::internal::UnitTestImpl::RunAllTests() (in /tmp/tmpdok0cmgd/student/zaj11PtrCStringVector/build/bin/unit_tests)
==164==    by 0x163C45: bool testing::internal::HandleSehExceptionsInMethodIfSupported<testing::internal::UnitTestImpl, bool>(testing::internal::UnitTestImpl*, bool (testing::internal::UnitTestImpl::*)(), char const*) (in /tmp/tmpdok0cmgd/student/zaj11PtrCStringVector/build/bin/unit_tests)
==164==    by 0x15C0C8: bool testing::internal::HandleExceptionsInMethodIfSupported<testing::internal::UnitTestImpl, bool>(testing::internal::UnitTestImpl*, bool (testing::internal::UnitTestImpl::*)(), char const*) (in /tmp/tmpdok0cmgd/student/zaj11PtrCStringVector/build/bin/unit_tests)
==164==  Address 0x4df37d0 is 0 bytes inside a block of size 48 alloc'd
==164==    at 0x484A2F3: operator new[](unsigned long) (in /usr/libexec/valgrind/vgpreload_memcheck-amd64-linux.so)
==164==    by 0x121D9E: PtrCStringVector::reserve(unsigned long) (in /tmp/tmpdok0cmgd/student/zaj11PtrCStringVector/build/bin/unit_tests)
==164==    by 0x121884: PtrCStringVector::push_back(char const*) (in /tmp/tmpdok0cmgd/student/zaj11PtrCStringVector/build/bin/unit_tests)
==164==    by 0x1189DE: PtrCStringVectorTester_addOperator_expectReturningContainerContainingAllElementsFromAddedContainers_Test::TestBody() (in /tmp/tmpdok0cmgd/student/zaj11PtrCStringVector/build/bin/unit_tests)
==164==    by 0x162B9E: void testing::internal::HandleSehExceptionsInMethodIfSupported<testing::Test, void>(testing::Test*, void (testing::Test::*)(), char const*) (in /tmp/tmpdok0cmgd/student/zaj11PtrCStringVector/build/bin/unit_tests)
==164==    by 0x15AEE2: void testing::internal::HandleExceptionsInMethodIfSupported<testing::Test, void>(testing::Test*, void (testing::Test::*)(), char const*) (in /tmp/tmpdok0cmgd/student/zaj11PtrCStringVector/build/bin/unit_tests)
==164==    by 0x1359A7: testing::Test::Run() (in /tmp/tmpdok0cmgd/student/zaj11PtrCStringVector/build/bin/unit_tests)
==164==    by 0x1364C2: testing::TestInfo::Run() (in /tmp/tmpdok0cmgd/student/zaj11PtrCStringVector/build/bin/unit_tests)
==164==    by 0x136E00: testing::TestSuite::Run() (in /tmp/tmpdok0cmgd/student/zaj11PtrCStringVector/build/bin/unit_tests)
==164==    by 0x1471B0: testing::internal::UnitTestImpl::RunAllTests() (in /tmp/tmpdok0cmgd/student/zaj11PtrCStringVector/build/bin/unit_tests)
==164==    by 0x163C45: bool testing::internal::HandleSehExceptionsInMethodIfSupported<testing::internal::UnitTestImpl, bool>(testing::internal::UnitTestImpl*, bool (testing::internal::UnitTestImpl::*)(), char const*) (in /tmp/tmpdok0cmgd/student/zaj11PtrCStringVector/build/bin/unit_tests)
==164==    by 0x15C0C8: bool testing::internal::HandleExceptionsInMethodIfSupported<testing::internal::UnitTestImpl, bool>(testing::internal::UnitTestImpl*, bool (testing::internal::UnitTestImpl::*)(), char const*) (in /tmp/tmpdok0cmgd/student/zaj11PtrCStringVector/build/bin/unit_tests)
==164== 
[       OK ] PtrCStringVectorTester.addOperator_expectReturningContainerContainingAllElementsFromAddedContainers (7 ms)
[ RUN      ] PtrCStringVectorTester.bitAndOperator_expectReturningContainerContainingMergedTextsFromCorrespondingPositionsAddedContainers
==164== Use of uninitialised value of size 8
==164==    at 0x484ED16: strlen (in /usr/libexec/valgrind/vgpreload_memcheck-amd64-linux.so)
==164==    by 0x121BA1: PtrCStringVector::operator&(PtrCStringVector const&) const (in /tmp/tmpdok0cmgd/student/zaj11PtrCStringVector/build/bin/unit_tests)
==164==    by 0x1191FF: PtrCStringVectorTester_bitAndOperator_expectReturningContainerContainingMergedTextsFromCorrespondingPositionsAddedContainers_Test::TestBody() (in /tmp/tmpdok0cmgd/student/zaj11PtrCStringVector/build/bin/unit_tests)
==164==    by 0x162B9E: void testing::internal::HandleSehExceptionsInMethodIfSupported<testing::Test, void>(testing::Test*, void (testing::Test::*)(), char const*) (in /tmp/tmpdok0cmgd/student/zaj11PtrCStringVector/build/bin/unit_tests)
==164==    by 0x15AEE2: void testing::internal::HandleExceptionsInMethodIfSupported<testing::Test, void>(testing::Test*, void (testing::Test::*)(), char const*) (in /tmp/tmpdok0cmgd/student/zaj11PtrCStringVector/build/bin/unit_tests)
==164==    by 0x1359A7: testing::Test::Run() (in /tmp/tmpdok0cmgd/student/zaj11PtrCStringVector/build/bin/unit_tests)
==164==    by 0x1364C2: testing::TestInfo::Run() (in /tmp/tmpdok0cmgd/student/zaj11PtrCStringVector/build/bin/unit_tests)
==164==    by 0x136E00: testing::TestSuite::Run() (in /tmp/tmpdok0cmgd/student/zaj11PtrCStringVector/build/bin/unit_tests)
==164==    by 0x1471B0: testing::internal::UnitTestImpl::RunAllTests() (in /tmp/tmpdok0cmgd/student/zaj11PtrCStringVector/build/bin/unit_tests)
==164==    by 0x163C45: bool testing::internal::HandleSehExceptionsInMethodIfSupported<testing::internal::UnitTestImpl, bool>(testing::internal::UnitTestImpl*, bool (testing::internal::UnitTestImpl::*)(), char const*) (in /tmp/tmpdok0cmgd/student/zaj11PtrCStringVector/build/bin/unit_tests)
==164==    by 0x15C0C8: bool testing::internal::HandleExceptionsInMethodIfSupported<testing::internal::UnitTestImpl, bool>(testing::internal::UnitTestImpl*, bool (testing::internal::UnitTestImpl::*)(), char const*) (in /tmp/tmpdok0cmgd/student/zaj11PtrCStringVector/build/bin/unit_tests)
==164==    by 0x1457D2: testing::UnitTest::Run() (in /tmp/tmpdok0cmgd/student/zaj11PtrCStringVector/build/bin/unit_tests)
==164== 
==164== Invalid read of size 1
==164==    at 0x484ED16: strlen (in /usr/libexec/valgrind/vgpreload_memcheck-amd64-linux.so)
==164==    by 0x121BA1: PtrCStringVector::operator&(PtrCStringVector const&) const (in /tmp/tmpdok0cmgd/student/zaj11PtrCStringVector/build/bin/unit_tests)
==164==    by 0x1191FF: PtrCStringVectorTester_bitAndOperator_expectReturningContainerContainingMergedTextsFromCorrespondingPositionsAddedContainers_Test::TestBody() (in /tmp/tmpdok0cmgd/student/zaj11PtrCStringVector/build/bin/unit_tests)
==164==    by 0x162B9E: void testing::internal::HandleSehExceptionsInMethodIfSupported<testing::Test, void>(testing::Test*, void (testing::Test::*)(), char const*) (in /tmp/tmpdok0cmgd/student/zaj11PtrCStringVector/build/bin/unit_tests)
==164==    by 0x15AEE2: void testing::internal::HandleExceptionsInMethodIfSupported<testing::Test, void>(testing::Test*, void (testing::Test::*)(), char const*) (in /tmp/tmpdok0cmgd/student/zaj11PtrCStringVector/build/bin/unit_tests)
==164==    by 0x1359A7: testing::Test::Run() (in /tmp/tmpdok0cmgd/student/zaj11PtrCStringVector/build/bin/unit_tests)
==164==    by 0x1364C2: testing::TestInfo::Run() (in /tmp/tmpdok0cmgd/student/zaj11PtrCStringVector/build/bin/unit_tests)
==164==    by 0x136E00: testing::TestSuite::Run() (in /tmp/tmpdok0cmgd/student/zaj11PtrCStringVector/build/bin/unit_tests)
==164==    by 0x1471B0: testing::internal::UnitTestImpl::RunAllTests() (in /tmp/tmpdok0cmgd/student/zaj11PtrCStringVector/build/bin/unit_tests)
==164==    by 0x163C45: bool testing::internal::HandleSehExceptionsInMethodIfSupported<testing::internal::UnitTestImpl, bool>(testing::internal::UnitTestImpl*, bool (testing::internal::UnitTestImpl::*)(), char const*) (in /tmp/tmpdok0cmgd/student/zaj11PtrCStringVector/build/bin/unit_tests)
==164==    by 0x15C0C8: bool testing::internal::HandleExceptionsInMethodIfSupported<testing::internal::UnitTestImpl, bool>(testing::internal::UnitTestImpl*, bool (testing::internal::UnitTestImpl::*)(), char const*) (in /tmp/tmpdok0cmgd/student/zaj11PtrCStringVector/build/bin/unit_tests)
==164==    by 0x1457D2: testing::UnitTest::Run() (in /tmp/tmpdok0cmgd/student/zaj11PtrCStringVector/build/bin/unit_tests)
==164==  Address 0x0 is not stack'd, malloc'd or (recently) free'd
==164== 
==164== 
==164== Process terminating with default action of signal 11 (SIGSEGV)
==164==  Access not within mapped region at address 0x0
==164==    at 0x484ED16: strlen (in /usr/libexec/valgrind/vgpreload_memcheck-amd64-linux.so)
==164==    by 0x121BA1: PtrCStringVector::operator&(PtrCStringVector const&) const (in /tmp/tmpdok0cmgd/student/zaj11PtrCStringVector/build/bin/unit_tests)
==164==    by 0x1191FF: PtrCStringVectorTester_bitAndOperator_expectReturningContainerContainingMergedTextsFromCorrespondingPositionsAddedContainers_Test::TestBody() (in /tmp/tmpdok0cmgd/student/zaj11PtrCStringVector/build/bin/unit_tests)
==164==    by 0x162B9E: void testing::internal::HandleSehExceptionsInMethodIfSupported<testing::Test, void>(testing::Test*, void (testing::Test::*)(), char const*) (in /tmp/tmpdok0cmgd/student/zaj11PtrCStringVector/build/bin/unit_tests)
==164==    by 0x15AEE2: void testing::internal::HandleExceptionsInMethodIfSupported<testing::Test, void>(testing::Test*, void (testing::Test::*)(), char const*) (in /tmp/tmpdok0cmgd/student/zaj11PtrCStringVector/build/bin/unit_tests)
==164==    by 0x1359A7: testing::Test::Run() (in /tmp/tmpdok0cmgd/student/zaj11PtrCStringVector/build/bin/unit_tests)
==164==    by 0x1364C2: testing::TestInfo::Run() (in /tmp/tmpdok0cmgd/student/zaj11PtrCStringVector/build/bin/unit_tests)
==164==    by 0x136E00: testing::TestSuite::Run() (in /tmp/tmpdok0cmgd/student/zaj11PtrCStringVector/build/bin/unit_tests)
==164==    by 0x1471B0: testing::internal::UnitTestImpl::RunAllTests() (in /tmp/tmpdok0cmgd/student/zaj11PtrCStringVector/build/bin/unit_tests)
==164==    by 0x163C45: bool testing::internal::HandleSehExceptionsInMethodIfSupported<testing::internal::UnitTestImpl, bool>(testing::internal::UnitTestImpl*, bool (testing::internal::UnitTestImpl::*)(), char const*) (in /tmp/tmpdok0cmgd/student/zaj11PtrCStringVector/build/bin/unit_tests)
==164==    by 0x15C0C8: bool testing::internal::HandleExceptionsInMethodIfSupported<testing::internal::UnitTestImpl, bool>(testing::internal::UnitTestImpl*, bool (testing::internal::UnitTestImpl::*)(), char const*) (in /tmp/tmpdok0cmgd/student/zaj11PtrCStringVector/build/bin/unit_tests)
==164==    by 0x1457D2: testing::UnitTest::Run() (in /tmp/tmpdok0cmgd/student/zaj11PtrCStringVector/build/bin/unit_tests)
==164==  If you believe this happened as a result of a stack
==164==  overflow in your program's main thread (unlikely but
==164==  possible), you can try to increase the size of the
==164==  main thread stack using the --main-stacksize= flag.
==164==  The main thread stack size used in this run was 8388608.
==164== 
==164== HEAP SUMMARY:
==164==     in use at exit: 87,268 bytes in 128 blocks
==164==   total heap usage: 652 allocs, 524 frees, 148,031 bytes allocated
==164== 
==164== 31 bytes in 2 blocks are definitely lost in loss record 54 of 119
==164==    at 0x484A2F3: operator new[](unsigned long) (in /usr/libexec/valgrind/vgpreload_memcheck-amd64-linux.so)
==164==    by 0x121BB0: PtrCStringVector::operator&(PtrCStringVector const&) const (in /tmp/tmpdok0cmgd/student/zaj11PtrCStringVector/build/bin/unit_tests)
==164==    by 0x1191FF: PtrCStringVectorTester_bitAndOperator_expectReturningContainerContainingMergedTextsFromCorrespondingPositionsAddedContainers_Test::TestBody() (in /tmp/tmpdok0cmgd/student/zaj11PtrCStringVector/build/bin/unit_tests)
==164==    by 0x162B9E: void testing::internal::HandleSehExceptionsInMethodIfSupported<testing::Test, void>(testing::Test*, void (testing::Test::*)(), char const*) (in /tmp/tmpdok0cmgd/student/zaj11PtrCStringVector/build/bin/unit_tests)
==164==    by 0x15AEE2: void testing::internal::HandleExceptionsInMethodIfSupported<testing::Test, void>(testing::Test*, void (testing::Test::*)(), char const*) (in /tmp/tmpdok0cmgd/student/zaj11PtrCStringVector/build/bin/unit_tests)
==164==    by 0x1359A7: testing::Test::Run() (in /tmp/tmpdok0cmgd/student/zaj11PtrCStringVector/build/bin/unit_tests)
==164==    by 0x1364C2: testing::TestInfo::Run() (in /tmp/tmpdok0cmgd/student/zaj11PtrCStringVector/build/bin/unit_tests)
==164==    by 0x136E00: testing::TestSuite::Run() (in /tmp/tmpdok0cmgd/student/zaj11PtrCStringVector/build/bin/unit_tests)
==164==    by 0x1471B0: testing::internal::UnitTestImpl::RunAllTests() (in /tmp/tmpdok0cmgd/student/zaj11PtrCStringVector/build/bin/unit_tests)
==164==    by 0x163C45: bool testing::internal::HandleSehExceptionsInMethodIfSupported<testing::internal::UnitTestImpl, bool>(testing::internal::UnitTestImpl*, bool (testing::internal::UnitTestImpl::*)(), char const*) (in /tmp/tmpdok0cmgd/student/zaj11PtrCStringVector/build/bin/unit_tests)
==164==    by 0x15C0C8: bool testing::internal::HandleExceptionsInMethodIfSupported<testing::internal::UnitTestImpl, bool>(testing::internal::UnitTestImpl*, bool (testing::internal::UnitTestImpl::*)(), char const*) (in /tmp/tmpdok0cmgd/student/zaj11PtrCStringVector/build/bin/unit_tests)
==164==    by 0x1457D2: testing::UnitTest::Run() (in /tmp/tmpdok0cmgd/student/zaj11PtrCStringVector/build/bin/unit_tests)
==164== 
==164== LEAK SUMMARY:
==164==    definitely lost: 31 bytes in 2 blocks
==164==    indirectly lost: 0 bytes in 0 blocks
==164==      possibly lost: 0 bytes in 0 blocks
==164==    still reachable: 87,237 bytes in 126 blocks
==164==         suppressed: 0 bytes in 0 blocks
==164== Reachable blocks (those to which a pointer was found) are not shown.
==164== To see them, rerun with: --leak-check=full --show-leak-kinds=all
==164== 
==164== Use --track-origins=yes to see where uninitialised values come from
==164== For lists of detected and suppressed errors, rerun with: -s
==164== ERROR SUMMARY: 20 errors from 20 contexts (suppressed: 0 from 0)
