{
  "tests": 15,
  "failures": 0,
  "disabled": 0,
  "errors": 0,
  "timestamp": "2023-03-22T18:45:24Z",
  "time": "0s",
  "name": "AllTests",
  "testsuites": [
    {
      "name": "EnemyTester",
      "tests": 1,
      "failures": 0,
      "disabled": 0,
      "errors": 0,
      "timestamp": "2023-03-22T18:45:24Z",
      "time": "0s",
      "testsuite": [
        {
          "name": "enemyHasLimitedLife",
          "file": "\/tmp\/tmpv9gnnw22\/student\/lab3inheritance\/tests\/enemyTests.cpp",
          "line": 16,
          "status": "RUN",
          "result": "COMPLETED",
          "timestamp": "2023-03-22T18:45:24Z",
          "time": "0s",
          "classname": "EnemyTester"
        }
      ]
    },
    {
      "name": "EngineTester",
      "tests": 5,
      "failures": 0,
      "disabled": 0,
      "errors": 0,
      "timestamp": "2023-03-22T18:45:24Z",
      "time": "0s",
      "testsuite": [
        {
          "name": "engineConstructedWithWidthAndHeight",
          "file": "\/tmp\/tmpv9gnnw22\/student\/lab3inheritance\/tests\/engineTests.cpp",
          "line": 26,
          "status": "RUN",
          "result": "COMPLETED",
          "timestamp": "2023-03-22T18:45:24Z",
          "time": "0s",
          "classname": "EngineTester"
        },
        {
          "name": "engineHasGettersToGetInformationAboutPlayer",
          "file": "\/tmp\/tmpv9gnnw22\/student\/lab3inheritance\/tests\/engineTests.cpp",
          "line": 38,
          "status": "RUN",
          "result": "COMPLETED",
          "timestamp": "2023-03-22T18:45:24Z",
          "time": "0s",
          "classname": "EngineTester"
        },
        {
          "name": "engineCanMovePlayer",
          "file": "\/tmp\/tmpv9gnnw22\/student\/lab3inheritance\/tests\/engineTests.cpp",
          "line": 55,
          "status": "RUN",
          "result": "COMPLETED",
          "timestamp": "2023-03-22T18:45:24Z",
          "time": "0s",
          "classname": "EngineTester"
        },
        {
          "name": "engineHandlePlayerShooting",
          "file": "\/tmp\/tmpv9gnnw22\/student\/lab3inheritance\/tests\/engineTests.cpp",
          "line": 78,
          "status": "RUN",
          "result": "COMPLETED",
          "timestamp": "2023-03-22T18:45:24Z",
          "time": "0s",
          "classname": "EngineTester"
        },
        {
          "name": "engineHandlesEnemies",
          "file": "\/tmp\/tmpv9gnnw22\/student\/lab3inheritance\/tests\/engineTests.cpp",
          "line": 111,
          "status": "RUN",
          "result": "COMPLETED",
          "timestamp": "2023-03-22T18:45:24Z",
          "time": "0s",
          "classname": "EngineTester"
        }
      ]
    },
    {
      "name": "ObjectTester",
      "tests": 3,
      "failures": 0,
      "disabled": 0,
      "errors": 0,
      "timestamp": "2023-03-22T18:45:24Z",
      "time": "0s",
      "testsuite": [
        {
          "name": "constructorWithTwoArguments",
          "file": "\/tmp\/tmpv9gnnw22\/student\/lab3inheritance\/tests\/objectTests.cpp",
          "line": 15,
          "status": "RUN",
          "result": "COMPLETED",
          "timestamp": "2023-03-22T18:45:24Z",
          "time": "0s",
          "classname": "ObjectTester"
        },
        {
          "name": "setPosition",
          "file": "\/tmp\/tmpv9gnnw22\/student\/lab3inheritance\/tests\/objectTests.cpp",
          "line": 31,
          "status": "RUN",
          "result": "COMPLETED",
          "timestamp": "2023-03-22T18:45:24Z",
          "time": "0s",
          "classname": "ObjectTester"
        },
        {
          "name": "movingObject",
          "file": "\/tmp\/tmpv9gnnw22\/student\/lab3inheritance\/tests\/objectTests.cpp",
          "line": 51,
          "status": "RUN",
          "result": "COMPLETED",
          "timestamp": "2023-03-22T18:45:24Z",
          "time": "0s",
          "classname": "ObjectTester"
        }
      ]
    },
    {
      "name": "PlayerTester",
      "tests": 4,
      "failures": 0,
      "disabled": 0,
      "errors": 0,
      "timestamp": "2023-03-22T18:45:24Z",
      "time": "0s",
      "testsuite": [
        {
          "name": "playerIsObject",
          "file": "\/tmp\/tmpv9gnnw22\/student\/lab3inheritance\/tests\/playerTests.cpp",
          "line": 16,
          "status": "RUN",
          "result": "COMPLETED",
          "timestamp": "2023-03-22T18:45:24Z",
          "time": "0s",
          "classname": "PlayerTester"
        },
        {
          "name": "playerCanMoveLikeObject",
          "file": "\/tmp\/tmpv9gnnw22\/student\/lab3inheritance\/tests\/playerTests.cpp",
          "line": 31,
          "status": "RUN",
          "result": "COMPLETED",
          "timestamp": "2023-03-22T18:45:24Z",
          "time": "0s",
          "classname": "PlayerTester"
        },
        {
          "name": "playerHasDirection",
          "file": "\/tmp\/tmpv9gnnw22\/student\/lab3inheritance\/tests\/playerTests.cpp",
          "line": 49,
          "status": "RUN",
          "result": "COMPLETED",
          "timestamp": "2023-03-22T18:45:24Z",
          "time": "0s",
          "classname": "PlayerTester"
        },
        {
          "name": "playerCanDie",
          "file": "\/tmp\/tmpv9gnnw22\/student\/lab3inheritance\/tests\/playerTests.cpp",
          "line": 66,
          "status": "RUN",
          "result": "COMPLETED",
          "timestamp": "2023-03-22T18:45:24Z",
          "time": "0s",
          "classname": "PlayerTester"
        }
      ]
    },
    {
      "name": "ShootTester",
      "tests": 2,
      "failures": 0,
      "disabled": 0,
      "errors": 0,
      "timestamp": "2023-03-22T18:45:24Z",
      "time": "0s",
      "testsuite": [
        {
          "name": "shootIsObject",
          "file": "\/tmp\/tmpv9gnnw22\/student\/lab3inheritance\/tests\/shootTests.cpp",
          "line": 16,
          "status": "RUN",
          "result": "COMPLETED",
          "timestamp": "2023-03-22T18:45:24Z",
          "time": "0s",
          "classname": "ShootTester"
        },
        {
          "name": "shootHasDirectionAndPosition",
          "file": "\/tmp\/tmpv9gnnw22\/student\/lab3inheritance\/tests\/shootTests.cpp",
          "line": 30,
          "status": "RUN",
          "result": "COMPLETED",
          "timestamp": "2023-03-22T18:45:24Z",
          "time": "0s",
          "classname": "ShootTester"
        }
      ]
    }
  ]
}
