==205== Memcheck, a memory error detector
==205== Copyright (C) 2002-2017, and GNU GPL'd, by Julian Seward et al.
==205== Using Valgrind-3.18.1 and LibVEX; rerun with -h for copyright info
==205== Command: /tmp/tmpv9gnnw22/student/lab3inheritance/build//bin/tests
==205== 
Running main() from /tmp/tmpv9gnnw22/student/lab3inheritance/tests/lib/googletest/src/gtest_main.cc
[==========] Running 15 tests from 5 test suites.
[----------] Global test environment set-up.
[----------] 1 test from EnemyTester
[ RUN      ] EnemyTester.enemyHasLimitedLife
[       OK ] EnemyTester.enemyHasLimitedLife (20 ms)
[----------] 1 test from EnemyTester (31 ms total)

[----------] 5 tests from EngineTester
[ RUN      ] EngineTester.engineConstructedWithWidthAndHeight
[       OK ] EngineTester.engineConstructedWithWidthAndHeight (27 ms)
[ RUN      ] EngineTester.engineHasGettersToGetInformationAboutPlayer
[       OK ] EngineTester.engineHasGettersToGetInformationAboutPlayer (6 ms)
[ RUN      ] EngineTester.engineCanMovePlayer
[       OK ] EngineTester.engineCanMovePlayer (8 ms)
[ RUN      ] EngineTester.engineHandlePlayerShooting
[       OK ] EngineTester.engineHandlePlayerShooting (17 ms)
[ RUN      ] EngineTester.engineHandlesEnemies
[       OK ] EngineTester.engineHandlesEnemies (9 ms)
[----------] 5 tests from EngineTester (70 ms total)

[----------] 3 tests from ObjectTester
[ RUN      ] ObjectTester.constructorWithTwoArguments
[       OK ] ObjectTester.constructorWithTwoArguments (5 ms)
[ RUN      ] ObjectTester.setPosition
[       OK ] ObjectTester.setPosition (6 ms)
[ RUN      ] ObjectTester.movingObject
[       OK ] ObjectTester.movingObject (11 ms)
[----------] 3 tests from ObjectTester (23 ms total)

[----------] 4 tests from PlayerTester
[ RUN      ] PlayerTester.playerIsObject
[       OK ] PlayerTester.playerIsObject (3 ms)
[ RUN      ] PlayerTester.playerCanMoveLikeObject
[       OK ] PlayerTester.playerCanMoveLikeObject (4 ms)
[ RUN      ] PlayerTester.playerHasDirection
[       OK ] PlayerTester.playerHasDirection (2 ms)
[ RUN      ] PlayerTester.playerCanDie
[       OK ] PlayerTester.playerCanDie (2 ms)
[----------] 4 tests from PlayerTester (13 ms total)

[----------] 2 tests from ShootTester
[ RUN      ] ShootTester.shootIsObject
[       OK ] ShootTester.shootIsObject (3 ms)
[ RUN      ] ShootTester.shootHasDirectionAndPosition
[       OK ] ShootTester.shootHasDirectionAndPosition (8 ms)
[----------] 2 tests from ShootTester (12 ms total)

[----------] Global test environment tear-down
[==========] 15 tests from 5 test suites ran. (208 ms total)
[  PASSED  ] 15 tests.
==205== 
==205== HEAP SUMMARY:
==205==     in use at exit: 0 bytes in 0 blocks
==205==   total heap usage: 439 allocs, 439 frees, 158,090 bytes allocated
==205== 
==205== All heap blocks were freed -- no leaks are possible
==205== 
==205== For lists of detected and suppressed errors, rerun with: -s
==205== ERROR SUMMARY: 0 errors from 0 contexts (suppressed: 0 from 0)
