{
  "tests": 14,
  "failures": 0,
  "disabled": 0,
  "errors": 0,
  "timestamp": "2023-03-29T14:21:33Z",
  "time": "0s",
  "name": "AllTests",
  "testsuites": [
    {
      "name": "SimpleStringTester",
      "tests": 14,
      "failures": 0,
      "disabled": 0,
      "errors": 0,
      "timestamp": "2023-03-29T14:21:33Z",
      "time": "0s",
      "testsuite": [
        {
          "name": "constructionWithDefaultConstructor_expectedAllElementsAreZero",
          "file": "\/tmp\/tmppd5xdyj_\/student\/lab4SimpleString\/tests\/simpleStringTests.cpp",
          "line": 41,
          "status": "RUN",
          "result": "COMPLETED",
          "timestamp": "2023-03-29T14:21:33Z",
          "time": "0s",
          "classname": "SimpleStringTester"
        },
        {
          "name": "constructionFromText_expectedDataCopied",
          "file": "\/tmp\/tmppd5xdyj_\/student\/lab4SimpleString\/tests\/simpleStringTests.cpp",
          "line": 50,
          "status": "RUN",
          "result": "COMPLETED",
          "timestamp": "2023-03-29T14:21:33Z",
          "time": "0s",
          "classname": "SimpleStringTester"
        },
        {
          "name": "constructionFromEmptyText_expectedEmptyTextCopied",
          "file": "\/tmp\/tmppd5xdyj_\/student\/lab4SimpleString\/tests\/simpleStringTests.cpp",
          "line": 64,
          "status": "RUN",
          "result": "COMPLETED",
          "timestamp": "2023-03-29T14:21:33Z",
          "time": "0s",
          "classname": "SimpleStringTester"
        },
        {
          "name": "copyConstruction_expectedDataCopied",
          "file": "\/tmp\/tmppd5xdyj_\/student\/lab4SimpleString\/tests\/simpleStringTests.cpp",
          "line": 77,
          "status": "RUN",
          "result": "COMPLETED",
          "timestamp": "2023-03-29T14:21:33Z",
          "time": "0s",
          "classname": "SimpleStringTester"
        },
        {
          "name": "destructor_expectedMemoryFreed",
          "file": "\/tmp\/tmppd5xdyj_\/student\/lab4SimpleString\/tests\/simpleStringTests.cpp",
          "line": 97,
          "status": "RUN",
          "result": "COMPLETED",
          "timestamp": "2023-03-29T14:21:33Z",
          "time": "0s",
          "classname": "SimpleStringTester"
        },
        {
          "name": "instanceMethod_expectedCountedAllLivingInstances",
          "file": "\/tmp\/tmppd5xdyj_\/student\/lab4SimpleString\/tests\/simpleStringTests.cpp",
          "line": 120,
          "status": "RUN",
          "result": "COMPLETED",
          "timestamp": "2023-03-29T14:21:33Z",
          "time": "0s",
          "classname": "SimpleStringTester"
        },
        {
          "name": "assign_expectedNewTextSet",
          "file": "\/tmp\/tmppd5xdyj_\/student\/lab4SimpleString\/tests\/simpleStringTests.cpp",
          "line": 135,
          "status": "RUN",
          "result": "COMPLETED",
          "timestamp": "2023-03-29T14:21:33Z",
          "time": "0s",
          "classname": "SimpleStringTester"
        },
        {
          "name": "equalToWithoutIgnoringCases",
          "file": "\/tmp\/tmppd5xdyj_\/student\/lab4SimpleString\/tests\/simpleStringTests.cpp",
          "line": 163,
          "status": "RUN",
          "result": "COMPLETED",
          "timestamp": "2023-03-29T14:21:33Z",
          "time": "0s",
          "classname": "SimpleStringTester"
        },
        {
          "name": "equalToWithDifferentCaseSettings",
          "file": "\/tmp\/tmppd5xdyj_\/student\/lab4SimpleString\/tests\/simpleStringTests.cpp",
          "line": 205,
          "status": "RUN",
          "result": "COMPLETED",
          "timestamp": "2023-03-29T14:21:33Z",
          "time": "0s",
          "classname": "SimpleStringTester"
        },
        {
          "name": "appendOneTextAnotherOne_expectedBothTextMerged",
          "file": "\/tmp\/tmppd5xdyj_\/student\/lab4SimpleString\/tests\/simpleStringTests.cpp",
          "line": 226,
          "status": "RUN",
          "result": "COMPLETED",
          "timestamp": "2023-03-29T14:21:33Z",
          "time": "0s",
          "classname": "SimpleStringTester"
        },
        {
          "name": "substr_expectedPartOfTextReturned",
          "file": "\/tmp\/tmppd5xdyj_\/student\/lab4SimpleString\/tests\/simpleStringTests.cpp",
          "line": 245,
          "status": "RUN",
          "result": "COMPLETED",
          "timestamp": "2023-03-29T14:21:33Z",
          "time": "0s",
          "classname": "SimpleStringTester"
        },
        {
          "name": "movingConstructor",
          "file": "\/tmp\/tmppd5xdyj_\/student\/lab4SimpleString\/tests\/simpleStringTests.cpp",
          "line": 260,
          "status": "RUN",
          "result": "COMPLETED",
          "timestamp": "2023-03-29T14:21:33Z",
          "time": "0s",
          "classname": "SimpleStringTester"
        },
        {
          "name": "compareTextWithCases_expectedComparingWorks",
          "file": "\/tmp\/tmppd5xdyj_\/student\/lab4SimpleString\/tests\/simpleStringTests.cpp",
          "line": 276,
          "status": "RUN",
          "result": "COMPLETED",
          "timestamp": "2023-03-29T14:21:33Z",
          "time": "0s",
          "classname": "SimpleStringTester"
        },
        {
          "name": "compareTextWithoutCases_expectedComparingWorks",
          "file": "\/tmp\/tmppd5xdyj_\/student\/lab4SimpleString\/tests\/simpleStringTests.cpp",
          "line": 299,
          "status": "RUN",
          "result": "COMPLETED",
          "timestamp": "2023-03-29T14:21:33Z",
          "time": "0s",
          "classname": "SimpleStringTester"
        }
      ]
    }
  ]
}
