==163== Memcheck, a memory error detector
==163== Copyright (C) 2002-2017, and GNU GPL'd, by Julian Seward et al.
==163== Using Valgrind-3.18.1 and LibVEX; rerun with -h for copyright info
==163== Command: /tmp/tmppd5xdyj_/student/lab4SimpleString/build//bin/tests
==163== 
Running main() from /tmp/tmppd5xdyj_/student/lab4SimpleString/tests/lib/googletest/src/gtest_main.cc
[==========] Running 14 tests from 1 test suite.
[----------] Global test environment set-up.
[----------] 14 tests from SimpleStringTester
[ RUN      ] SimpleStringTester.constructionWithDefaultConstructor_expectedAllElementsAreZero
==163== Invalid write of size 1
==163==    at 0x12042E: SimpleString::c_str() const (simpleString.cpp:98)
==163==    by 0x115045: SimpleStringTester_constructionWithDefaultConstructor_expectedAllElementsAreZero_Test::TestBody() (simpleStringTests.cpp:47)
==163==    by 0x1612F2: void testing::internal::HandleSehExceptionsInMethodIfSupported<testing::Test, void>(testing::Test*, void (testing::Test::*)(), char const*) (gtest.cc:2621)
==163==    by 0x1596AA: void testing::internal::HandleExceptionsInMethodIfSupported<testing::Test, void>(testing::Test*, void (testing::Test::*)(), char const*) (gtest.cc:2657)
==163==    by 0x134037: testing::Test::Run() (gtest.cc:2696)
==163==    by 0x134B52: testing::TestInfo::Run() (gtest.cc:2845)
==163==    by 0x135490: testing::TestSuite::Run() (gtest.cc:3004)
==163==    by 0x145840: testing::internal::UnitTestImpl::RunAllTests() (gtest.cc:5890)
==163==    by 0x162399: bool testing::internal::HandleSehExceptionsInMethodIfSupported<testing::internal::UnitTestImpl, bool>(testing::internal::UnitTestImpl*, bool (testing::internal::UnitTestImpl::*)(), char const*) (gtest.cc:2621)
==163==    by 0x15A8CA: bool testing::internal::HandleExceptionsInMethodIfSupported<testing::internal::UnitTestImpl, bool>(testing::internal::UnitTestImpl*, bool (testing::internal::UnitTestImpl::*)(), char const*) (gtest.cc:2657)
==163==    by 0x143E62: testing::UnitTest::Run() (gtest.cc:5455)
==163==    by 0x1764F6: RUN_ALL_TESTS() (gtest.h:2314)
==163==  Address 0x4debb60 is 0 bytes after a block of size 0 alloc'd
==163==    at 0x484A2F3: operator new[](unsigned long) (in /usr/libexec/valgrind/vgpreload_memcheck-amd64-linux.so)
==163==    by 0x11C384: SimpleString::SimpleString() (simpleString.h:138)
==163==    by 0x114E87: SimpleStringTester_constructionWithDefaultConstructor_expectedAllElementsAreZero_Test::TestBody() (simpleStringTests.cpp:43)
==163==    by 0x1612F2: void testing::internal::HandleSehExceptionsInMethodIfSupported<testing::Test, void>(testing::Test*, void (testing::Test::*)(), char const*) (gtest.cc:2621)
==163==    by 0x1596AA: void testing::internal::HandleExceptionsInMethodIfSupported<testing::Test, void>(testing::Test*, void (testing::Test::*)(), char const*) (gtest.cc:2657)
==163==    by 0x134037: testing::Test::Run() (gtest.cc:2696)
==163==    by 0x134B52: testing::TestInfo::Run() (gtest.cc:2845)
==163==    by 0x135490: testing::TestSuite::Run() (gtest.cc:3004)
==163==    by 0x145840: testing::internal::UnitTestImpl::RunAllTests() (gtest.cc:5890)
==163==    by 0x162399: bool testing::internal::HandleSehExceptionsInMethodIfSupported<testing::internal::UnitTestImpl, bool>(testing::internal::UnitTestImpl*, bool (testing::internal::UnitTestImpl::*)(), char const*) (gtest.cc:2621)
==163==    by 0x15A8CA: bool testing::internal::HandleExceptionsInMethodIfSupported<testing::internal::UnitTestImpl, bool>(testing::internal::UnitTestImpl*, bool (testing::internal::UnitTestImpl::*)(), char const*) (gtest.cc:2657)
==163==    by 0x143E62: testing::UnitTest::Run() (gtest.cc:5455)
==163== 
==163== Invalid read of size 1
==163==    at 0x484FBD7: strcmp (in /usr/libexec/valgrind/vgpreload_memcheck-amd64-linux.so)
==163==    by 0x12E5DB: testing::internal::String::CStringEquals(char const*, char const*) (gtest.cc:1211)
==163==    by 0x130F86: testing::internal::CmpHelperSTREQ(char const*, char const*, char const*, char const*) (gtest.cc:1714)
==163==    by 0x11506F: SimpleStringTester_constructionWithDefaultConstructor_expectedAllElementsAreZero_Test::TestBody() (simpleStringTests.cpp:47)
==163==    by 0x1612F2: void testing::internal::HandleSehExceptionsInMethodIfSupported<testing::Test, void>(testing::Test*, void (testing::Test::*)(), char const*) (gtest.cc:2621)
==163==    by 0x1596AA: void testing::internal::HandleExceptionsInMethodIfSupported<testing::Test, void>(testing::Test*, void (testing::Test::*)(), char const*) (gtest.cc:2657)
==163==    by 0x134037: testing::Test::Run() (gtest.cc:2696)
==163==    by 0x134B52: testing::TestInfo::Run() (gtest.cc:2845)
==163==    by 0x135490: testing::TestSuite::Run() (gtest.cc:3004)
==163==    by 0x145840: testing::internal::UnitTestImpl::RunAllTests() (gtest.cc:5890)
==163==    by 0x162399: bool testing::internal::HandleSehExceptionsInMethodIfSupported<testing::internal::UnitTestImpl, bool>(testing::internal::UnitTestImpl*, bool (testing::internal::UnitTestImpl::*)(), char const*) (gtest.cc:2621)
==163==    by 0x15A8CA: bool testing::internal::HandleExceptionsInMethodIfSupported<testing::internal::UnitTestImpl, bool>(testing::internal::UnitTestImpl*, bool (testing::internal::UnitTestImpl::*)(), char const*) (gtest.cc:2657)
==163==  Address 0x4debb60 is 0 bytes after a block of size 0 alloc'd
==163==    at 0x484A2F3: operator new[](unsigned long) (in /usr/libexec/valgrind/vgpreload_memcheck-amd64-linux.so)
==163==    by 0x11C384: SimpleString::SimpleString() (simpleString.h:138)
==163==    by 0x114E87: SimpleStringTester_constructionWithDefaultConstructor_expectedAllElementsAreZero_Test::TestBody() (simpleStringTests.cpp:43)
==163==    by 0x1612F2: void testing::internal::HandleSehExceptionsInMethodIfSupported<testing::Test, void>(testing::Test*, void (testing::Test::*)(), char const*) (gtest.cc:2621)
==163==    by 0x1596AA: void testing::internal::HandleExceptionsInMethodIfSupported<testing::Test, void>(testing::Test*, void (testing::Test::*)(), char const*) (gtest.cc:2657)
==163==    by 0x134037: testing::Test::Run() (gtest.cc:2696)
==163==    by 0x134B52: testing::TestInfo::Run() (gtest.cc:2845)
==163==    by 0x135490: testing::TestSuite::Run() (gtest.cc:3004)
==163==    by 0x145840: testing::internal::UnitTestImpl::RunAllTests() (gtest.cc:5890)
==163==    by 0x162399: bool testing::internal::HandleSehExceptionsInMethodIfSupported<testing::internal::UnitTestImpl, bool>(testing::internal::UnitTestImpl*, bool (testing::internal::UnitTestImpl::*)(), char const*) (gtest.cc:2621)
==163==    by 0x15A8CA: bool testing::internal::HandleExceptionsInMethodIfSupported<testing::internal::UnitTestImpl, bool>(testing::internal::UnitTestImpl*, bool (testing::internal::UnitTestImpl::*)(), char const*) (gtest.cc:2657)
==163==    by 0x143E62: testing::UnitTest::Run() (gtest.cc:5455)
==163== 
[       OK ] SimpleStringTester.constructionWithDefaultConstructor_expectedAllElementsAreZero (19 ms)
[ RUN      ] SimpleStringTester.constructionFromText_expectedDataCopied
[       OK ] SimpleStringTester.constructionFromText_expectedDataCopied (6 ms)
[ RUN      ] SimpleStringTester.constructionFromEmptyText_expectedEmptyTextCopied
[       OK ] SimpleStringTester.constructionFromEmptyText_expectedEmptyTextCopied (4 ms)
[ RUN      ] SimpleStringTester.copyConstruction_expectedDataCopied
[       OK ] SimpleStringTester.copyConstruction_expectedDataCopied (7 ms)
[ RUN      ] SimpleStringTester.destructor_expectedMemoryFreed
/tmp/tmppd5xdyj_/student/lab4SimpleString/tests/simpleStringTests.cpp:116: Failure
Expected equality of these values:
  deallocationsBefore + 1
    Which is: 1
  ::deallocations
    Which is: 0
[  FAILED  ] SimpleStringTester.destructor_expectedMemoryFreed (52 ms)
[ RUN      ] SimpleStringTester.instanceMethod_expectedCountedAllLivingInstances
[       OK ] SimpleStringTester.instanceMethod_expectedCountedAllLivingInstances (5 ms)
[ RUN      ] SimpleStringTester.assign_expectedNewTextSet
==163== Mismatched free() / delete / delete []
==163==    at 0x484BB6F: operator delete(void*, unsigned long) (in /usr/libexec/valgrind/vgpreload_memcheck-amd64-linux.so)
==163==    by 0x1200A4: SimpleString::assign(char const*) (simpleString.cpp:45)
==163==    by 0x1178F7: SimpleStringTester_assign_expectedNewTextSet_Test::TestBody() (simpleStringTests.cpp:155)
==163==    by 0x1612F2: void testing::internal::HandleSehExceptionsInMethodIfSupported<testing::Test, void>(testing::Test*, void (testing::Test::*)(), char const*) (gtest.cc:2621)
==163==    by 0x1596AA: void testing::internal::HandleExceptionsInMethodIfSupported<testing::Test, void>(testing::Test*, void (testing::Test::*)(), char const*) (gtest.cc:2657)
==163==    by 0x134037: testing::Test::Run() (gtest.cc:2696)
==163==    by 0x134B52: testing::TestInfo::Run() (gtest.cc:2845)
==163==    by 0x135490: testing::TestSuite::Run() (gtest.cc:3004)
==163==    by 0x145840: testing::internal::UnitTestImpl::RunAllTests() (gtest.cc:5890)
==163==    by 0x162399: bool testing::internal::HandleSehExceptionsInMethodIfSupported<testing::internal::UnitTestImpl, bool>(testing::internal::UnitTestImpl*, bool (testing::internal::UnitTestImpl::*)(), char const*) (gtest.cc:2621)
==163==    by 0x15A8CA: bool testing::internal::HandleExceptionsInMethodIfSupported<testing::internal::UnitTestImpl, bool>(testing::internal::UnitTestImpl*, bool (testing::internal::UnitTestImpl::*)(), char const*) (gtest.cc:2657)
==163==    by 0x143E62: testing::UnitTest::Run() (gtest.cc:5455)
==163==  Address 0x4df0010 is 0 bytes inside a block of size 164 alloc'd
==163==    at 0x484A2F3: operator new[](unsigned long) (in /usr/libexec/valgrind/vgpreload_memcheck-amd64-linux.so)
==163==    by 0x11C3F1: SimpleString::SimpleString(char const*) (simpleString.h:146)
==163==    by 0x117495: SimpleStringTester_assign_expectedNewTextSet_Test::TestBody() (simpleStringTests.cpp:148)
==163==    by 0x1612F2: void testing::internal::HandleSehExceptionsInMethodIfSupported<testing::Test, void>(testing::Test*, void (testing::Test::*)(), char const*) (gtest.cc:2621)
==163==    by 0x1596AA: void testing::internal::HandleExceptionsInMethodIfSupported<testing::Test, void>(testing::Test*, void (testing::Test::*)(), char const*) (gtest.cc:2657)
==163==    by 0x134037: testing::Test::Run() (gtest.cc:2696)
==163==    by 0x134B52: testing::TestInfo::Run() (gtest.cc:2845)
==163==    by 0x135490: testing::TestSuite::Run() (gtest.cc:3004)
==163==    by 0x145840: testing::internal::UnitTestImpl::RunAllTests() (gtest.cc:5890)
==163==    by 0x162399: bool testing::internal::HandleSehExceptionsInMethodIfSupported<testing::internal::UnitTestImpl, bool>(testing::internal::UnitTestImpl*, bool (testing::internal::UnitTestImpl::*)(), char const*) (gtest.cc:2621)
==163==    by 0x15A8CA: bool testing::internal::HandleExceptionsInMethodIfSupported<testing::internal::UnitTestImpl, bool>(testing::internal::UnitTestImpl*, bool (testing::internal::UnitTestImpl::*)(), char const*) (gtest.cc:2657)
==163==    by 0x143E62: testing::UnitTest::Run() (gtest.cc:5455)
==163== 
[       OK ] SimpleStringTester.assign_expectedNewTextSet (8 ms)
[ RUN      ] SimpleStringTester.equalToWithoutIgnoringCases
[       OK ] SimpleStringTester.equalToWithoutIgnoringCases (8 ms)
[ RUN      ] SimpleStringTester.equalToWithDifferentCaseSettings
[       OK ] SimpleStringTester.equalToWithDifferentCaseSettings (3 ms)
[ RUN      ] SimpleStringTester.appendOneTextAnotherOne_expectedBothTextMerged
[       OK ] SimpleStringTester.appendOneTextAnotherOne_expectedBothTextMerged (6 ms)
[ RUN      ] SimpleStringTester.substr_expectedPartOfTextReturned
==163== Invalid write of size 1
==163==    at 0x12038B: SimpleString::substr(unsigned long, unsigned long) const (simpleString.cpp:90)
==163==    by 0x1198CA: SimpleStringTester_substr_expectedPartOfTextReturned_Test::TestBody() (simpleStringTests.cpp:252)
==163==    by 0x1612F2: void testing::internal::HandleSehExceptionsInMethodIfSupported<testing::Test, void>(testing::Test*, void (testing::Test::*)(), char const*) (gtest.cc:2621)
==163==    by 0x1596AA: void testing::internal::HandleExceptionsInMethodIfSupported<testing::Test, void>(testing::Test*, void (testing::Test::*)(), char const*) (gtest.cc:2657)
==163==    by 0x134037: testing::Test::Run() (gtest.cc:2696)
==163==    by 0x134B52: testing::TestInfo::Run() (gtest.cc:2845)
==163==    by 0x135490: testing::TestSuite::Run() (gtest.cc:3004)
==163==    by 0x145840: testing::internal::UnitTestImpl::RunAllTests() (gtest.cc:5890)
==163==    by 0x162399: bool testing::internal::HandleSehExceptionsInMethodIfSupported<testing::internal::UnitTestImpl, bool>(testing::internal::UnitTestImpl*, bool (testing::internal::UnitTestImpl::*)(), char const*) (gtest.cc:2621)
==163==    by 0x15A8CA: bool testing::internal::HandleExceptionsInMethodIfSupported<testing::internal::UnitTestImpl, bool>(testing::internal::UnitTestImpl*, bool (testing::internal::UnitTestImpl::*)(), char const*) (gtest.cc:2657)
==163==    by 0x143E62: testing::UnitTest::Run() (gtest.cc:5455)
==163==    by 0x1764F6: RUN_ALL_TESTS() (gtest.h:2314)
==163==  Address 0x4df1964 is 0 bytes after a block of size 36 alloc'd
==163==    at 0x484A2F3: operator new[](unsigned long) (in /usr/libexec/valgrind/vgpreload_memcheck-amd64-linux.so)
==163==    by 0x12030B: SimpleString::substr(unsigned long, unsigned long) const (simpleString.cpp:85)
==163==    by 0x1198CA: SimpleStringTester_substr_expectedPartOfTextReturned_Test::TestBody() (simpleStringTests.cpp:252)
==163==    by 0x1612F2: void testing::internal::HandleSehExceptionsInMethodIfSupported<testing::Test, void>(testing::Test*, void (testing::Test::*)(), char const*) (gtest.cc:2621)
==163==    by 0x1596AA: void testing::internal::HandleExceptionsInMethodIfSupported<testing::Test, void>(testing::Test*, void (testing::Test::*)(), char const*) (gtest.cc:2657)
==163==    by 0x134037: testing::Test::Run() (gtest.cc:2696)
==163==    by 0x134B52: testing::TestInfo::Run() (gtest.cc:2845)
==163==    by 0x135490: testing::TestSuite::Run() (gtest.cc:3004)
==163==    by 0x145840: testing::internal::UnitTestImpl::RunAllTests() (gtest.cc:5890)
==163==    by 0x162399: bool testing::internal::HandleSehExceptionsInMethodIfSupported<testing::internal::UnitTestImpl, bool>(testing::internal::UnitTestImpl*, bool (testing::internal::UnitTestImpl::*)(), char const*) (gtest.cc:2621)
==163==    by 0x15A8CA: bool testing::internal::HandleExceptionsInMethodIfSupported<testing::internal::UnitTestImpl, bool>(testing::internal::UnitTestImpl*, bool (testing::internal::UnitTestImpl::*)(), char const*) (gtest.cc:2657)
==163==    by 0x143E62: testing::UnitTest::Run() (gtest.cc:5455)
==163== 
==163== Invalid read of size 1
==163==    at 0x11C578: SimpleString::SimpleString(SimpleString const&) (simpleString.h:161)
==163==    by 0x1203A0: SimpleString::substr(unsigned long, unsigned long) const (simpleString.cpp:91)
==163==    by 0x1198CA: SimpleStringTester_substr_expectedPartOfTextReturned_Test::TestBody() (simpleStringTests.cpp:252)
==163==    by 0x1612F2: void testing::internal::HandleSehExceptionsInMethodIfSupported<testing::Test, void>(testing::Test*, void (testing::Test::*)(), char const*) (gtest.cc:2621)
==163==    by 0x1596AA: void testing::internal::HandleExceptionsInMethodIfSupported<testing::Test, void>(testing::Test*, void (testing::Test::*)(), char const*) (gtest.cc:2657)
==163==    by 0x134037: testing::Test::Run() (gtest.cc:2696)
==163==    by 0x134B52: testing::TestInfo::Run() (gtest.cc:2845)
==163==    by 0x135490: testing::TestSuite::Run() (gtest.cc:3004)
==163==    by 0x145840: testing::internal::UnitTestImpl::RunAllTests() (gtest.cc:5890)
==163==    by 0x162399: bool testing::internal::HandleSehExceptionsInMethodIfSupported<testing::internal::UnitTestImpl, bool>(testing::internal::UnitTestImpl*, bool (testing::internal::UnitTestImpl::*)(), char const*) (gtest.cc:2621)
==163==    by 0x15A8CA: bool testing::internal::HandleExceptionsInMethodIfSupported<testing::internal::UnitTestImpl, bool>(testing::internal::UnitTestImpl*, bool (testing::internal::UnitTestImpl::*)(), char const*) (gtest.cc:2657)
==163==    by 0x143E62: testing::UnitTest::Run() (gtest.cc:5455)
==163==  Address 0x4df1964 is 0 bytes after a block of size 36 alloc'd
==163==    at 0x484A2F3: operator new[](unsigned long) (in /usr/libexec/valgrind/vgpreload_memcheck-amd64-linux.so)
==163==    by 0x12030B: SimpleString::substr(unsigned long, unsigned long) const (simpleString.cpp:85)
==163==    by 0x1198CA: SimpleStringTester_substr_expectedPartOfTextReturned_Test::TestBody() (simpleStringTests.cpp:252)
==163==    by 0x1612F2: void testing::internal::HandleSehExceptionsInMethodIfSupported<testing::Test, void>(testing::Test*, void (testing::Test::*)(), char const*) (gtest.cc:2621)
==163==    by 0x1596AA: void testing::internal::HandleExceptionsInMethodIfSupported<testing::Test, void>(testing::Test*, void (testing::Test::*)(), char const*) (gtest.cc:2657)
==163==    by 0x134037: testing::Test::Run() (gtest.cc:2696)
==163==    by 0x134B52: testing::TestInfo::Run() (gtest.cc:2845)
==163==    by 0x135490: testing::TestSuite::Run() (gtest.cc:3004)
==163==    by 0x145840: testing::internal::UnitTestImpl::RunAllTests() (gtest.cc:5890)
==163==    by 0x162399: bool testing::internal::HandleSehExceptionsInMethodIfSupported<testing::internal::UnitTestImpl, bool>(testing::internal::UnitTestImpl*, bool (testing::internal::UnitTestImpl::*)(), char const*) (gtest.cc:2621)
==163==    by 0x15A8CA: bool testing::internal::HandleExceptionsInMethodIfSupported<testing::internal::UnitTestImpl, bool>(testing::internal::UnitTestImpl*, bool (testing::internal::UnitTestImpl::*)(), char const*) (gtest.cc:2657)
==163==    by 0x143E62: testing::UnitTest::Run() (gtest.cc:5455)
==163== 
[       OK ] SimpleStringTester.substr_expectedPartOfTextReturned (5 ms)
[ RUN      ] SimpleStringTester.movingConstructor
==163== Invalid write of size 1
==163==    at 0x12042E: SimpleString::c_str() const (simpleString.cpp:98)
==163==    by 0x119F0D: SimpleStringTester_movingConstructor_Test::TestBody() (simpleStringTests.cpp:270)
==163==    by 0x1612F2: void testing::internal::HandleSehExceptionsInMethodIfSupported<testing::Test, void>(testing::Test*, void (testing::Test::*)(), char const*) (gtest.cc:2621)
==163==    by 0x1596AA: void testing::internal::HandleExceptionsInMethodIfSupported<testing::Test, void>(testing::Test*, void (testing::Test::*)(), char const*) (gtest.cc:2657)
==163==    by 0x134037: testing::Test::Run() (gtest.cc:2696)
==163==    by 0x134B52: testing::TestInfo::Run() (gtest.cc:2845)
==163==    by 0x135490: testing::TestSuite::Run() (gtest.cc:3004)
==163==    by 0x145840: testing::internal::UnitTestImpl::RunAllTests() (gtest.cc:5890)
==163==    by 0x162399: bool testing::internal::HandleSehExceptionsInMethodIfSupported<testing::internal::UnitTestImpl, bool>(testing::internal::UnitTestImpl*, bool (testing::internal::UnitTestImpl::*)(), char const*) (gtest.cc:2621)
==163==    by 0x15A8CA: bool testing::internal::HandleExceptionsInMethodIfSupported<testing::internal::UnitTestImpl, bool>(testing::internal::UnitTestImpl*, bool (testing::internal::UnitTestImpl::*)(), char const*) (gtest.cc:2657)
==163==    by 0x143E62: testing::UnitTest::Run() (gtest.cc:5455)
==163==    by 0x1764F6: RUN_ALL_TESTS() (gtest.h:2314)
==163==  Address 0x4df1f60 is 0 bytes after a block of size 0 alloc'd
==163==    at 0x484A2F3: operator new[](unsigned long) (in /usr/libexec/valgrind/vgpreload_memcheck-amd64-linux.so)
==163==    by 0x11C47E: SimpleString::SimpleString(SimpleString&&) (simpleString.h:152)
==163==    by 0x119DFA: SimpleStringTester_movingConstructor_Test::TestBody() (simpleStringTests.cpp:267)
==163==    by 0x1612F2: void testing::internal::HandleSehExceptionsInMethodIfSupported<testing::Test, void>(testing::Test*, void (testing::Test::*)(), char const*) (gtest.cc:2621)
==163==    by 0x1596AA: void testing::internal::HandleExceptionsInMethodIfSupported<testing::Test, void>(testing::Test*, void (testing::Test::*)(), char const*) (gtest.cc:2657)
==163==    by 0x134037: testing::Test::Run() (gtest.cc:2696)
==163==    by 0x134B52: testing::TestInfo::Run() (gtest.cc:2845)
==163==    by 0x135490: testing::TestSuite::Run() (gtest.cc:3004)
==163==    by 0x145840: testing::internal::UnitTestImpl::RunAllTests() (gtest.cc:5890)
==163==    by 0x162399: bool testing::internal::HandleSehExceptionsInMethodIfSupported<testing::internal::UnitTestImpl, bool>(testing::internal::UnitTestImpl*, bool (testing::internal::UnitTestImpl::*)(), char const*) (gtest.cc:2621)
==163==    by 0x15A8CA: bool testing::internal::HandleExceptionsInMethodIfSupported<testing::internal::UnitTestImpl, bool>(testing::internal::UnitTestImpl*, bool (testing::internal::UnitTestImpl::*)(), char const*) (gtest.cc:2657)
==163==    by 0x143E62: testing::UnitTest::Run() (gtest.cc:5455)
==163== 
==163== Invalid read of size 1
==163==    at 0x484FBD7: strcmp (in /usr/libexec/valgrind/vgpreload_memcheck-amd64-linux.so)
==163==    by 0x12E5DB: testing::internal::String::CStringEquals(char const*, char const*) (gtest.cc:1211)
==163==    by 0x130F86: testing::internal::CmpHelperSTREQ(char const*, char const*, char const*, char const*) (gtest.cc:1714)
==163==    by 0x119F3A: SimpleStringTester_movingConstructor_Test::TestBody() (simpleStringTests.cpp:270)
==163==    by 0x1612F2: void testing::internal::HandleSehExceptionsInMethodIfSupported<testing::Test, void>(testing::Test*, void (testing::Test::*)(), char const*) (gtest.cc:2621)
==163==    by 0x1596AA: void testing::internal::HandleExceptionsInMethodIfSupported<testing::Test, void>(testing::Test*, void (testing::Test::*)(), char const*) (gtest.cc:2657)
==163==    by 0x134037: testing::Test::Run() (gtest.cc:2696)
==163==    by 0x134B52: testing::TestInfo::Run() (gtest.cc:2845)
==163==    by 0x135490: testing::TestSuite::Run() (gtest.cc:3004)
==163==    by 0x145840: testing::internal::UnitTestImpl::RunAllTests() (gtest.cc:5890)
==163==    by 0x162399: bool testing::internal::HandleSehExceptionsInMethodIfSupported<testing::internal::UnitTestImpl, bool>(testing::internal::UnitTestImpl*, bool (testing::internal::UnitTestImpl::*)(), char const*) (gtest.cc:2621)
==163==    by 0x15A8CA: bool testing::internal::HandleExceptionsInMethodIfSupported<testing::internal::UnitTestImpl, bool>(testing::internal::UnitTestImpl*, bool (testing::internal::UnitTestImpl::*)(), char const*) (gtest.cc:2657)
==163==  Address 0x4df1f60 is 0 bytes after a block of size 0 alloc'd
==163==    at 0x484A2F3: operator new[](unsigned long) (in /usr/libexec/valgrind/vgpreload_memcheck-amd64-linux.so)
==163==    by 0x11C47E: SimpleString::SimpleString(SimpleString&&) (simpleString.h:152)
==163==    by 0x119DFA: SimpleStringTester_movingConstructor_Test::TestBody() (simpleStringTests.cpp:267)
==163==    by 0x1612F2: void testing::internal::HandleSehExceptionsInMethodIfSupported<testing::Test, void>(testing::Test*, void (testing::Test::*)(), char const*) (gtest.cc:2621)
==163==    by 0x1596AA: void testing::internal::HandleExceptionsInMethodIfSupported<testing::Test, void>(testing::Test*, void (testing::Test::*)(), char const*) (gtest.cc:2657)
==163==    by 0x134037: testing::Test::Run() (gtest.cc:2696)
==163==    by 0x134B52: testing::TestInfo::Run() (gtest.cc:2845)
==163==    by 0x135490: testing::TestSuite::Run() (gtest.cc:3004)
==163==    by 0x145840: testing::internal::UnitTestImpl::RunAllTests() (gtest.cc:5890)
==163==    by 0x162399: bool testing::internal::HandleSehExceptionsInMethodIfSupported<testing::internal::UnitTestImpl, bool>(testing::internal::UnitTestImpl*, bool (testing::internal::UnitTestImpl::*)(), char const*) (gtest.cc:2621)
==163==    by 0x15A8CA: bool testing::internal::HandleExceptionsInMethodIfSupported<testing::internal::UnitTestImpl, bool>(testing::internal::UnitTestImpl*, bool (testing::internal::UnitTestImpl::*)(), char const*) (gtest.cc:2657)
==163==    by 0x143E62: testing::UnitTest::Run() (gtest.cc:5455)
==163== 
[       OK ] SimpleStringTester.movingConstructor (6 ms)
[ RUN      ] SimpleStringTester.compareTextWithCases_expectedComparingWorks
[       OK ] SimpleStringTester.compareTextWithCases_expectedComparingWorks (6 ms)
[ RUN      ] SimpleStringTester.compareTextWithoutCases_expectedComparingWorks
[       OK ] SimpleStringTester.compareTextWithoutCases_expectedComparingWorks (5 ms)
[----------] 14 tests from SimpleStringTester (162 ms total)

[----------] Global test environment tear-down
[==========] 14 tests from 1 test suite ran. (217 ms total)
[  PASSED  ] 13 tests.
[  FAILED  ] 1 test, listed below:
[  FAILED  ] SimpleStringTester.destructor_expectedMemoryFreed

 1 FAILED TEST
==163== 
==163== HEAP SUMMARY:
==163==     in use at exit: 60 bytes in 39 blocks
==163==   total heap usage: 623 allocs, 584 frees, 148,355 bytes allocated
==163== 
==163== 0 bytes in 1 blocks are definitely lost in loss record 1 of 39
==163==    at 0x484A2F3: operator new[](unsigned long) (in /usr/libexec/valgrind/vgpreload_memcheck-amd64-linux.so)
==163==    by 0x11C384: SimpleString::SimpleString() (simpleString.h:138)
==163==    by 0x11C3B1: SimpleString::SimpleString(char const*) (simpleString.h:141)
==163==    by 0x11527D: SimpleStringTester_constructionFromText_expectedDataCopied_Test::TestBody() (simpleStringTests.cpp:56)
==163==    by 0x1612F2: void testing::internal::HandleSehExceptionsInMethodIfSupported<testing::Test, void>(testing::Test*, void (testing::Test::*)(), char const*) (gtest.cc:2621)
==163==    by 0x1596AA: void testing::internal::HandleExceptionsInMethodIfSupported<testing::Test, void>(testing::Test*, void (testing::Test::*)(), char const*) (gtest.cc:2657)
==163==    by 0x134037: testing::Test::Run() (gtest.cc:2696)
==163==    by 0x134B52: testing::TestInfo::Run() (gtest.cc:2845)
==163==    by 0x135490: testing::TestSuite::Run() (gtest.cc:3004)
==163==    by 0x145840: testing::internal::UnitTestImpl::RunAllTests() (gtest.cc:5890)
==163==    by 0x162399: bool testing::internal::HandleSehExceptionsInMethodIfSupported<testing::internal::UnitTestImpl, bool>(testing::internal::UnitTestImpl*, bool (testing::internal::UnitTestImpl::*)(), char const*) (gtest.cc:2621)
==163==    by 0x15A8CA: bool testing::internal::HandleExceptionsInMethodIfSupported<testing::internal::UnitTestImpl, bool>(testing::internal::UnitTestImpl*, bool (testing::internal::UnitTestImpl::*)(), char const*) (gtest.cc:2657)
==163== 
==163== 0 bytes in 1 blocks are definitely lost in loss record 2 of 39
==163==    at 0x484A2F3: operator new[](unsigned long) (in /usr/libexec/valgrind/vgpreload_memcheck-amd64-linux.so)
==163==    by 0x11C384: SimpleString::SimpleString() (simpleString.h:138)
==163==    by 0x11C3B1: SimpleString::SimpleString(char const*) (simpleString.h:141)
==163==    by 0x11580D: SimpleStringTester_constructionFromEmptyText_expectedEmptyTextCopied_Test::TestBody() (simpleStringTests.cpp:69)
==163==    by 0x1612F2: void testing::internal::HandleSehExceptionsInMethodIfSupported<testing::Test, void>(testing::Test*, void (testing::Test::*)(), char const*) (gtest.cc:2621)
==163==    by 0x1596AA: void testing::internal::HandleExceptionsInMethodIfSupported<testing::Test, void>(testing::Test*, void (testing::Test::*)(), char const*) (gtest.cc:2657)
==163==    by 0x134037: testing::Test::Run() (gtest.cc:2696)
==163==    by 0x134B52: testing::TestInfo::Run() (gtest.cc:2845)
==163==    by 0x135490: testing::TestSuite::Run() (gtest.cc:3004)
==163==    by 0x145840: testing::internal::UnitTestImpl::RunAllTests() (gtest.cc:5890)
==163==    by 0x162399: bool testing::internal::HandleSehExceptionsInMethodIfSupported<testing::internal::UnitTestImpl, bool>(testing::internal::UnitTestImpl*, bool (testing::internal::UnitTestImpl::*)(), char const*) (gtest.cc:2621)
==163==    by 0x15A8CA: bool testing::internal::HandleExceptionsInMethodIfSupported<testing::internal::UnitTestImpl, bool>(testing::internal::UnitTestImpl*, bool (testing::internal::UnitTestImpl::*)(), char const*) (gtest.cc:2657)
==163== 
==163== 0 bytes in 1 blocks are definitely lost in loss record 3 of 39
==163==    at 0x484A2F3: operator new[](unsigned long) (in /usr/libexec/valgrind/vgpreload_memcheck-amd64-linux.so)
==163==    by 0x11C384: SimpleString::SimpleString() (simpleString.h:138)
==163==    by 0x11C3B1: SimpleString::SimpleString(char const*) (simpleString.h:141)
==163==    by 0x115D8A: SimpleStringTester_copyConstruction_expectedDataCopied_Test::TestBody() (simpleStringTests.cpp:83)
==163==    by 0x1612F2: void testing::internal::HandleSehExceptionsInMethodIfSupported<testing::Test, void>(testing::Test*, void (testing::Test::*)(), char const*) (gtest.cc:2621)
==163==    by 0x1596AA: void testing::internal::HandleExceptionsInMethodIfSupported<testing::Test, void>(testing::Test*, void (testing::Test::*)(), char const*) (gtest.cc:2657)
==163==    by 0x134037: testing::Test::Run() (gtest.cc:2696)
==163==    by 0x134B52: testing::TestInfo::Run() (gtest.cc:2845)
==163==    by 0x135490: testing::TestSuite::Run() (gtest.cc:3004)
==163==    by 0x145840: testing::internal::UnitTestImpl::RunAllTests() (gtest.cc:5890)
==163==    by 0x162399: bool testing::internal::HandleSehExceptionsInMethodIfSupported<testing::internal::UnitTestImpl, bool>(testing::internal::UnitTestImpl*, bool (testing::internal::UnitTestImpl::*)(), char const*) (gtest.cc:2621)
==163==    by 0x15A8CA: bool testing::internal::HandleExceptionsInMethodIfSupported<testing::internal::UnitTestImpl, bool>(testing::internal::UnitTestImpl*, bool (testing::internal::UnitTestImpl::*)(), char const*) (gtest.cc:2657)
==163== 
==163== 0 bytes in 1 blocks are definitely lost in loss record 4 of 39
==163==    at 0x484A2F3: operator new[](unsigned long) (in /usr/libexec/valgrind/vgpreload_memcheck-amd64-linux.so)
==163==    by 0x11C384: SimpleString::SimpleString() (simpleString.h:138)
==163==    by 0x11C531: SimpleString::SimpleString(SimpleString const&) (simpleString.h:157)
==163==    by 0x115D9D: SimpleStringTester_copyConstruction_expectedDataCopied_Test::TestBody() (simpleStringTests.cpp:84)
==163==    by 0x1612F2: void testing::internal::HandleSehExceptionsInMethodIfSupported<testing::Test, void>(testing::Test*, void (testing::Test::*)(), char const*) (gtest.cc:2621)
==163==    by 0x1596AA: void testing::internal::HandleExceptionsInMethodIfSupported<testing::Test, void>(testing::Test*, void (testing::Test::*)(), char const*) (gtest.cc:2657)
==163==    by 0x134037: testing::Test::Run() (gtest.cc:2696)
==163==    by 0x134B52: testing::TestInfo::Run() (gtest.cc:2845)
==163==    by 0x135490: testing::TestSuite::Run() (gtest.cc:3004)
==163==    by 0x145840: testing::internal::UnitTestImpl::RunAllTests() (gtest.cc:5890)
==163==    by 0x162399: bool testing::internal::HandleSehExceptionsInMethodIfSupported<testing::internal::UnitTestImpl, bool>(testing::internal::UnitTestImpl*, bool (testing::internal::UnitTestImpl::*)(), char const*) (gtest.cc:2621)
==163==    by 0x15A8CA: bool testing::internal::HandleExceptionsInMethodIfSupported<testing::internal::UnitTestImpl, bool>(testing::internal::UnitTestImpl*, bool (testing::internal::UnitTestImpl::*)(), char const*) (gtest.cc:2657)
==163== 
==163== 0 bytes in 1 blocks are definitely lost in loss record 5 of 39
==163==    at 0x484A2F3: operator new[](unsigned long) (in /usr/libexec/valgrind/vgpreload_memcheck-amd64-linux.so)
==163==    by 0x11C384: SimpleString::SimpleString() (simpleString.h:138)
==163==    by 0x11C3B1: SimpleString::SimpleString(char const*) (simpleString.h:141)
==163==    by 0x116988: SimpleStringTester_destructor_expectedMemoryFreed_Test::TestBody() (simpleStringTests.cpp:109)
==163==    by 0x1612F2: void testing::internal::HandleSehExceptionsInMethodIfSupported<testing::Test, void>(testing::Test*, void (testing::Test::*)(), char const*) (gtest.cc:2621)
==163==    by 0x1596AA: void testing::internal::HandleExceptionsInMethodIfSupported<testing::Test, void>(testing::Test*, void (testing::Test::*)(), char const*) (gtest.cc:2657)
==163==    by 0x134037: testing::Test::Run() (gtest.cc:2696)
==163==    by 0x134B52: testing::TestInfo::Run() (gtest.cc:2845)
==163==    by 0x135490: testing::TestSuite::Run() (gtest.cc:3004)
==163==    by 0x145840: testing::internal::UnitTestImpl::RunAllTests() (gtest.cc:5890)
==163==    by 0x162399: bool testing::internal::HandleSehExceptionsInMethodIfSupported<testing::internal::UnitTestImpl, bool>(testing::internal::UnitTestImpl*, bool (testing::internal::UnitTestImpl::*)(), char const*) (gtest.cc:2621)
==163==    by 0x15A8CA: bool testing::internal::HandleExceptionsInMethodIfSupported<testing::internal::UnitTestImpl, bool>(testing::internal::UnitTestImpl*, bool (testing::internal::UnitTestImpl::*)(), char const*) (gtest.cc:2657)
==163== 
==163== 0 bytes in 1 blocks are definitely lost in loss record 6 of 39
==163==    at 0x484A2F3: operator new[](unsigned long) (in /usr/libexec/valgrind/vgpreload_memcheck-amd64-linux.so)
==163==    by 0x11C384: SimpleString::SimpleString() (simpleString.h:138)
==163==    by 0x11C3B1: SimpleString::SimpleString(char const*) (simpleString.h:141)
==163==    by 0x117495: SimpleStringTester_assign_expectedNewTextSet_Test::TestBody() (simpleStringTests.cpp:148)
==163==    by 0x1612F2: void testing::internal::HandleSehExceptionsInMethodIfSupported<testing::Test, void>(testing::Test*, void (testing::Test::*)(), char const*) (gtest.cc:2621)
==163==    by 0x1596AA: void testing::internal::HandleExceptionsInMethodIfSupported<testing::Test, void>(testing::Test*, void (testing::Test::*)(), char const*) (gtest.cc:2657)
==163==    by 0x134037: testing::Test::Run() (gtest.cc:2696)
==163==    by 0x134B52: testing::TestInfo::Run() (gtest.cc:2845)
==163==    by 0x135490: testing::TestSuite::Run() (gtest.cc:3004)
==163==    by 0x145840: testing::internal::UnitTestImpl::RunAllTests() (gtest.cc:5890)
==163==    by 0x162399: bool testing::internal::HandleSehExceptionsInMethodIfSupported<testing::internal::UnitTestImpl, bool>(testing::internal::UnitTestImpl*, bool (testing::internal::UnitTestImpl::*)(), char const*) (gtest.cc:2621)
==163==    by 0x15A8CA: bool testing::internal::HandleExceptionsInMethodIfSupported<testing::internal::UnitTestImpl, bool>(testing::internal::UnitTestImpl*, bool (testing::internal::UnitTestImpl::*)(), char const*) (gtest.cc:2657)
==163== 
==163== 0 bytes in 1 blocks are definitely lost in loss record 7 of 39
==163==    at 0x484A2F3: operator new[](unsigned long) (in /usr/libexec/valgrind/vgpreload_memcheck-amd64-linux.so)
==163==    by 0x11C384: SimpleString::SimpleString() (simpleString.h:138)
==163==    by 0x11C3B1: SimpleString::SimpleString(char const*) (simpleString.h:141)
==163==    by 0x11806E: SimpleStringTester_equalToWithoutIgnoringCases_Test::TestBody() (simpleStringTests.cpp:169)
==163==    by 0x1612F2: void testing::internal::HandleSehExceptionsInMethodIfSupported<testing::Test, void>(testing::Test*, void (testing::Test::*)(), char const*) (gtest.cc:2621)
==163==    by 0x1596AA: void testing::internal::HandleExceptionsInMethodIfSupported<testing::Test, void>(testing::Test*, void (testing::Test::*)(), char const*) (gtest.cc:2657)
==163==    by 0x134037: testing::Test::Run() (gtest.cc:2696)
==163==    by 0x134B52: testing::TestInfo::Run() (gtest.cc:2845)
==163==    by 0x135490: testing::TestSuite::Run() (gtest.cc:3004)
==163==    by 0x145840: testing::internal::UnitTestImpl::RunAllTests() (gtest.cc:5890)
==163==    by 0x162399: bool testing::internal::HandleSehExceptionsInMethodIfSupported<testing::internal::UnitTestImpl, bool>(testing::internal::UnitTestImpl*, bool (testing::internal::UnitTestImpl::*)(), char const*) (gtest.cc:2621)
==163==    by 0x15A8CA: bool testing::internal::HandleExceptionsInMethodIfSupported<testing::internal::UnitTestImpl, bool>(testing::internal::UnitTestImpl*, bool (testing::internal::UnitTestImpl::*)(), char const*) (gtest.cc:2657)
==163== 
==163== 0 bytes in 1 blocks are definitely lost in loss record 8 of 39
==163==    at 0x484A2F3: operator new[](unsigned long) (in /usr/libexec/valgrind/vgpreload_memcheck-amd64-linux.so)
==163==    by 0x11C384: SimpleString::SimpleString() (simpleString.h:138)
==163==    by 0x11C3B1: SimpleString::SimpleString(char const*) (simpleString.h:141)
==163==    by 0x118081: SimpleStringTester_equalToWithoutIgnoringCases_Test::TestBody() (simpleStringTests.cpp:170)
==163==    by 0x1612F2: void testing::internal::HandleSehExceptionsInMethodIfSupported<testing::Test, void>(testing::Test*, void (testing::Test::*)(), char const*) (gtest.cc:2621)
==163==    by 0x1596AA: void testing::internal::HandleExceptionsInMethodIfSupported<testing::Test, void>(testing::Test*, void (testing::Test::*)(), char const*) (gtest.cc:2657)
==163==    by 0x134037: testing::Test::Run() (gtest.cc:2696)
==163==    by 0x134B52: testing::TestInfo::Run() (gtest.cc:2845)
==163==    by 0x135490: testing::TestSuite::Run() (gtest.cc:3004)
==163==    by 0x145840: testing::internal::UnitTestImpl::RunAllTests() (gtest.cc:5890)
==163==    by 0x162399: bool testing::internal::HandleSehExceptionsInMethodIfSupported<testing::internal::UnitTestImpl, bool>(testing::internal::UnitTestImpl*, bool (testing::internal::UnitTestImpl::*)(), char const*) (gtest.cc:2621)
==163==    by 0x15A8CA: bool testing::internal::HandleExceptionsInMethodIfSupported<testing::internal::UnitTestImpl, bool>(testing::internal::UnitTestImpl*, bool (testing::internal::UnitTestImpl::*)(), char const*) (gtest.cc:2657)
==163== 
==163== 0 bytes in 1 blocks are definitely lost in loss record 9 of 39
==163==    at 0x484A2F3: operator new[](unsigned long) (in /usr/libexec/valgrind/vgpreload_memcheck-amd64-linux.so)
==163==    by 0x11C384: SimpleString::SimpleString() (simpleString.h:138)
==163==    by 0x11C3B1: SimpleString::SimpleString(char const*) (simpleString.h:141)
==163==    by 0x118300: SimpleStringTester_equalToWithoutIgnoringCases_Test::TestBody() (simpleStringTests.cpp:178)
==163==    by 0x1612F2: void testing::internal::HandleSehExceptionsInMethodIfSupported<testing::Test, void>(testing::Test*, void (testing::Test::*)(), char const*) (gtest.cc:2621)
==163==    by 0x1596AA: void testing::internal::HandleExceptionsInMethodIfSupported<testing::Test, void>(testing::Test*, void (testing::Test::*)(), char const*) (gtest.cc:2657)
==163==    by 0x134037: testing::Test::Run() (gtest.cc:2696)
==163==    by 0x134B52: testing::TestInfo::Run() (gtest.cc:2845)
==163==    by 0x135490: testing::TestSuite::Run() (gtest.cc:3004)
==163==    by 0x145840: testing::internal::UnitTestImpl::RunAllTests() (gtest.cc:5890)
==163==    by 0x162399: bool testing::internal::HandleSehExceptionsInMethodIfSupported<testing::internal::UnitTestImpl, bool>(testing::internal::UnitTestImpl*, bool (testing::internal::UnitTestImpl::*)(), char const*) (gtest.cc:2621)
==163==    by 0x15A8CA: bool testing::internal::HandleExceptionsInMethodIfSupported<testing::internal::UnitTestImpl, bool>(testing::internal::UnitTestImpl*, bool (testing::internal::UnitTestImpl::*)(), char const*) (gtest.cc:2657)
==163== 
==163== 0 bytes in 1 blocks are definitely lost in loss record 10 of 39
==163==    at 0x484A2F3: operator new[](unsigned long) (in /usr/libexec/valgrind/vgpreload_memcheck-amd64-linux.so)
==163==    by 0x11C384: SimpleString::SimpleString() (simpleString.h:138)
==163==    by 0x11C3B1: SimpleString::SimpleString(char const*) (simpleString.h:141)
==163==    by 0x118313: SimpleStringTester_equalToWithoutIgnoringCases_Test::TestBody() (simpleStringTests.cpp:179)
==163==    by 0x1612F2: void testing::internal::HandleSehExceptionsInMethodIfSupported<testing::Test, void>(testing::Test*, void (testing::Test::*)(), char const*) (gtest.cc:2621)
==163==    by 0x1596AA: void testing::internal::HandleExceptionsInMethodIfSupported<testing::Test, void>(testing::Test*, void (testing::Test::*)(), char const*) (gtest.cc:2657)
==163==    by 0x134037: testing::Test::Run() (gtest.cc:2696)
==163==    by 0x134B52: testing::TestInfo::Run() (gtest.cc:2845)
==163==    by 0x135490: testing::TestSuite::Run() (gtest.cc:3004)
==163==    by 0x145840: testing::internal::UnitTestImpl::RunAllTests() (gtest.cc:5890)
==163==    by 0x162399: bool testing::internal::HandleSehExceptionsInMethodIfSupported<testing::internal::UnitTestImpl, bool>(testing::internal::UnitTestImpl*, bool (testing::internal::UnitTestImpl::*)(), char const*) (gtest.cc:2621)
==163==    by 0x15A8CA: bool testing::internal::HandleExceptionsInMethodIfSupported<testing::internal::UnitTestImpl, bool>(testing::internal::UnitTestImpl*, bool (testing::internal::UnitTestImpl::*)(), char const*) (gtest.cc:2657)
==163== 
==163== 0 bytes in 1 blocks are definitely lost in loss record 11 of 39
==163==    at 0x484A2F3: operator new[](unsigned long) (in /usr/libexec/valgrind/vgpreload_memcheck-amd64-linux.so)
==163==    by 0x11C384: SimpleString::SimpleString() (simpleString.h:138)
==163==    by 0x11C3B1: SimpleString::SimpleString(char const*) (simpleString.h:141)
==163==    by 0x11859C: SimpleStringTester_equalToWithoutIgnoringCases_Test::TestBody() (simpleStringTests.cpp:188)
==163==    by 0x1612F2: void testing::internal::HandleSehExceptionsInMethodIfSupported<testing::Test, void>(testing::Test*, void (testing::Test::*)(), char const*) (gtest.cc:2621)
==163==    by 0x1596AA: void testing::internal::HandleExceptionsInMethodIfSupported<testing::Test, void>(testing::Test*, void (testing::Test::*)(), char const*) (gtest.cc:2657)
==163==    by 0x134037: testing::Test::Run() (gtest.cc:2696)
==163==    by 0x134B52: testing::TestInfo::Run() (gtest.cc:2845)
==163==    by 0x135490: testing::TestSuite::Run() (gtest.cc:3004)
==163==    by 0x145840: testing::internal::UnitTestImpl::RunAllTests() (gtest.cc:5890)
==163==    by 0x162399: bool testing::internal::HandleSehExceptionsInMethodIfSupported<testing::internal::UnitTestImpl, bool>(testing::internal::UnitTestImpl*, bool (testing::internal::UnitTestImpl::*)(), char const*) (gtest.cc:2621)
==163==    by 0x15A8CA: bool testing::internal::HandleExceptionsInMethodIfSupported<testing::internal::UnitTestImpl, bool>(testing::internal::UnitTestImpl*, bool (testing::internal::UnitTestImpl::*)(), char const*) (gtest.cc:2657)
==163== 
==163== 0 bytes in 1 blocks are definitely lost in loss record 12 of 39
==163==    at 0x484A2F3: operator new[](unsigned long) (in /usr/libexec/valgrind/vgpreload_memcheck-amd64-linux.so)
==163==    by 0x11C384: SimpleString::SimpleString() (simpleString.h:138)
==163==    by 0x11C3B1: SimpleString::SimpleString(char const*) (simpleString.h:141)
==163==    by 0x1185AF: SimpleStringTester_equalToWithoutIgnoringCases_Test::TestBody() (simpleStringTests.cpp:189)
==163==    by 0x1612F2: void testing::internal::HandleSehExceptionsInMethodIfSupported<testing::Test, void>(testing::Test*, void (testing::Test::*)(), char const*) (gtest.cc:2621)
==163==    by 0x1596AA: void testing::internal::HandleExceptionsInMethodIfSupported<testing::Test, void>(testing::Test*, void (testing::Test::*)(), char const*) (gtest.cc:2657)
==163==    by 0x134037: testing::Test::Run() (gtest.cc:2696)
==163==    by 0x134B52: testing::TestInfo::Run() (gtest.cc:2845)
==163==    by 0x135490: testing::TestSuite::Run() (gtest.cc:3004)
==163==    by 0x145840: testing::internal::UnitTestImpl::RunAllTests() (gtest.cc:5890)
==163==    by 0x162399: bool testing::internal::HandleSehExceptionsInMethodIfSupported<testing::internal::UnitTestImpl, bool>(testing::internal::UnitTestImpl*, bool (testing::internal::UnitTestImpl::*)(), char const*) (gtest.cc:2621)
==163==    by 0x15A8CA: bool testing::internal::HandleExceptionsInMethodIfSupported<testing::internal::UnitTestImpl, bool>(testing::internal::UnitTestImpl*, bool (testing::internal::UnitTestImpl::*)(), char const*) (gtest.cc:2657)
==163== 
==163== 0 bytes in 1 blocks are definitely lost in loss record 13 of 39
==163==    at 0x484A2F3: operator new[](unsigned long) (in /usr/libexec/valgrind/vgpreload_memcheck-amd64-linux.so)
==163==    by 0x11C384: SimpleString::SimpleString() (simpleString.h:138)
==163==    by 0x11C3B1: SimpleString::SimpleString(char const*) (simpleString.h:141)
==163==    by 0x11884E: SimpleStringTester_equalToWithoutIgnoringCases_Test::TestBody() (simpleStringTests.cpp:198)
==163==    by 0x1612F2: void testing::internal::HandleSehExceptionsInMethodIfSupported<testing::Test, void>(testing::Test*, void (testing::Test::*)(), char const*) (gtest.cc:2621)
==163==    by 0x1596AA: void testing::internal::HandleExceptionsInMethodIfSupported<testing::Test, void>(testing::Test*, void (testing::Test::*)(), char const*) (gtest.cc:2657)
==163==    by 0x134037: testing::Test::Run() (gtest.cc:2696)
==163==    by 0x134B52: testing::TestInfo::Run() (gtest.cc:2845)
==163==    by 0x135490: testing::TestSuite::Run() (gtest.cc:3004)
==163==    by 0x145840: testing::internal::UnitTestImpl::RunAllTests() (gtest.cc:5890)
==163==    by 0x162399: bool testing::internal::HandleSehExceptionsInMethodIfSupported<testing::internal::UnitTestImpl, bool>(testing::internal::UnitTestImpl*, bool (testing::internal::UnitTestImpl::*)(), char const*) (gtest.cc:2621)
==163==    by 0x15A8CA: bool testing::internal::HandleExceptionsInMethodIfSupported<testing::internal::UnitTestImpl, bool>(testing::internal::UnitTestImpl*, bool (testing::internal::UnitTestImpl::*)(), char const*) (gtest.cc:2657)
==163== 
==163== 0 bytes in 1 blocks are definitely lost in loss record 14 of 39
==163==    at 0x484A2F3: operator new[](unsigned long) (in /usr/libexec/valgrind/vgpreload_memcheck-amd64-linux.so)
==163==    by 0x11C384: SimpleString::SimpleString() (simpleString.h:138)
==163==    by 0x11C3B1: SimpleString::SimpleString(char const*) (simpleString.h:141)
==163==    by 0x118861: SimpleStringTester_equalToWithoutIgnoringCases_Test::TestBody() (simpleStringTests.cpp:199)
==163==    by 0x1612F2: void testing::internal::HandleSehExceptionsInMethodIfSupported<testing::Test, void>(testing::Test*, void (testing::Test::*)(), char const*) (gtest.cc:2621)
==163==    by 0x1596AA: void testing::internal::HandleExceptionsInMethodIfSupported<testing::Test, void>(testing::Test*, void (testing::Test::*)(), char const*) (gtest.cc:2657)
==163==    by 0x134037: testing::Test::Run() (gtest.cc:2696)
==163==    by 0x134B52: testing::TestInfo::Run() (gtest.cc:2845)
==163==    by 0x135490: testing::TestSuite::Run() (gtest.cc:3004)
==163==    by 0x145840: testing::internal::UnitTestImpl::RunAllTests() (gtest.cc:5890)
==163==    by 0x162399: bool testing::internal::HandleSehExceptionsInMethodIfSupported<testing::internal::UnitTestImpl, bool>(testing::internal::UnitTestImpl*, bool (testing::internal::UnitTestImpl::*)(), char const*) (gtest.cc:2621)
==163==    by 0x15A8CA: bool testing::internal::HandleExceptionsInMethodIfSupported<testing::internal::UnitTestImpl, bool>(testing::internal::UnitTestImpl*, bool (testing::internal::UnitTestImpl::*)(), char const*) (gtest.cc:2657)
==163== 
==163== 0 bytes in 1 blocks are definitely lost in loss record 15 of 39
==163==    at 0x484A2F3: operator new[](unsigned long) (in /usr/libexec/valgrind/vgpreload_memcheck-amd64-linux.so)
==163==    by 0x11C384: SimpleString::SimpleString() (simpleString.h:138)
==163==    by 0x11C3B1: SimpleString::SimpleString(char const*) (simpleString.h:141)
==163==    by 0x118D57: SimpleStringTester_equalToWithDifferentCaseSettings_Test::TestBody() (simpleStringTests.cpp:212)
==163==    by 0x1612F2: void testing::internal::HandleSehExceptionsInMethodIfSupported<testing::Test, void>(testing::Test*, void (testing::Test::*)(), char const*) (gtest.cc:2621)
==163==    by 0x1596AA: void testing::internal::HandleExceptionsInMethodIfSupported<testing::Test, void>(testing::Test*, void (testing::Test::*)(), char const*) (gtest.cc:2657)
==163==    by 0x134037: testing::Test::Run() (gtest.cc:2696)
==163==    by 0x134B52: testing::TestInfo::Run() (gtest.cc:2845)
==163==    by 0x135490: testing::TestSuite::Run() (gtest.cc:3004)
==163==    by 0x145840: testing::internal::UnitTestImpl::RunAllTests() (gtest.cc:5890)
==163==    by 0x162399: bool testing::internal::HandleSehExceptionsInMethodIfSupported<testing::internal::UnitTestImpl, bool>(testing::internal::UnitTestImpl*, bool (testing::internal::UnitTestImpl::*)(), char const*) (gtest.cc:2621)
==163==    by 0x15A8CA: bool testing::internal::HandleExceptionsInMethodIfSupported<testing::internal::UnitTestImpl, bool>(testing::internal::UnitTestImpl*, bool (testing::internal::UnitTestImpl::*)(), char const*) (gtest.cc:2657)
==163== 
==163== 0 bytes in 1 blocks are definitely lost in loss record 16 of 39
==163==    at 0x484A2F3: operator new[](unsigned long) (in /usr/libexec/valgrind/vgpreload_memcheck-amd64-linux.so)
==163==    by 0x11C384: SimpleString::SimpleString() (simpleString.h:138)
==163==    by 0x11C3B1: SimpleString::SimpleString(char const*) (simpleString.h:141)
==163==    by 0x118D6D: SimpleStringTester_equalToWithDifferentCaseSettings_Test::TestBody() (simpleStringTests.cpp:213)
==163==    by 0x1612F2: void testing::internal::HandleSehExceptionsInMethodIfSupported<testing::Test, void>(testing::Test*, void (testing::Test::*)(), char const*) (gtest.cc:2621)
==163==    by 0x1596AA: void testing::internal::HandleExceptionsInMethodIfSupported<testing::Test, void>(testing::Test*, void (testing::Test::*)(), char const*) (gtest.cc:2657)
==163==    by 0x134037: testing::Test::Run() (gtest.cc:2696)
==163==    by 0x134B52: testing::TestInfo::Run() (gtest.cc:2845)
==163==    by 0x135490: testing::TestSuite::Run() (gtest.cc:3004)
==163==    by 0x145840: testing::internal::UnitTestImpl::RunAllTests() (gtest.cc:5890)
==163==    by 0x162399: bool testing::internal::HandleSehExceptionsInMethodIfSupported<testing::internal::UnitTestImpl, bool>(testing::internal::UnitTestImpl*, bool (testing::internal::UnitTestImpl::*)(), char const*) (gtest.cc:2621)
==163==    by 0x15A8CA: bool testing::internal::HandleExceptionsInMethodIfSupported<testing::internal::UnitTestImpl, bool>(testing::internal::UnitTestImpl*, bool (testing::internal::UnitTestImpl::*)(), char const*) (gtest.cc:2657)
==163== 
==163== 0 bytes in 1 blocks are definitely lost in loss record 17 of 39
==163==    at 0x484A2F3: operator new[](unsigned long) (in /usr/libexec/valgrind/vgpreload_memcheck-amd64-linux.so)
==163==    by 0x11C384: SimpleString::SimpleString() (simpleString.h:138)
==163==    by 0x11C3B1: SimpleString::SimpleString(char const*) (simpleString.h:141)
==163==    by 0x118EF4: SimpleStringTester_equalToWithDifferentCaseSettings_Test::TestBody() (simpleStringTests.cpp:219)
==163==    by 0x1612F2: void testing::internal::HandleSehExceptionsInMethodIfSupported<testing::Test, void>(testing::Test*, void (testing::Test::*)(), char const*) (gtest.cc:2621)
==163==    by 0x1596AA: void testing::internal::HandleExceptionsInMethodIfSupported<testing::Test, void>(testing::Test*, void (testing::Test::*)(), char const*) (gtest.cc:2657)
==163==    by 0x134037: testing::Test::Run() (gtest.cc:2696)
==163==    by 0x134B52: testing::TestInfo::Run() (gtest.cc:2845)
==163==    by 0x135490: testing::TestSuite::Run() (gtest.cc:3004)
==163==    by 0x145840: testing::internal::UnitTestImpl::RunAllTests() (gtest.cc:5890)
==163==    by 0x162399: bool testing::internal::HandleSehExceptionsInMethodIfSupported<testing::internal::UnitTestImpl, bool>(testing::internal::UnitTestImpl*, bool (testing::internal::UnitTestImpl::*)(), char const*) (gtest.cc:2621)
==163==    by 0x15A8CA: bool testing::internal::HandleExceptionsInMethodIfSupported<testing::internal::UnitTestImpl, bool>(testing::internal::UnitTestImpl*, bool (testing::internal::UnitTestImpl::*)(), char const*) (gtest.cc:2657)
==163== 
==163== 0 bytes in 1 blocks are definitely lost in loss record 18 of 39
==163==    at 0x484A2F3: operator new[](unsigned long) (in /usr/libexec/valgrind/vgpreload_memcheck-amd64-linux.so)
==163==    by 0x11C384: SimpleString::SimpleString() (simpleString.h:138)
==163==    by 0x11C3B1: SimpleString::SimpleString(char const*) (simpleString.h:141)
==163==    by 0x118F0A: SimpleStringTester_equalToWithDifferentCaseSettings_Test::TestBody() (simpleStringTests.cpp:220)
==163==    by 0x1612F2: void testing::internal::HandleSehExceptionsInMethodIfSupported<testing::Test, void>(testing::Test*, void (testing::Test::*)(), char const*) (gtest.cc:2621)
==163==    by 0x1596AA: void testing::internal::HandleExceptionsInMethodIfSupported<testing::Test, void>(testing::Test*, void (testing::Test::*)(), char const*) (gtest.cc:2657)
==163==    by 0x134037: testing::Test::Run() (gtest.cc:2696)
==163==    by 0x134B52: testing::TestInfo::Run() (gtest.cc:2845)
==163==    by 0x135490: testing::TestSuite::Run() (gtest.cc:3004)
==163==    by 0x145840: testing::internal::UnitTestImpl::RunAllTests() (gtest.cc:5890)
==163==    by 0x162399: bool testing::internal::HandleSehExceptionsInMethodIfSupported<testing::internal::UnitTestImpl, bool>(testing::internal::UnitTestImpl*, bool (testing::internal::UnitTestImpl::*)(), char const*) (gtest.cc:2621)
==163==    by 0x15A8CA: bool testing::internal::HandleExceptionsInMethodIfSupported<testing::internal::UnitTestImpl, bool>(testing::internal::UnitTestImpl*, bool (testing::internal::UnitTestImpl::*)(), char const*) (gtest.cc:2657)
==163== 
==163== 0 bytes in 1 blocks are definitely lost in loss record 19 of 39
==163==    at 0x484A2F3: operator new[](unsigned long) (in /usr/libexec/valgrind/vgpreload_memcheck-amd64-linux.so)
==163==    by 0x11C384: SimpleString::SimpleString() (simpleString.h:138)
==163==    by 0x11C3B1: SimpleString::SimpleString(char const*) (simpleString.h:141)
==163==    by 0x119245: SimpleStringTester_appendOneTextAnotherOne_expectedBothTextMerged_Test::TestBody() (simpleStringTests.cpp:234)
==163==    by 0x1612F2: void testing::internal::HandleSehExceptionsInMethodIfSupported<testing::Test, void>(testing::Test*, void (testing::Test::*)(), char const*) (gtest.cc:2621)
==163==    by 0x1596AA: void testing::internal::HandleExceptionsInMethodIfSupported<testing::Test, void>(testing::Test*, void (testing::Test::*)(), char const*) (gtest.cc:2657)
==163==    by 0x134037: testing::Test::Run() (gtest.cc:2696)
==163==    by 0x134B52: testing::TestInfo::Run() (gtest.cc:2845)
==163==    by 0x135490: testing::TestSuite::Run() (gtest.cc:3004)
==163==    by 0x145840: testing::internal::UnitTestImpl::RunAllTests() (gtest.cc:5890)
==163==    by 0x162399: bool testing::internal::HandleSehExceptionsInMethodIfSupported<testing::internal::UnitTestImpl, bool>(testing::internal::UnitTestImpl*, bool (testing::internal::UnitTestImpl::*)(), char const*) (gtest.cc:2621)
==163==    by 0x15A8CA: bool testing::internal::HandleExceptionsInMethodIfSupported<testing::internal::UnitTestImpl, bool>(testing::internal::UnitTestImpl*, bool (testing::internal::UnitTestImpl::*)(), char const*) (gtest.cc:2657)
==163== 
==163== 0 bytes in 1 blocks are definitely lost in loss record 20 of 39
==163==    at 0x484A2F3: operator new[](unsigned long) (in /usr/libexec/valgrind/vgpreload_memcheck-amd64-linux.so)
==163==    by 0x11C384: SimpleString::SimpleString() (simpleString.h:138)
==163==    by 0x11C3B1: SimpleString::SimpleString(char const*) (simpleString.h:141)
==163==    by 0x11925B: SimpleStringTester_appendOneTextAnotherOne_expectedBothTextMerged_Test::TestBody() (simpleStringTests.cpp:235)
==163==    by 0x1612F2: void testing::internal::HandleSehExceptionsInMethodIfSupported<testing::Test, void>(testing::Test*, void (testing::Test::*)(), char const*) (gtest.cc:2621)
==163==    by 0x1596AA: void testing::internal::HandleExceptionsInMethodIfSupported<testing::Test, void>(testing::Test*, void (testing::Test::*)(), char const*) (gtest.cc:2657)
==163==    by 0x134037: testing::Test::Run() (gtest.cc:2696)
==163==    by 0x134B52: testing::TestInfo::Run() (gtest.cc:2845)
==163==    by 0x135490: testing::TestSuite::Run() (gtest.cc:3004)
==163==    by 0x145840: testing::internal::UnitTestImpl::RunAllTests() (gtest.cc:5890)
==163==    by 0x162399: bool testing::internal::HandleSehExceptionsInMethodIfSupported<testing::internal::UnitTestImpl, bool>(testing::internal::UnitTestImpl*, bool (testing::internal::UnitTestImpl::*)(), char const*) (gtest.cc:2621)
==163==    by 0x15A8CA: bool testing::internal::HandleExceptionsInMethodIfSupported<testing::internal::UnitTestImpl, bool>(testing::internal::UnitTestImpl*, bool (testing::internal::UnitTestImpl::*)(), char const*) (gtest.cc:2657)
==163== 
==163== 0 bytes in 1 blocks are definitely lost in loss record 21 of 39
==163==    at 0x484A2F3: operator new[](unsigned long) (in /usr/libexec/valgrind/vgpreload_memcheck-amd64-linux.so)
==163==    by 0x11C384: SimpleString::SimpleString() (simpleString.h:138)
==163==    by 0x11C531: SimpleString::SimpleString(SimpleString const&) (simpleString.h:157)
==163==    by 0x119274: SimpleStringTester_appendOneTextAnotherOne_expectedBothTextMerged_Test::TestBody() (simpleStringTests.cpp:237)
==163==    by 0x1612F2: void testing::internal::HandleSehExceptionsInMethodIfSupported<testing::Test, void>(testing::Test*, void (testing::Test::*)(), char const*) (gtest.cc:2621)
==163==    by 0x1596AA: void testing::internal::HandleExceptionsInMethodIfSupported<testing::Test, void>(testing::Test*, void (testing::Test::*)(), char const*) (gtest.cc:2657)
==163==    by 0x134037: testing::Test::Run() (gtest.cc:2696)
==163==    by 0x134B52: testing::TestInfo::Run() (gtest.cc:2845)
==163==    by 0x135490: testing::TestSuite::Run() (gtest.cc:3004)
==163==    by 0x145840: testing::internal::UnitTestImpl::RunAllTests() (gtest.cc:5890)
==163==    by 0x162399: bool testing::internal::HandleSehExceptionsInMethodIfSupported<testing::internal::UnitTestImpl, bool>(testing::internal::UnitTestImpl*, bool (testing::internal::UnitTestImpl::*)(), char const*) (gtest.cc:2621)
==163==    by 0x15A8CA: bool testing::internal::HandleExceptionsInMethodIfSupported<testing::internal::UnitTestImpl, bool>(testing::internal::UnitTestImpl*, bool (testing::internal::UnitTestImpl::*)(), char const*) (gtest.cc:2657)
==163== 
==163== 0 bytes in 1 blocks are definitely lost in loss record 22 of 39
==163==    at 0x484A2F3: operator new[](unsigned long) (in /usr/libexec/valgrind/vgpreload_memcheck-amd64-linux.so)
==163==    by 0x11C384: SimpleString::SimpleString() (simpleString.h:138)
==163==    by 0x11C3B1: SimpleString::SimpleString(char const*) (simpleString.h:141)
==163==    by 0x1198A8: SimpleStringTester_substr_expectedPartOfTextReturned_Test::TestBody() (simpleStringTests.cpp:251)
==163==    by 0x1612F2: void testing::internal::HandleSehExceptionsInMethodIfSupported<testing::Test, void>(testing::Test*, void (testing::Test::*)(), char const*) (gtest.cc:2621)
==163==    by 0x1596AA: void testing::internal::HandleExceptionsInMethodIfSupported<testing::Test, void>(testing::Test*, void (testing::Test::*)(), char const*) (gtest.cc:2657)
==163==    by 0x134037: testing::Test::Run() (gtest.cc:2696)
==163==    by 0x134B52: testing::TestInfo::Run() (gtest.cc:2845)
==163==    by 0x135490: testing::TestSuite::Run() (gtest.cc:3004)
==163==    by 0x145840: testing::internal::UnitTestImpl::RunAllTests() (gtest.cc:5890)
==163==    by 0x162399: bool testing::internal::HandleSehExceptionsInMethodIfSupported<testing::internal::UnitTestImpl, bool>(testing::internal::UnitTestImpl*, bool (testing::internal::UnitTestImpl::*)(), char const*) (gtest.cc:2621)
==163==    by 0x15A8CA: bool testing::internal::HandleExceptionsInMethodIfSupported<testing::internal::UnitTestImpl, bool>(testing::internal::UnitTestImpl*, bool (testing::internal::UnitTestImpl::*)(), char const*) (gtest.cc:2657)
==163== 
==163== 0 bytes in 1 blocks are definitely lost in loss record 23 of 39
==163==    at 0x484A2F3: operator new[](unsigned long) (in /usr/libexec/valgrind/vgpreload_memcheck-amd64-linux.so)
==163==    by 0x11C384: SimpleString::SimpleString() (simpleString.h:138)
==163==    by 0x1202F3: SimpleString::substr(unsigned long, unsigned long) const (simpleString.cpp:84)
==163==    by 0x1198CA: SimpleStringTester_substr_expectedPartOfTextReturned_Test::TestBody() (simpleStringTests.cpp:252)
==163==    by 0x1612F2: void testing::internal::HandleSehExceptionsInMethodIfSupported<testing::Test, void>(testing::Test*, void (testing::Test::*)(), char const*) (gtest.cc:2621)
==163==    by 0x1596AA: void testing::internal::HandleExceptionsInMethodIfSupported<testing::Test, void>(testing::Test*, void (testing::Test::*)(), char const*) (gtest.cc:2657)
==163==    by 0x134037: testing::Test::Run() (gtest.cc:2696)
==163==    by 0x134B52: testing::TestInfo::Run() (gtest.cc:2845)
==163==    by 0x135490: testing::TestSuite::Run() (gtest.cc:3004)
==163==    by 0x145840: testing::internal::UnitTestImpl::RunAllTests() (gtest.cc:5890)
==163==    by 0x162399: bool testing::internal::HandleSehExceptionsInMethodIfSupported<testing::internal::UnitTestImpl, bool>(testing::internal::UnitTestImpl*, bool (testing::internal::UnitTestImpl::*)(), char const*) (gtest.cc:2621)
==163==    by 0x15A8CA: bool testing::internal::HandleExceptionsInMethodIfSupported<testing::internal::UnitTestImpl, bool>(testing::internal::UnitTestImpl*, bool (testing::internal::UnitTestImpl::*)(), char const*) (gtest.cc:2657)
==163== 
==163== 0 bytes in 1 blocks are definitely lost in loss record 24 of 39
==163==    at 0x484A2F3: operator new[](unsigned long) (in /usr/libexec/valgrind/vgpreload_memcheck-amd64-linux.so)
==163==    by 0x11C384: SimpleString::SimpleString() (simpleString.h:138)
==163==    by 0x11C531: SimpleString::SimpleString(SimpleString const&) (simpleString.h:157)
==163==    by 0x1203A0: SimpleString::substr(unsigned long, unsigned long) const (simpleString.cpp:91)
==163==    by 0x1198CA: SimpleStringTester_substr_expectedPartOfTextReturned_Test::TestBody() (simpleStringTests.cpp:252)
==163==    by 0x1612F2: void testing::internal::HandleSehExceptionsInMethodIfSupported<testing::Test, void>(testing::Test*, void (testing::Test::*)(), char const*) (gtest.cc:2621)
==163==    by 0x1596AA: void testing::internal::HandleExceptionsInMethodIfSupported<testing::Test, void>(testing::Test*, void (testing::Test::*)(), char const*) (gtest.cc:2657)
==163==    by 0x134037: testing::Test::Run() (gtest.cc:2696)
==163==    by 0x134B52: testing::TestInfo::Run() (gtest.cc:2845)
==163==    by 0x135490: testing::TestSuite::Run() (gtest.cc:3004)
==163==    by 0x145840: testing::internal::UnitTestImpl::RunAllTests() (gtest.cc:5890)
==163==    by 0x162399: bool testing::internal::HandleSehExceptionsInMethodIfSupported<testing::internal::UnitTestImpl, bool>(testing::internal::UnitTestImpl*, bool (testing::internal::UnitTestImpl::*)(), char const*) (gtest.cc:2621)
==163== 
==163== 0 bytes in 1 blocks are definitely lost in loss record 25 of 39
==163==    at 0x484A2F3: operator new[](unsigned long) (in /usr/libexec/valgrind/vgpreload_memcheck-amd64-linux.so)
==163==    by 0x11C384: SimpleString::SimpleString() (simpleString.h:138)
==163==    by 0x11C3B1: SimpleString::SimpleString(char const*) (simpleString.h:141)
==163==    by 0x119DD9: SimpleStringTester_movingConstructor_Test::TestBody() (simpleStringTests.cpp:265)
==163==    by 0x1612F2: void testing::internal::HandleSehExceptionsInMethodIfSupported<testing::Test, void>(testing::Test*, void (testing::Test::*)(), char const*) (gtest.cc:2621)
==163==    by 0x1596AA: void testing::internal::HandleExceptionsInMethodIfSupported<testing::Test, void>(testing::Test*, void (testing::Test::*)(), char const*) (gtest.cc:2657)
==163==    by 0x134037: testing::Test::Run() (gtest.cc:2696)
==163==    by 0x134B52: testing::TestInfo::Run() (gtest.cc:2845)
==163==    by 0x135490: testing::TestSuite::Run() (gtest.cc:3004)
==163==    by 0x145840: testing::internal::UnitTestImpl::RunAllTests() (gtest.cc:5890)
==163==    by 0x162399: bool testing::internal::HandleSehExceptionsInMethodIfSupported<testing::internal::UnitTestImpl, bool>(testing::internal::UnitTestImpl*, bool (testing::internal::UnitTestImpl::*)(), char const*) (gtest.cc:2621)
==163==    by 0x15A8CA: bool testing::internal::HandleExceptionsInMethodIfSupported<testing::internal::UnitTestImpl, bool>(testing::internal::UnitTestImpl*, bool (testing::internal::UnitTestImpl::*)(), char const*) (gtest.cc:2657)
==163== 
==163== 0 bytes in 1 blocks are definitely lost in loss record 26 of 39
==163==    at 0x484A2F3: operator new[](unsigned long) (in /usr/libexec/valgrind/vgpreload_memcheck-amd64-linux.so)
==163==    by 0x11C384: SimpleString::SimpleString() (simpleString.h:138)
==163==    by 0x11C3B1: SimpleString::SimpleString(char const*) (simpleString.h:141)
==163==    by 0x11A3ED: SimpleStringTester_compareTextWithCases_expectedComparingWorks_Test::TestBody() (simpleStringTests.cpp:280)
==163==    by 0x1612F2: void testing::internal::HandleSehExceptionsInMethodIfSupported<testing::Test, void>(testing::Test*, void (testing::Test::*)(), char const*) (gtest.cc:2621)
==163==    by 0x1596AA: void testing::internal::HandleExceptionsInMethodIfSupported<testing::Test, void>(testing::Test*, void (testing::Test::*)(), char const*) (gtest.cc:2657)
==163==    by 0x134037: testing::Test::Run() (gtest.cc:2696)
==163==    by 0x134B52: testing::TestInfo::Run() (gtest.cc:2845)
==163==    by 0x135490: testing::TestSuite::Run() (gtest.cc:3004)
==163==    by 0x145840: testing::internal::UnitTestImpl::RunAllTests() (gtest.cc:5890)
==163==    by 0x162399: bool testing::internal::HandleSehExceptionsInMethodIfSupported<testing::internal::UnitTestImpl, bool>(testing::internal::UnitTestImpl*, bool (testing::internal::UnitTestImpl::*)(), char const*) (gtest.cc:2621)
==163==    by 0x15A8CA: bool testing::internal::HandleExceptionsInMethodIfSupported<testing::internal::UnitTestImpl, bool>(testing::internal::UnitTestImpl*, bool (testing::internal::UnitTestImpl::*)(), char const*) (gtest.cc:2657)
==163== 
==163== 0 bytes in 1 blocks are definitely lost in loss record 27 of 39
==163==    at 0x484A2F3: operator new[](unsigned long) (in /usr/libexec/valgrind/vgpreload_memcheck-amd64-linux.so)
==163==    by 0x11C384: SimpleString::SimpleString() (simpleString.h:138)
==163==    by 0x11C531: SimpleString::SimpleString(SimpleString const&) (simpleString.h:157)
==163==    by 0x11A400: SimpleStringTester_compareTextWithCases_expectedComparingWorks_Test::TestBody() (simpleStringTests.cpp:281)
==163==    by 0x1612F2: void testing::internal::HandleSehExceptionsInMethodIfSupported<testing::Test, void>(testing::Test*, void (testing::Test::*)(), char const*) (gtest.cc:2621)
==163==    by 0x1596AA: void testing::internal::HandleExceptionsInMethodIfSupported<testing::Test, void>(testing::Test*, void (testing::Test::*)(), char const*) (gtest.cc:2657)
==163==    by 0x134037: testing::Test::Run() (gtest.cc:2696)
==163==    by 0x134B52: testing::TestInfo::Run() (gtest.cc:2845)
==163==    by 0x135490: testing::TestSuite::Run() (gtest.cc:3004)
==163==    by 0x145840: testing::internal::UnitTestImpl::RunAllTests() (gtest.cc:5890)
==163==    by 0x162399: bool testing::internal::HandleSehExceptionsInMethodIfSupported<testing::internal::UnitTestImpl, bool>(testing::internal::UnitTestImpl*, bool (testing::internal::UnitTestImpl::*)(), char const*) (gtest.cc:2621)
==163==    by 0x15A8CA: bool testing::internal::HandleExceptionsInMethodIfSupported<testing::internal::UnitTestImpl, bool>(testing::internal::UnitTestImpl*, bool (testing::internal::UnitTestImpl::*)(), char const*) (gtest.cc:2657)
==163== 
==163== 0 bytes in 1 blocks are definitely lost in loss record 28 of 39
==163==    at 0x484A2F3: operator new[](unsigned long) (in /usr/libexec/valgrind/vgpreload_memcheck-amd64-linux.so)
==163==    by 0x11C384: SimpleString::SimpleString() (simpleString.h:138)
==163==    by 0x11C3B1: SimpleString::SimpleString(char const*) (simpleString.h:141)
==163==    by 0x11A533: SimpleStringTester_compareTextWithCases_expectedComparingWorks_Test::TestBody() (simpleStringTests.cpp:287)
==163==    by 0x1612F2: void testing::internal::HandleSehExceptionsInMethodIfSupported<testing::Test, void>(testing::Test*, void (testing::Test::*)(), char const*) (gtest.cc:2621)
==163==    by 0x1596AA: void testing::internal::HandleExceptionsInMethodIfSupported<testing::Test, void>(testing::Test*, void (testing::Test::*)(), char const*) (gtest.cc:2657)
==163==    by 0x134037: testing::Test::Run() (gtest.cc:2696)
==163==    by 0x134B52: testing::TestInfo::Run() (gtest.cc:2845)
==163==    by 0x135490: testing::TestSuite::Run() (gtest.cc:3004)
==163==    by 0x145840: testing::internal::UnitTestImpl::RunAllTests() (gtest.cc:5890)
==163==    by 0x162399: bool testing::internal::HandleSehExceptionsInMethodIfSupported<testing::internal::UnitTestImpl, bool>(testing::internal::UnitTestImpl*, bool (testing::internal::UnitTestImpl::*)(), char const*) (gtest.cc:2621)
==163==    by 0x15A8CA: bool testing::internal::HandleExceptionsInMethodIfSupported<testing::internal::UnitTestImpl, bool>(testing::internal::UnitTestImpl*, bool (testing::internal::UnitTestImpl::*)(), char const*) (gtest.cc:2657)
==163== 
==163== 0 bytes in 1 blocks are definitely lost in loss record 29 of 39
==163==    at 0x484A2F3: operator new[](unsigned long) (in /usr/libexec/valgrind/vgpreload_memcheck-amd64-linux.so)
==163==    by 0x11C384: SimpleString::SimpleString() (simpleString.h:138)
==163==    by 0x11C3B1: SimpleString::SimpleString(char const*) (simpleString.h:141)
==163==    by 0x11A549: SimpleStringTester_compareTextWithCases_expectedComparingWorks_Test::TestBody() (simpleStringTests.cpp:288)
==163==    by 0x1612F2: void testing::internal::HandleSehExceptionsInMethodIfSupported<testing::Test, void>(testing::Test*, void (testing::Test::*)(), char const*) (gtest.cc:2621)
==163==    by 0x1596AA: void testing::internal::HandleExceptionsInMethodIfSupported<testing::Test, void>(testing::Test*, void (testing::Test::*)(), char const*) (gtest.cc:2657)
==163==    by 0x134037: testing::Test::Run() (gtest.cc:2696)
==163==    by 0x134B52: testing::TestInfo::Run() (gtest.cc:2845)
==163==    by 0x135490: testing::TestSuite::Run() (gtest.cc:3004)
==163==    by 0x145840: testing::internal::UnitTestImpl::RunAllTests() (gtest.cc:5890)
==163==    by 0x162399: bool testing::internal::HandleSehExceptionsInMethodIfSupported<testing::internal::UnitTestImpl, bool>(testing::internal::UnitTestImpl*, bool (testing::internal::UnitTestImpl::*)(), char const*) (gtest.cc:2621)
==163==    by 0x15A8CA: bool testing::internal::HandleExceptionsInMethodIfSupported<testing::internal::UnitTestImpl, bool>(testing::internal::UnitTestImpl*, bool (testing::internal::UnitTestImpl::*)(), char const*) (gtest.cc:2657)
==163== 
==163== 0 bytes in 1 blocks are definitely lost in loss record 30 of 39
==163==    at 0x484A2F3: operator new[](unsigned long) (in /usr/libexec/valgrind/vgpreload_memcheck-amd64-linux.so)
==163==    by 0x11C384: SimpleString::SimpleString() (simpleString.h:138)
==163==    by 0x11C3B1: SimpleString::SimpleString(char const*) (simpleString.h:141)
==163==    by 0x11A67C: SimpleStringTester_compareTextWithCases_expectedComparingWorks_Test::TestBody() (simpleStringTests.cpp:293)
==163==    by 0x1612F2: void testing::internal::HandleSehExceptionsInMethodIfSupported<testing::Test, void>(testing::Test*, void (testing::Test::*)(), char const*) (gtest.cc:2621)
==163==    by 0x1596AA: void testing::internal::HandleExceptionsInMethodIfSupported<testing::Test, void>(testing::Test*, void (testing::Test::*)(), char const*) (gtest.cc:2657)
==163==    by 0x134037: testing::Test::Run() (gtest.cc:2696)
==163==    by 0x134B52: testing::TestInfo::Run() (gtest.cc:2845)
==163==    by 0x135490: testing::TestSuite::Run() (gtest.cc:3004)
==163==    by 0x145840: testing::internal::UnitTestImpl::RunAllTests() (gtest.cc:5890)
==163==    by 0x162399: bool testing::internal::HandleSehExceptionsInMethodIfSupported<testing::internal::UnitTestImpl, bool>(testing::internal::UnitTestImpl*, bool (testing::internal::UnitTestImpl::*)(), char const*) (gtest.cc:2621)
==163==    by 0x15A8CA: bool testing::internal::HandleExceptionsInMethodIfSupported<testing::internal::UnitTestImpl, bool>(testing::internal::UnitTestImpl*, bool (testing::internal::UnitTestImpl::*)(), char const*) (gtest.cc:2657)
==163== 
==163== 0 bytes in 1 blocks are definitely lost in loss record 31 of 39
==163==    at 0x484A2F3: operator new[](unsigned long) (in /usr/libexec/valgrind/vgpreload_memcheck-amd64-linux.so)
==163==    by 0x11C384: SimpleString::SimpleString() (simpleString.h:138)
==163==    by 0x11C3B1: SimpleString::SimpleString(char const*) (simpleString.h:141)
==163==    by 0x11A692: SimpleStringTester_compareTextWithCases_expectedComparingWorks_Test::TestBody() (simpleStringTests.cpp:294)
==163==    by 0x1612F2: void testing::internal::HandleSehExceptionsInMethodIfSupported<testing::Test, void>(testing::Test*, void (testing::Test::*)(), char const*) (gtest.cc:2621)
==163==    by 0x1596AA: void testing::internal::HandleExceptionsInMethodIfSupported<testing::Test, void>(testing::Test*, void (testing::Test::*)(), char const*) (gtest.cc:2657)
==163==    by 0x134037: testing::Test::Run() (gtest.cc:2696)
==163==    by 0x134B52: testing::TestInfo::Run() (gtest.cc:2845)
==163==    by 0x135490: testing::TestSuite::Run() (gtest.cc:3004)
==163==    by 0x145840: testing::internal::UnitTestImpl::RunAllTests() (gtest.cc:5890)
==163==    by 0x162399: bool testing::internal::HandleSehExceptionsInMethodIfSupported<testing::internal::UnitTestImpl, bool>(testing::internal::UnitTestImpl*, bool (testing::internal::UnitTestImpl::*)(), char const*) (gtest.cc:2621)
==163==    by 0x15A8CA: bool testing::internal::HandleExceptionsInMethodIfSupported<testing::internal::UnitTestImpl, bool>(testing::internal::UnitTestImpl*, bool (testing::internal::UnitTestImpl::*)(), char const*) (gtest.cc:2657)
==163== 
==163== 0 bytes in 1 blocks are definitely lost in loss record 32 of 39
==163==    at 0x484A2F3: operator new[](unsigned long) (in /usr/libexec/valgrind/vgpreload_memcheck-amd64-linux.so)
==163==    by 0x11C384: SimpleString::SimpleString() (simpleString.h:138)
==163==    by 0x11C3B1: SimpleString::SimpleString(char const*) (simpleString.h:141)
==163==    by 0x11A939: SimpleStringTester_compareTextWithoutCases_expectedComparingWorks_Test::TestBody() (simpleStringTests.cpp:303)
==163==    by 0x1612F2: void testing::internal::HandleSehExceptionsInMethodIfSupported<testing::Test, void>(testing::Test*, void (testing::Test::*)(), char const*) (gtest.cc:2621)
==163==    by 0x1596AA: void testing::internal::HandleExceptionsInMethodIfSupported<testing::Test, void>(testing::Test*, void (testing::Test::*)(), char const*) (gtest.cc:2657)
==163==    by 0x134037: testing::Test::Run() (gtest.cc:2696)
==163==    by 0x134B52: testing::TestInfo::Run() (gtest.cc:2845)
==163==    by 0x135490: testing::TestSuite::Run() (gtest.cc:3004)
==163==    by 0x145840: testing::internal::UnitTestImpl::RunAllTests() (gtest.cc:5890)
==163==    by 0x162399: bool testing::internal::HandleSehExceptionsInMethodIfSupported<testing::internal::UnitTestImpl, bool>(testing::internal::UnitTestImpl*, bool (testing::internal::UnitTestImpl::*)(), char const*) (gtest.cc:2621)
==163==    by 0x15A8CA: bool testing::internal::HandleExceptionsInMethodIfSupported<testing::internal::UnitTestImpl, bool>(testing::internal::UnitTestImpl*, bool (testing::internal::UnitTestImpl::*)(), char const*) (gtest.cc:2657)
==163== 
==163== 0 bytes in 1 blocks are definitely lost in loss record 33 of 39
==163==    at 0x484A2F3: operator new[](unsigned long) (in /usr/libexec/valgrind/vgpreload_memcheck-amd64-linux.so)
==163==    by 0x11C384: SimpleString::SimpleString() (simpleString.h:138)
==163==    by 0x11C3B1: SimpleString::SimpleString(char const*) (simpleString.h:141)
==163==    by 0x11A94F: SimpleStringTester_compareTextWithoutCases_expectedComparingWorks_Test::TestBody() (simpleStringTests.cpp:304)
==163==    by 0x1612F2: void testing::internal::HandleSehExceptionsInMethodIfSupported<testing::Test, void>(testing::Test*, void (testing::Test::*)(), char const*) (gtest.cc:2621)
==163==    by 0x1596AA: void testing::internal::HandleExceptionsInMethodIfSupported<testing::Test, void>(testing::Test*, void (testing::Test::*)(), char const*) (gtest.cc:2657)
==163==    by 0x134037: testing::Test::Run() (gtest.cc:2696)
==163==    by 0x134B52: testing::TestInfo::Run() (gtest.cc:2845)
==163==    by 0x135490: testing::TestSuite::Run() (gtest.cc:3004)
==163==    by 0x145840: testing::internal::UnitTestImpl::RunAllTests() (gtest.cc:5890)
==163==    by 0x162399: bool testing::internal::HandleSehExceptionsInMethodIfSupported<testing::internal::UnitTestImpl, bool>(testing::internal::UnitTestImpl*, bool (testing::internal::UnitTestImpl::*)(), char const*) (gtest.cc:2621)
==163==    by 0x15A8CA: bool testing::internal::HandleExceptionsInMethodIfSupported<testing::internal::UnitTestImpl, bool>(testing::internal::UnitTestImpl*, bool (testing::internal::UnitTestImpl::*)(), char const*) (gtest.cc:2657)
==163== 
==163== 0 bytes in 1 blocks are definitely lost in loss record 34 of 39
==163==    at 0x484A2F3: operator new[](unsigned long) (in /usr/libexec/valgrind/vgpreload_memcheck-amd64-linux.so)
==163==    by 0x11C384: SimpleString::SimpleString() (simpleString.h:138)
==163==    by 0x11C3B1: SimpleString::SimpleString(char const*) (simpleString.h:141)
==163==    by 0x11AA82: SimpleStringTester_compareTextWithoutCases_expectedComparingWorks_Test::TestBody() (simpleStringTests.cpp:310)
==163==    by 0x1612F2: void testing::internal::HandleSehExceptionsInMethodIfSupported<testing::Test, void>(testing::Test*, void (testing::Test::*)(), char const*) (gtest.cc:2621)
==163==    by 0x1596AA: void testing::internal::HandleExceptionsInMethodIfSupported<testing::Test, void>(testing::Test*, void (testing::Test::*)(), char const*) (gtest.cc:2657)
==163==    by 0x134037: testing::Test::Run() (gtest.cc:2696)
==163==    by 0x134B52: testing::TestInfo::Run() (gtest.cc:2845)
==163==    by 0x135490: testing::TestSuite::Run() (gtest.cc:3004)
==163==    by 0x145840: testing::internal::UnitTestImpl::RunAllTests() (gtest.cc:5890)
==163==    by 0x162399: bool testing::internal::HandleSehExceptionsInMethodIfSupported<testing::internal::UnitTestImpl, bool>(testing::internal::UnitTestImpl*, bool (testing::internal::UnitTestImpl::*)(), char const*) (gtest.cc:2621)
==163==    by 0x15A8CA: bool testing::internal::HandleExceptionsInMethodIfSupported<testing::internal::UnitTestImpl, bool>(testing::internal::UnitTestImpl*, bool (testing::internal::UnitTestImpl::*)(), char const*) (gtest.cc:2657)
==163== 
==163== 0 bytes in 1 blocks are definitely lost in loss record 35 of 39
==163==    at 0x484A2F3: operator new[](unsigned long) (in /usr/libexec/valgrind/vgpreload_memcheck-amd64-linux.so)
==163==    by 0x11C384: SimpleString::SimpleString() (simpleString.h:138)
==163==    by 0x11C3B1: SimpleString::SimpleString(char const*) (simpleString.h:141)
==163==    by 0x11AA98: SimpleStringTester_compareTextWithoutCases_expectedComparingWorks_Test::TestBody() (simpleStringTests.cpp:311)
==163==    by 0x1612F2: void testing::internal::HandleSehExceptionsInMethodIfSupported<testing::Test, void>(testing::Test*, void (testing::Test::*)(), char const*) (gtest.cc:2621)
==163==    by 0x1596AA: void testing::internal::HandleExceptionsInMethodIfSupported<testing::Test, void>(testing::Test*, void (testing::Test::*)(), char const*) (gtest.cc:2657)
==163==    by 0x134037: testing::Test::Run() (gtest.cc:2696)
==163==    by 0x134B52: testing::TestInfo::Run() (gtest.cc:2845)
==163==    by 0x135490: testing::TestSuite::Run() (gtest.cc:3004)
==163==    by 0x145840: testing::internal::UnitTestImpl::RunAllTests() (gtest.cc:5890)
==163==    by 0x162399: bool testing::internal::HandleSehExceptionsInMethodIfSupported<testing::internal::UnitTestImpl, bool>(testing::internal::UnitTestImpl*, bool (testing::internal::UnitTestImpl::*)(), char const*) (gtest.cc:2621)
==163==    by 0x15A8CA: bool testing::internal::HandleExceptionsInMethodIfSupported<testing::internal::UnitTestImpl, bool>(testing::internal::UnitTestImpl*, bool (testing::internal::UnitTestImpl::*)(), char const*) (gtest.cc:2657)
==163== 
==163== 0 bytes in 1 blocks are definitely lost in loss record 36 of 39
==163==    at 0x484A2F3: operator new[](unsigned long) (in /usr/libexec/valgrind/vgpreload_memcheck-amd64-linux.so)
==163==    by 0x11C384: SimpleString::SimpleString() (simpleString.h:138)
==163==    by 0x11C3B1: SimpleString::SimpleString(char const*) (simpleString.h:141)
==163==    by 0x11ABCB: SimpleStringTester_compareTextWithoutCases_expectedComparingWorks_Test::TestBody() (simpleStringTests.cpp:316)
==163==    by 0x1612F2: void testing::internal::HandleSehExceptionsInMethodIfSupported<testing::Test, void>(testing::Test*, void (testing::Test::*)(), char const*) (gtest.cc:2621)
==163==    by 0x1596AA: void testing::internal::HandleExceptionsInMethodIfSupported<testing::Test, void>(testing::Test*, void (testing::Test::*)(), char const*) (gtest.cc:2657)
==163==    by 0x134037: testing::Test::Run() (gtest.cc:2696)
==163==    by 0x134B52: testing::TestInfo::Run() (gtest.cc:2845)
==163==    by 0x135490: testing::TestSuite::Run() (gtest.cc:3004)
==163==    by 0x145840: testing::internal::UnitTestImpl::RunAllTests() (gtest.cc:5890)
==163==    by 0x162399: bool testing::internal::HandleSehExceptionsInMethodIfSupported<testing::internal::UnitTestImpl, bool>(testing::internal::UnitTestImpl*, bool (testing::internal::UnitTestImpl::*)(), char const*) (gtest.cc:2621)
==163==    by 0x15A8CA: bool testing::internal::HandleExceptionsInMethodIfSupported<testing::internal::UnitTestImpl, bool>(testing::internal::UnitTestImpl*, bool (testing::internal::UnitTestImpl::*)(), char const*) (gtest.cc:2657)
==163== 
==163== 0 bytes in 1 blocks are definitely lost in loss record 37 of 39
==163==    at 0x484A2F3: operator new[](unsigned long) (in /usr/libexec/valgrind/vgpreload_memcheck-amd64-linux.so)
==163==    by 0x11C384: SimpleString::SimpleString() (simpleString.h:138)
==163==    by 0x11C3B1: SimpleString::SimpleString(char const*) (simpleString.h:141)
==163==    by 0x11ABE1: SimpleStringTester_compareTextWithoutCases_expectedComparingWorks_Test::TestBody() (simpleStringTests.cpp:317)
==163==    by 0x1612F2: void testing::internal::HandleSehExceptionsInMethodIfSupported<testing::Test, void>(testing::Test*, void (testing::Test::*)(), char const*) (gtest.cc:2621)
==163==    by 0x1596AA: void testing::internal::HandleExceptionsInMethodIfSupported<testing::Test, void>(testing::Test*, void (testing::Test::*)(), char const*) (gtest.cc:2657)
==163==    by 0x134037: testing::Test::Run() (gtest.cc:2696)
==163==    by 0x134B52: testing::TestInfo::Run() (gtest.cc:2845)
==163==    by 0x135490: testing::TestSuite::Run() (gtest.cc:3004)
==163==    by 0x145840: testing::internal::UnitTestImpl::RunAllTests() (gtest.cc:5890)
==163==    by 0x162399: bool testing::internal::HandleSehExceptionsInMethodIfSupported<testing::internal::UnitTestImpl, bool>(testing::internal::UnitTestImpl*, bool (testing::internal::UnitTestImpl::*)(), char const*) (gtest.cc:2621)
==163==    by 0x15A8CA: bool testing::internal::HandleExceptionsInMethodIfSupported<testing::internal::UnitTestImpl, bool>(testing::internal::UnitTestImpl*, bool (testing::internal::UnitTestImpl::*)(), char const*) (gtest.cc:2657)
==163== 
==163== 60 (24 direct, 36 indirect) bytes in 1 blocks are definitely lost in loss record 39 of 39
==163==    at 0x4849013: operator new(unsigned long) (in /usr/libexec/valgrind/vgpreload_memcheck-amd64-linux.so)
==163==    by 0x1202E8: SimpleString::substr(unsigned long, unsigned long) const (simpleString.cpp:84)
==163==    by 0x1198CA: SimpleStringTester_substr_expectedPartOfTextReturned_Test::TestBody() (simpleStringTests.cpp:252)
==163==    by 0x1612F2: void testing::internal::HandleSehExceptionsInMethodIfSupported<testing::Test, void>(testing::Test*, void (testing::Test::*)(), char const*) (gtest.cc:2621)
==163==    by 0x1596AA: void testing::internal::HandleExceptionsInMethodIfSupported<testing::Test, void>(testing::Test*, void (testing::Test::*)(), char const*) (gtest.cc:2657)
==163==    by 0x134037: testing::Test::Run() (gtest.cc:2696)
==163==    by 0x134B52: testing::TestInfo::Run() (gtest.cc:2845)
==163==    by 0x135490: testing::TestSuite::Run() (gtest.cc:3004)
==163==    by 0x145840: testing::internal::UnitTestImpl::RunAllTests() (gtest.cc:5890)
==163==    by 0x162399: bool testing::internal::HandleSehExceptionsInMethodIfSupported<testing::internal::UnitTestImpl, bool>(testing::internal::UnitTestImpl*, bool (testing::internal::UnitTestImpl::*)(), char const*) (gtest.cc:2621)
==163==    by 0x15A8CA: bool testing::internal::HandleExceptionsInMethodIfSupported<testing::internal::UnitTestImpl, bool>(testing::internal::UnitTestImpl*, bool (testing::internal::UnitTestImpl::*)(), char const*) (gtest.cc:2657)
==163==    by 0x143E62: testing::UnitTest::Run() (gtest.cc:5455)
==163== 
==163== LEAK SUMMARY:
==163==    definitely lost: 24 bytes in 38 blocks
==163==    indirectly lost: 36 bytes in 1 blocks
==163==      possibly lost: 0 bytes in 0 blocks
==163==    still reachable: 0 bytes in 0 blocks
==163==         suppressed: 0 bytes in 0 blocks
==163== 
==163== For lists of detected and suppressed errors, rerun with: -s
==163== ERROR SUMMARY: 45 errors from 45 contexts (suppressed: 0 from 0)
