[ 11%] Building CXX object tests/lib/googletest/CMakeFiles/gtest.dir/src/gtest-all.cc.o
[ 22%] Linking CXX static library ../../../lib/libgtest.a
[ 22%] Built target gtest
[ 33%] Building CXX object tests/lib/googletest/CMakeFiles/gtest_main.dir/src/gtest_main.cc.o
[ 44%] Linking CXX static library ../../../lib/libgtest_main.a
[ 44%] Built target gtest_main
[ 55%] Building CXX object tests/CMakeFiles/tests.dir/linuxTests.cpp.o
[ 66%] Building CXX object tests/CMakeFiles/tests.dir/windowsTests.cpp.o
[ 77%] Building CXX object tests/CMakeFiles/tests.dir/__/linux.cpp.o
[ 88%] Building CXX object tests/CMakeFiles/tests.dir/__/windows.cpp.o
In file included from /tmp/tmpvqapak1r/student/lab2systems/windows.cpp:4:
/tmp/tmpvqapak1r/student/lab2systems/user.h:13:13: warning: ‘bool operator==(const User&, const User&)’ defined but not used [-Wunused-function]
   13 | static bool operator==(const User& lhs, const User& rhs)
      |             ^~~~~~~~
In file included from /tmp/tmpvqapak1r/student/lab2systems/linux.cpp:4:
/tmp/tmpvqapak1r/student/lab2systems/user.h:13:13: warning: ‘bool operator==(const User&, const User&)’ defined but not used [-Wunused-function]
   13 | static bool operator==(const User& lhs, const User& rhs)
      |             ^~~~~~~~
[100%] Linking CXX executable ../bin/tests
[100%] Built target tests
