{
  "tests": 16,
  "failures": 1,
  "disabled": 0,
  "errors": 0,
  "timestamp": "2023-03-14T14:00:44Z",
  "time": "0s",
  "name": "AllTests",
  "testsuites": [
    {
      "name": "LinuxTester",
      "tests": 9,
      "failures": 0,
      "disabled": 0,
      "errors": 0,
      "timestamp": "2023-03-14T14:00:44Z",
      "time": "0s",
      "testsuite": [
        {
          "name": "defaultConstructor",
          "file": "\/tmp\/tmpvqapak1r\/student\/lab2systems\/tests\/linuxTests.cpp",
          "line": 47,
          "status": "RUN",
          "result": "COMPLETED",
          "timestamp": "2023-03-14T14:00:44Z",
          "time": "0s",
          "classname": "LinuxTester"
        },
        {
          "name": "constructorWithSingleArgument",
          "file": "\/tmp\/tmpvqapak1r\/student\/lab2systems\/tests\/linuxTests.cpp",
          "line": 59,
          "status": "RUN",
          "result": "COMPLETED",
          "timestamp": "2023-03-14T14:00:44Z",
          "time": "0s",
          "classname": "LinuxTester"
        },
        {
          "name": "destructor",
          "file": "\/tmp\/tmpvqapak1r\/student\/lab2systems\/tests\/linuxTests.cpp",
          "line": 73,
          "status": "RUN",
          "result": "COMPLETED",
          "timestamp": "2023-03-14T14:00:44Z",
          "time": "0s",
          "classname": "LinuxTester"
        },
        {
          "name": "addSingleUser_expectedUserIdReturned",
          "file": "\/tmp\/tmpvqapak1r\/student\/lab2systems\/tests\/linuxTests.cpp",
          "line": 88,
          "status": "RUN",
          "result": "COMPLETED",
          "timestamp": "2023-03-14T14:00:44Z",
          "time": "0s",
          "classname": "LinuxTester"
        },
        {
          "name": "user_expectedNewlyAddedUserReturned",
          "file": "\/tmp\/tmpvqapak1r\/student\/lab2systems\/tests\/linuxTests.cpp",
          "line": 102,
          "status": "RUN",
          "result": "COMPLETED",
          "timestamp": "2023-03-14T14:00:44Z",
          "time": "0s",
          "classname": "LinuxTester"
        },
        {
          "name": "userHomeDirectory_expectedCorrectUserHomeDirectoryReturned",
          "file": "\/tmp\/tmpvqapak1r\/student\/lab2systems\/tests\/linuxTests.cpp",
          "line": 118,
          "status": "RUN",
          "result": "COMPLETED",
          "timestamp": "2023-03-14T14:00:44Z",
          "time": "0s",
          "classname": "LinuxTester"
        },
        {
          "name": "instanceConstructionAndDestruction_expectedOpenSourceSympathizersChanges",
          "file": "\/tmp\/tmpvqapak1r\/student\/lab2systems\/tests\/linuxTests.cpp",
          "line": 134,
          "status": "RUN",
          "result": "COMPLETED",
          "timestamp": "2023-03-14T14:00:44Z",
          "time": "0s",
          "classname": "LinuxTester"
        },
        {
          "name": "characterType_definedInsideClass",
          "file": "\/tmp\/tmpvqapak1r\/student\/lab2systems\/tests\/linuxTests.cpp",
          "line": 169,
          "status": "RUN",
          "result": "COMPLETED",
          "timestamp": "2023-03-14T14:00:44Z",
          "time": "0s",
          "classname": "LinuxTester"
        },
        {
          "name": "testOptionalGraphicEnvironment",
          "file": "\/tmp\/tmpvqapak1r\/student\/lab2systems\/tests\/linuxTests.cpp",
          "line": 180,
          "status": "RUN",
          "result": "COMPLETED",
          "timestamp": "2023-03-14T14:00:44Z",
          "time": "0s",
          "classname": "LinuxTester"
        }
      ]
    },
    {
      "name": "WindowsTester",
      "tests": 7,
      "failures": 1,
      "disabled": 0,
      "errors": 0,
      "timestamp": "2023-03-14T14:00:44Z",
      "time": "0s",
      "testsuite": [
        {
          "name": "defaultConstructor",
          "file": "\/tmp\/tmpvqapak1r\/student\/lab2systems\/tests\/windowsTests.cpp",
          "line": 46,
          "status": "RUN",
          "result": "COMPLETED",
          "timestamp": "2023-03-14T14:00:44Z",
          "time": "0s",
          "classname": "WindowsTester"
        },
        {
          "name": "constructorWithSingleArgument",
          "file": "\/tmp\/tmpvqapak1r\/student\/lab2systems\/tests\/windowsTests.cpp",
          "line": 62,
          "status": "RUN",
          "result": "COMPLETED",
          "timestamp": "2023-03-14T14:00:44Z",
          "time": "0s",
          "classname": "WindowsTester"
        },
        {
          "name": "addSingleUser_expectedUserIdReturned",
          "file": "\/tmp\/tmpvqapak1r\/student\/lab2systems\/tests\/windowsTests.cpp",
          "line": 80,
          "status": "RUN",
          "result": "COMPLETED",
          "timestamp": "2023-03-14T14:00:44Z",
          "time": "0s",
          "classname": "WindowsTester"
        },
        {
          "name": "user_expectedNewlyAddedUserReturned",
          "file": "\/tmp\/tmpvqapak1r\/student\/lab2systems\/tests\/windowsTests.cpp",
          "line": 98,
          "status": "RUN",
          "result": "COMPLETED",
          "timestamp": "2023-03-14T14:00:44Z",
          "time": "0s",
          "classname": "WindowsTester"
        },
        {
          "name": "userHomeDirectory_expectedCorrectUserHomeDirectoryReturned",
          "file": "\/tmp\/tmpvqapak1r\/student\/lab2systems\/tests\/windowsTests.cpp",
          "line": 118,
          "status": "RUN",
          "result": "COMPLETED",
          "timestamp": "2023-03-14T14:00:44Z",
          "time": "0s",
          "classname": "WindowsTester",
          "failures": [
            {
              "failure": "\/tmp\/tmpvqapak1r\/student\/lab2systems\/tests\/windowsTests.cpp:134\nExpected equality of these values:\n  expectedHomeDirectory\n    Which is: \"C:\\\\Users\\\\admin\"\n  windows.user_home_directory(userId)\n    Which is: \"\/home\/admin\/\"",
              "type": ""
            }
          ]
        },
        {
          "name": "instanceConstructionAndDestruction_expectedOpenSourceSympathizersChanges",
          "file": "\/tmp\/tmpvqapak1r\/student\/lab2systems\/tests\/windowsTests.cpp",
          "line": 138,
          "status": "RUN",
          "result": "COMPLETED",
          "timestamp": "2023-03-14T14:00:44Z",
          "time": "0s",
          "classname": "WindowsTester"
        },
        {
          "name": "characterType_definedInsideClass",
          "file": "\/tmp\/tmpvqapak1r\/student\/lab2systems\/tests\/windowsTests.cpp",
          "line": 169,
          "status": "RUN",
          "result": "COMPLETED",
          "timestamp": "2023-03-14T14:00:44Z",
          "time": "0s",
          "classname": "WindowsTester"
        }
      ]
    }
  ]
}
