==164== Memcheck, a memory error detector
==164== Copyright (C) 2002-2017, and GNU GPL'd, by Julian Seward et al.
==164== Using Valgrind-3.18.1 and LibVEX; rerun with -h for copyright info
==164== Command: /tmp/tmpz4r654_f/student/zaj10SortedUniqueVectoredList/build//bin/unit_tests
==164== 
Running main() from /tmp/tmpz4r654_f/student/zaj10SortedUniqueVectoredList/unitTests/lib/googletest/src/gtest_main.cc
[==========] Running 15 tests from 1 test suite.
[----------] Global test environment set-up.
[----------] 15 tests from SortedUniqueVectoredListTests
[ RUN      ] SortedUniqueVectoredListTests.defaultConstructor_sizeOfEmptyContainerIsZero
[       OK ] SortedUniqueVectoredListTests.defaultConstructor_sizeOfEmptyContainerIsZero (18 ms)
[ RUN      ] SortedUniqueVectoredListTests.pushBack_sizeOfContainerIncreaseAfterCallingPushBack
[       OK ] SortedUniqueVectoredListTests.pushBack_sizeOfContainerIncreaseAfterCallingPushBack (11 ms)
[ RUN      ] SortedUniqueVectoredListTests.arrayIndexingOperator_testsInTheSamePositionsAsPushed
[       OK ] SortedUniqueVectoredListTests.arrayIndexingOperator_testsInTheSamePositionsAsPushed (6 ms)
[ RUN      ] SortedUniqueVectoredListTests.arrayIndexingOperator_throwingExceptionWhenOutOfRange
[       OK ] SortedUniqueVectoredListTests.arrayIndexingOperator_throwingExceptionWhenOutOfRange (41 ms)
[ RUN      ] SortedUniqueVectoredListTests.copyConstructor_textsDeeplyCopied
[       OK ] SortedUniqueVectoredListTests.copyConstructor_textsDeeplyCopied (9 ms)
[ RUN      ] SortedUniqueVectoredListTests.assignmentOperator_copyingContainerDeeply
[       OK ] SortedUniqueVectoredListTests.assignmentOperator_copyingContainerDeeply (7 ms)
[ RUN      ] SortedUniqueVectoredListTests.assignmentOperator_assignmentCascadeAtOnceExpectingDeepCopyMultipleTimesEvenWithItselve
[       OK ] SortedUniqueVectoredListTests.assignmentOperator_assignmentCascadeAtOnceExpectingDeepCopyMultipleTimesEvenWithItselve (6 ms)
[ RUN      ] SortedUniqueVectoredListTests.assignmentOperator_movingTextFromAnotherContainer
[       OK ] SortedUniqueVectoredListTests.assignmentOperator_movingTextFromAnotherContainer (8 ms)
[ RUN      ] SortedUniqueVectoredListTests.subtractOperator_expectReturningContainerContainingElementsFromFirstContainerWhichAreNotInAnotherContainers
[       OK ] SortedUniqueVectoredListTests.subtractOperator_expectReturningContainerContainingElementsFromFirstContainerWhichAreNotInAnotherContainers (14 ms)
[ RUN      ] SortedUniqueVectoredListTests.multiplyAssignmentOperator_expectedMultiplyingTextManyTimes
[       OK ] SortedUniqueVectoredListTests.multiplyAssignmentOperator_expectedMultiplyingTextManyTimes (6 ms)
[ RUN      ] SortedUniqueVectoredListTests.pushBack_pushingNotSortedElements_expectedElementsInContainerSorted
[       OK ] SortedUniqueVectoredListTests.pushBack_pushingNotSortedElements_expectedElementsInContainerSorted (8 ms)
[ RUN      ] SortedUniqueVectoredListTests.pushBack_pushingNotSortedNotUniqueElements_expectedElementsInContainerUniqueAndSorted
[       OK ] SortedUniqueVectoredListTests.pushBack_pushingNotSortedNotUniqueElements_expectedElementsInContainerUniqueAndSorted (22 ms)
[ RUN      ] SortedUniqueVectoredListTests.pushingManyElements_expectedAllOfThemInContainerAndNothingBadhappen
[       OK ] SortedUniqueVectoredListTests.pushingManyElements_expectedAllOfThemInContainerAndNothingBadhappen (700 ms)
[ RUN      ] SortedUniqueVectoredListTests.conversion2StringOperator_expectedAllTextsConcatened
[       OK ] SortedUniqueVectoredListTests.conversion2StringOperator_expectedAllTextsConcatened (7 ms)
[ RUN      ] SortedUniqueVectoredListTests.copying_copyingEmptyContainer
[       OK ] SortedUniqueVectoredListTests.copying_copyingEmptyContainer (3 ms)
[----------] 15 tests from SortedUniqueVectoredListTests (885 ms total)

[----------] Global test environment tear-down
[==========] 15 tests from 1 test suite ran. (935 ms total)
[  PASSED  ] 15 tests.
==164== 
==164== HEAP SUMMARY:
==164==     in use at exit: 0 bytes in 0 blocks
==164==   total heap usage: 867 allocs, 867 frees, 274,862 bytes allocated
==164== 
==164== All heap blocks were freed -- no leaks are possible
==164== 
==164== For lists of detected and suppressed errors, rerun with: -s
==164== ERROR SUMMARY: 0 errors from 0 contexts (suppressed: 0 from 0)
