Running main() from /tmp/tmpzwm4u81m/student/lab1Functions/tests/lib/googletest/src/gtest_main.cc
[==========] Running 7 tests from 1 test suite.
[----------] Global test environment set-up.
[----------] 7 tests from PrintingTester
[ RUN      ] PrintingTester.singleInteger
[       OK ] PrintingTester.singleInteger (0 ms)
[ RUN      ] PrintingTester.singleDouble
[       OK ] PrintingTester.singleDouble (0 ms)
[ RUN      ] PrintingTester.printFraction
[       OK ] PrintingTester.printFraction (0 ms)
[ RUN      ] PrintingTester.printCstring
[       OK ] PrintingTester.printCstring (0 ms)
[ RUN      ] PrintingTester.printNotCopyableObject
[       OK ] PrintingTester.printNotCopyableObject (0 ms)
[ RUN      ] PrintingTester.printArrayOfNumbers
[       OK ] PrintingTester.printArrayOfNumbers (0 ms)
[ RUN      ] PrintingTester.printWithoutArgument
[       OK ] PrintingTester.printWithoutArgument (0 ms)
[----------] 7 tests from PrintingTester (0 ms total)

[----------] Global test environment tear-down
[==========] 7 tests from 1 test suite ran. (0 ms total)
[  PASSED  ] 7 tests.
