==163== Memcheck, a memory error detector
==163== Copyright (C) 2002-2017, and GNU GPL'd, by Julian Seward et al.
==163== Using Valgrind-3.18.1 and LibVEX; rerun with -h for copyright info
==163== Command: /tmp/tmpzwm4u81m/student/lab1Functions/build//bin/tests
==163== 
Running main() from /tmp/tmpzwm4u81m/student/lab1Functions/tests/lib/googletest/src/gtest_main.cc
[==========] Running 7 tests from 1 test suite.
[----------] Global test environment set-up.
[----------] 7 tests from PrintingTester
[ RUN      ] PrintingTester.singleInteger
[       OK ] PrintingTester.singleInteger (24 ms)
[ RUN      ] PrintingTester.singleDouble
[       OK ] PrintingTester.singleDouble (26 ms)
[ RUN      ] PrintingTester.printFraction
[       OK ] PrintingTester.printFraction (4 ms)
[ RUN      ] PrintingTester.printCstring
[       OK ] PrintingTester.printCstring (3 ms)
[ RUN      ] PrintingTester.printNotCopyableObject
[       OK ] PrintingTester.printNotCopyableObject (3 ms)
[ RUN      ] PrintingTester.printArrayOfNumbers
[       OK ] PrintingTester.printArrayOfNumbers (3 ms)
[ RUN      ] PrintingTester.printWithoutArgument
[       OK ] PrintingTester.printWithoutArgument (2 ms)
[----------] 7 tests from PrintingTester (79 ms total)

[----------] Global test environment tear-down
[==========] 7 tests from 1 test suite ran. (130 ms total)
[  PASSED  ] 7 tests.
==163== 
==163== HEAP SUMMARY:
==163==     in use at exit: 0 bytes in 0 blocks
==163==   total heap usage: 274 allocs, 274 frees, 125,777 bytes allocated
==163== 
==163== All heap blocks were freed -- no leaks are possible
==163== 
==163== For lists of detected and suppressed errors, rerun with: -s
==163== ERROR SUMMARY: 0 errors from 0 contexts (suppressed: 0 from 0)
