==255== Memcheck, a memory error detector
==255== Copyright (C) 2002-2017, and GNU GPL'd, by Julian Seward et al.
==255== Using Valgrind-3.18.1 and LibVEX; rerun with -h for copyright info
==255== Command: /tmp/tmpjvenn61m/student/zaj8i9UniqueObjectList_and_parser/build//bin/unit_tests
==255== 
Running main() from /tmp/tmpjvenn61m/student/zaj8i9UniqueObjectList_and_parser/unitTests/lib/googletest/src/gtest_main.cc
[==========] Running 15 tests from 1 test suite.
[----------] Global test environment set-up.
[----------] 15 tests from ObjectListTester
[ RUN      ] ObjectListTester.constructionWithDefaultConstructor_expectedAllElementsAreZero
[       OK ] ObjectListTester.constructionWithDefaultConstructor_expectedAllElementsAreZero (17 ms)
[ RUN      ] ObjectListTester.pushFrontOfElements_expectedSizeIncreases
[       OK ] ObjectListTester.pushFrontOfElements_expectedSizeIncreases (28 ms)
[ RUN      ] ObjectListTester.pushFrontOfDuplicatedElements_expectedSizeIncreasesOnlyWhenUniqueElementAdded
[       OK ] ObjectListTester.pushFrontOfDuplicatedElements_expectedSizeIncreasesOnlyWhenUniqueElementAdded (9 ms)
[ RUN      ] ObjectListTester.popFrontOfElements_expectedSizeDecreases
[       OK ] ObjectListTester.popFrontOfElements_expectedSizeDecreases (6 ms)
[ RUN      ] ObjectListTester.frontOfLists_expectedCorrectFirstElementReturned
[       OK ] ObjectListTester.frontOfLists_expectedCorrectFirstElementReturned (20 ms)
[ RUN      ] ObjectListTester.clear_expectedAllElementsRemoved
[       OK ] ObjectListTester.clear_expectedAllElementsRemoved (8 ms)
[ RUN      ] ObjectListTester.reverse_expectedAllElementsReversed
[       OK ] ObjectListTester.reverse_expectedAllElementsReversed (8 ms)
[ RUN      ] ObjectListTester.iteratorMethodsSyntaxCorrect_expectedChecksPasses
[       OK ] ObjectListTester.iteratorMethodsSyntaxCorrect_expectedChecksPasses (3 ms)
[ RUN      ] ObjectListTester.loopingWithIterators_expectedSuccess
[       OK ] ObjectListTester.loopingWithIterators_expectedSuccess (4 ms)
[ RUN      ] ObjectListTester.eraseAfterMiddleElement_expectedMiddleElementErased
[       OK ] ObjectListTester.eraseAfterMiddleElement_expectedMiddleElementErased (15 ms)
[ RUN      ] ObjectListTester.eraseMiddleElement_expectedMiddleElementErased
[       OK ] ObjectListTester.eraseMiddleElement_expectedMiddleElementErased (13 ms)
[ RUN      ] ObjectListTester.copyConstructorImplemented_expected2ListsWithTheSameElementsInTheSameOrder
[       OK ] ObjectListTester.copyConstructorImplemented_expected2ListsWithTheSameElementsInTheSameOrder (8 ms)
[ RUN      ] ObjectListTester.moveConstructorImplemented_expectedAllElementsMovedToOrderContainer
[       OK ] ObjectListTester.moveConstructorImplemented_expectedAllElementsMovedToOrderContainer (6 ms)
[ RUN      ] ObjectListTester.assignmentOperatorCopying_expectedNewValues
[       OK ] ObjectListTester.assignmentOperatorCopying_expectedNewValues (13 ms)
[ RUN      ] ObjectListTester.assignmentOperatorMoving_expectedAllElementsMoved
[       OK ] ObjectListTester.assignmentOperatorMoving_expectedAllElementsMoved (11 ms)
[----------] 15 tests from ObjectListTester (189 ms total)

[----------] Global test environment tear-down
[==========] 15 tests from 1 test suite ran. (242 ms total)
[  PASSED  ] 15 tests.
==255== 
==255== HEAP SUMMARY:
==255==     in use at exit: 8,681 bytes in 280 blocks
==255==   total heap usage: 946 allocs, 666 frees, 156,376 bytes allocated
==255== 
==255== 120 bytes in 3 blocks are definitely lost in loss record 3 of 41
==255==    at 0x4849013: operator new(unsigned long) (in /usr/libexec/valgrind/vgpreload_memcheck-amd64-linux.so)
==255==    by 0x11AA16: ObjectListTester_assignmentOperatorCopying_expectedNewValues_Test::TestBody() (in /tmp/tmpjvenn61m/student/zaj8i9UniqueObjectList_and_parser/build/bin/unit_tests)
==255==    by 0x167BEC: void testing::internal::HandleSehExceptionsInMethodIfSupported<testing::Test, void>(testing::Test*, void (testing::Test::*)(), char const*) (in /tmp/tmpjvenn61m/student/zaj8i9UniqueObjectList_and_parser/build/bin/unit_tests)
==255==    by 0x15FF92: void testing::internal::HandleExceptionsInMethodIfSupported<testing::Test, void>(testing::Test*, void (testing::Test::*)(), char const*) (in /tmp/tmpjvenn61m/student/zaj8i9UniqueObjectList_and_parser/build/bin/unit_tests)
==255==    by 0x13AC3B: testing::Test::Run() (in /tmp/tmpjvenn61m/student/zaj8i9UniqueObjectList_and_parser/build/bin/unit_tests)
==255==    by 0x13B756: testing::TestInfo::Run() (in /tmp/tmpjvenn61m/student/zaj8i9UniqueObjectList_and_parser/build/bin/unit_tests)
==255==    by 0x13C094: testing::TestSuite::Run() (in /tmp/tmpjvenn61m/student/zaj8i9UniqueObjectList_and_parser/build/bin/unit_tests)
==255==    by 0x14C444: testing::internal::UnitTestImpl::RunAllTests() (in /tmp/tmpjvenn61m/student/zaj8i9UniqueObjectList_and_parser/build/bin/unit_tests)
==255==    by 0x168C93: bool testing::internal::HandleSehExceptionsInMethodIfSupported<testing::internal::UnitTestImpl, bool>(testing::internal::UnitTestImpl*, bool (testing::internal::UnitTestImpl::*)(), char const*) (in /tmp/tmpjvenn61m/student/zaj8i9UniqueObjectList_and_parser/build/bin/unit_tests)
==255==    by 0x1611B2: bool testing::internal::HandleExceptionsInMethodIfSupported<testing::internal::UnitTestImpl, bool>(testing::internal::UnitTestImpl*, bool (testing::internal::UnitTestImpl::*)(), char const*) (in /tmp/tmpjvenn61m/student/zaj8i9UniqueObjectList_and_parser/build/bin/unit_tests)
==255==    by 0x14AA66: testing::UnitTest::Run() (in /tmp/tmpjvenn61m/student/zaj8i9UniqueObjectList_and_parser/build/bin/unit_tests)
==255==    by 0x17CD7A: RUN_ALL_TESTS() (in /tmp/tmpjvenn61m/student/zaj8i9UniqueObjectList_and_parser/build/bin/unit_tests)
==255== 
==255== 400 bytes in 10 blocks are definitely lost in loss record 25 of 41
==255==    at 0x4849013: operator new(unsigned long) (in /usr/libexec/valgrind/vgpreload_memcheck-amd64-linux.so)
==255==    by 0x115BBA: ObjectListTester_pushFrontOfDuplicatedElements_expectedSizeIncreasesOnlyWhenUniqueElementAdded_Test::TestBody() (in /tmp/tmpjvenn61m/student/zaj8i9UniqueObjectList_and_parser/build/bin/unit_tests)
==255==    by 0x167BEC: void testing::internal::HandleSehExceptionsInMethodIfSupported<testing::Test, void>(testing::Test*, void (testing::Test::*)(), char const*) (in /tmp/tmpjvenn61m/student/zaj8i9UniqueObjectList_and_parser/build/bin/unit_tests)
==255==    by 0x15FF92: void testing::internal::HandleExceptionsInMethodIfSupported<testing::Test, void>(testing::Test*, void (testing::Test::*)(), char const*) (in /tmp/tmpjvenn61m/student/zaj8i9UniqueObjectList_and_parser/build/bin/unit_tests)
==255==    by 0x13AC3B: testing::Test::Run() (in /tmp/tmpjvenn61m/student/zaj8i9UniqueObjectList_and_parser/build/bin/unit_tests)
==255==    by 0x13B756: testing::TestInfo::Run() (in /tmp/tmpjvenn61m/student/zaj8i9UniqueObjectList_and_parser/build/bin/unit_tests)
==255==    by 0x13C094: testing::TestSuite::Run() (in /tmp/tmpjvenn61m/student/zaj8i9UniqueObjectList_and_parser/build/bin/unit_tests)
==255==    by 0x14C444: testing::internal::UnitTestImpl::RunAllTests() (in /tmp/tmpjvenn61m/student/zaj8i9UniqueObjectList_and_parser/build/bin/unit_tests)
==255==    by 0x168C93: bool testing::internal::HandleSehExceptionsInMethodIfSupported<testing::internal::UnitTestImpl, bool>(testing::internal::UnitTestImpl*, bool (testing::internal::UnitTestImpl::*)(), char const*) (in /tmp/tmpjvenn61m/student/zaj8i9UniqueObjectList_and_parser/build/bin/unit_tests)
==255==    by 0x1611B2: bool testing::internal::HandleExceptionsInMethodIfSupported<testing::internal::UnitTestImpl, bool>(testing::internal::UnitTestImpl*, bool (testing::internal::UnitTestImpl::*)(), char const*) (in /tmp/tmpjvenn61m/student/zaj8i9UniqueObjectList_and_parser/build/bin/unit_tests)
==255==    by 0x14AA66: testing::UnitTest::Run() (in /tmp/tmpjvenn61m/student/zaj8i9UniqueObjectList_and_parser/build/bin/unit_tests)
==255==    by 0x17CD7A: RUN_ALL_TESTS() (in /tmp/tmpjvenn61m/student/zaj8i9UniqueObjectList_and_parser/build/bin/unit_tests)
==255== 
==255== 400 bytes in 10 blocks are definitely lost in loss record 26 of 41
==255==    at 0x4849013: operator new(unsigned long) (in /usr/libexec/valgrind/vgpreload_memcheck-amd64-linux.so)
==255==    by 0x115FFD: ObjectListTester_popFrontOfElements_expectedSizeDecreases_Test::TestBody() (in /tmp/tmpjvenn61m/student/zaj8i9UniqueObjectList_and_parser/build/bin/unit_tests)
==255==    by 0x167BEC: void testing::internal::HandleSehExceptionsInMethodIfSupported<testing::Test, void>(testing::Test*, void (testing::Test::*)(), char const*) (in /tmp/tmpjvenn61m/student/zaj8i9UniqueObjectList_and_parser/build/bin/unit_tests)
==255==    by 0x15FF92: void testing::internal::HandleExceptionsInMethodIfSupported<testing::Test, void>(testing::Test*, void (testing::Test::*)(), char const*) (in /tmp/tmpjvenn61m/student/zaj8i9UniqueObjectList_and_parser/build/bin/unit_tests)
==255==    by 0x13AC3B: testing::Test::Run() (in /tmp/tmpjvenn61m/student/zaj8i9UniqueObjectList_and_parser/build/bin/unit_tests)
==255==    by 0x13B756: testing::TestInfo::Run() (in /tmp/tmpjvenn61m/student/zaj8i9UniqueObjectList_and_parser/build/bin/unit_tests)
==255==    by 0x13C094: testing::TestSuite::Run() (in /tmp/tmpjvenn61m/student/zaj8i9UniqueObjectList_and_parser/build/bin/unit_tests)
==255==    by 0x14C444: testing::internal::UnitTestImpl::RunAllTests() (in /tmp/tmpjvenn61m/student/zaj8i9UniqueObjectList_and_parser/build/bin/unit_tests)
==255==    by 0x168C93: bool testing::internal::HandleSehExceptionsInMethodIfSupported<testing::internal::UnitTestImpl, bool>(testing::internal::UnitTestImpl*, bool (testing::internal::UnitTestImpl::*)(), char const*) (in /tmp/tmpjvenn61m/student/zaj8i9UniqueObjectList_and_parser/build/bin/unit_tests)
==255==    by 0x1611B2: bool testing::internal::HandleExceptionsInMethodIfSupported<testing::internal::UnitTestImpl, bool>(testing::internal::UnitTestImpl*, bool (testing::internal::UnitTestImpl::*)(), char const*) (in /tmp/tmpjvenn61m/student/zaj8i9UniqueObjectList_and_parser/build/bin/unit_tests)
==255==    by 0x14AA66: testing::UnitTest::Run() (in /tmp/tmpjvenn61m/student/zaj8i9UniqueObjectList_and_parser/build/bin/unit_tests)
==255==    by 0x17CD7A: RUN_ALL_TESTS() (in /tmp/tmpjvenn61m/student/zaj8i9UniqueObjectList_and_parser/build/bin/unit_tests)
==255== 
==255== 400 bytes in 10 blocks are definitely lost in loss record 27 of 41
==255==    at 0x4849013: operator new(unsigned long) (in /usr/libexec/valgrind/vgpreload_memcheck-amd64-linux.so)
==255==    by 0x116946: ObjectListTester_frontOfLists_expectedCorrectFirstElementReturned_Test::TestBody() (in /tmp/tmpjvenn61m/student/zaj8i9UniqueObjectList_and_parser/build/bin/unit_tests)
==255==    by 0x167BEC: void testing::internal::HandleSehExceptionsInMethodIfSupported<testing::Test, void>(testing::Test*, void (testing::Test::*)(), char const*) (in /tmp/tmpjvenn61m/student/zaj8i9UniqueObjectList_and_parser/build/bin/unit_tests)
==255==    by 0x15FF92: void testing::internal::HandleExceptionsInMethodIfSupported<testing::Test, void>(testing::Test*, void (testing::Test::*)(), char const*) (in /tmp/tmpjvenn61m/student/zaj8i9UniqueObjectList_and_parser/build/bin/unit_tests)
==255==    by 0x13AC3B: testing::Test::Run() (in /tmp/tmpjvenn61m/student/zaj8i9UniqueObjectList_and_parser/build/bin/unit_tests)
==255==    by 0x13B756: testing::TestInfo::Run() (in /tmp/tmpjvenn61m/student/zaj8i9UniqueObjectList_and_parser/build/bin/unit_tests)
==255==    by 0x13C094: testing::TestSuite::Run() (in /tmp/tmpjvenn61m/student/zaj8i9UniqueObjectList_and_parser/build/bin/unit_tests)
==255==    by 0x14C444: testing::internal::UnitTestImpl::RunAllTests() (in /tmp/tmpjvenn61m/student/zaj8i9UniqueObjectList_and_parser/build/bin/unit_tests)
==255==    by 0x168C93: bool testing::internal::HandleSehExceptionsInMethodIfSupported<testing::internal::UnitTestImpl, bool>(testing::internal::UnitTestImpl*, bool (testing::internal::UnitTestImpl::*)(), char const*) (in /tmp/tmpjvenn61m/student/zaj8i9UniqueObjectList_and_parser/build/bin/unit_tests)
==255==    by 0x1611B2: bool testing::internal::HandleExceptionsInMethodIfSupported<testing::internal::UnitTestImpl, bool>(testing::internal::UnitTestImpl*, bool (testing::internal::UnitTestImpl::*)(), char const*) (in /tmp/tmpjvenn61m/student/zaj8i9UniqueObjectList_and_parser/build/bin/unit_tests)
==255==    by 0x14AA66: testing::UnitTest::Run() (in /tmp/tmpjvenn61m/student/zaj8i9UniqueObjectList_and_parser/build/bin/unit_tests)
==255==    by 0x17CD7A: RUN_ALL_TESTS() (in /tmp/tmpjvenn61m/student/zaj8i9UniqueObjectList_and_parser/build/bin/unit_tests)
==255== 
==255== 400 bytes in 10 blocks are definitely lost in loss record 28 of 41
==255==    at 0x4849013: operator new(unsigned long) (in /usr/libexec/valgrind/vgpreload_memcheck-amd64-linux.so)
==255==    by 0x117390: ObjectListTester_clear_expectedAllElementsRemoved_Test::TestBody() (in /tmp/tmpjvenn61m/student/zaj8i9UniqueObjectList_and_parser/build/bin/unit_tests)
==255==    by 0x167BEC: void testing::internal::HandleSehExceptionsInMethodIfSupported<testing::Test, void>(testing::Test*, void (testing::Test::*)(), char const*) (in /tmp/tmpjvenn61m/student/zaj8i9UniqueObjectList_and_parser/build/bin/unit_tests)
==255==    by 0x15FF92: void testing::internal::HandleExceptionsInMethodIfSupported<testing::Test, void>(testing::Test*, void (testing::Test::*)(), char const*) (in /tmp/tmpjvenn61m/student/zaj8i9UniqueObjectList_and_parser/build/bin/unit_tests)
==255==    by 0x13AC3B: testing::Test::Run() (in /tmp/tmpjvenn61m/student/zaj8i9UniqueObjectList_and_parser/build/bin/unit_tests)
==255==    by 0x13B756: testing::TestInfo::Run() (in /tmp/tmpjvenn61m/student/zaj8i9UniqueObjectList_and_parser/build/bin/unit_tests)
==255==    by 0x13C094: testing::TestSuite::Run() (in /tmp/tmpjvenn61m/student/zaj8i9UniqueObjectList_and_parser/build/bin/unit_tests)
==255==    by 0x14C444: testing::internal::UnitTestImpl::RunAllTests() (in /tmp/tmpjvenn61m/student/zaj8i9UniqueObjectList_and_parser/build/bin/unit_tests)
==255==    by 0x168C93: bool testing::internal::HandleSehExceptionsInMethodIfSupported<testing::internal::UnitTestImpl, bool>(testing::internal::UnitTestImpl*, bool (testing::internal::UnitTestImpl::*)(), char const*) (in /tmp/tmpjvenn61m/student/zaj8i9UniqueObjectList_and_parser/build/bin/unit_tests)
==255==    by 0x1611B2: bool testing::internal::HandleExceptionsInMethodIfSupported<testing::internal::UnitTestImpl, bool>(testing::internal::UnitTestImpl*, bool (testing::internal::UnitTestImpl::*)(), char const*) (in /tmp/tmpjvenn61m/student/zaj8i9UniqueObjectList_and_parser/build/bin/unit_tests)
==255==    by 0x14AA66: testing::UnitTest::Run() (in /tmp/tmpjvenn61m/student/zaj8i9UniqueObjectList_and_parser/build/bin/unit_tests)
==255==    by 0x17CD7A: RUN_ALL_TESTS() (in /tmp/tmpjvenn61m/student/zaj8i9UniqueObjectList_and_parser/build/bin/unit_tests)
==255== 
==255== 400 bytes in 10 blocks are definitely lost in loss record 29 of 41
==255==    at 0x4849013: operator new(unsigned long) (in /usr/libexec/valgrind/vgpreload_memcheck-amd64-linux.so)
==255==    by 0x117C78: ObjectListTester_reverse_expectedAllElementsReversed_Test::TestBody() (in /tmp/tmpjvenn61m/student/zaj8i9UniqueObjectList_and_parser/build/bin/unit_tests)
==255==    by 0x167BEC: void testing::internal::HandleSehExceptionsInMethodIfSupported<testing::Test, void>(testing::Test*, void (testing::Test::*)(), char const*) (in /tmp/tmpjvenn61m/student/zaj8i9UniqueObjectList_and_parser/build/bin/unit_tests)
==255==    by 0x15FF92: void testing::internal::HandleExceptionsInMethodIfSupported<testing::Test, void>(testing::Test*, void (testing::Test::*)(), char const*) (in /tmp/tmpjvenn61m/student/zaj8i9UniqueObjectList_and_parser/build/bin/unit_tests)
==255==    by 0x13AC3B: testing::Test::Run() (in /tmp/tmpjvenn61m/student/zaj8i9UniqueObjectList_and_parser/build/bin/unit_tests)
==255==    by 0x13B756: testing::TestInfo::Run() (in /tmp/tmpjvenn61m/student/zaj8i9UniqueObjectList_and_parser/build/bin/unit_tests)
==255==    by 0x13C094: testing::TestSuite::Run() (in /tmp/tmpjvenn61m/student/zaj8i9UniqueObjectList_and_parser/build/bin/unit_tests)
==255==    by 0x14C444: testing::internal::UnitTestImpl::RunAllTests() (in /tmp/tmpjvenn61m/student/zaj8i9UniqueObjectList_and_parser/build/bin/unit_tests)
==255==    by 0x168C93: bool testing::internal::HandleSehExceptionsInMethodIfSupported<testing::internal::UnitTestImpl, bool>(testing::internal::UnitTestImpl*, bool (testing::internal::UnitTestImpl::*)(), char const*) (in /tmp/tmpjvenn61m/student/zaj8i9UniqueObjectList_and_parser/build/bin/unit_tests)
==255==    by 0x1611B2: bool testing::internal::HandleExceptionsInMethodIfSupported<testing::internal::UnitTestImpl, bool>(testing::internal::UnitTestImpl*, bool (testing::internal::UnitTestImpl::*)(), char const*) (in /tmp/tmpjvenn61m/student/zaj8i9UniqueObjectList_and_parser/build/bin/unit_tests)
==255==    by 0x14AA66: testing::UnitTest::Run() (in /tmp/tmpjvenn61m/student/zaj8i9UniqueObjectList_and_parser/build/bin/unit_tests)
==255==    by 0x17CD7A: RUN_ALL_TESTS() (in /tmp/tmpjvenn61m/student/zaj8i9UniqueObjectList_and_parser/build/bin/unit_tests)
==255== 
==255== 400 bytes in 10 blocks are definitely lost in loss record 30 of 41
==255==    at 0x4849013: operator new(unsigned long) (in /usr/libexec/valgrind/vgpreload_memcheck-amd64-linux.so)
==255==    by 0x11A925: ObjectListTester_assignmentOperatorCopying_expectedNewValues_Test::TestBody() (in /tmp/tmpjvenn61m/student/zaj8i9UniqueObjectList_and_parser/build/bin/unit_tests)
==255==    by 0x167BEC: void testing::internal::HandleSehExceptionsInMethodIfSupported<testing::Test, void>(testing::Test*, void (testing::Test::*)(), char const*) (in /tmp/tmpjvenn61m/student/zaj8i9UniqueObjectList_and_parser/build/bin/unit_tests)
==255==    by 0x15FF92: void testing::internal::HandleExceptionsInMethodIfSupported<testing::Test, void>(testing::Test*, void (testing::Test::*)(), char const*) (in /tmp/tmpjvenn61m/student/zaj8i9UniqueObjectList_and_parser/build/bin/unit_tests)
==255==    by 0x13AC3B: testing::Test::Run() (in /tmp/tmpjvenn61m/student/zaj8i9UniqueObjectList_and_parser/build/bin/unit_tests)
==255==    by 0x13B756: testing::TestInfo::Run() (in /tmp/tmpjvenn61m/student/zaj8i9UniqueObjectList_and_parser/build/bin/unit_tests)
==255==    by 0x13C094: testing::TestSuite::Run() (in /tmp/tmpjvenn61m/student/zaj8i9UniqueObjectList_and_parser/build/bin/unit_tests)
==255==    by 0x14C444: testing::internal::UnitTestImpl::RunAllTests() (in /tmp/tmpjvenn61m/student/zaj8i9UniqueObjectList_and_parser/build/bin/unit_tests)
==255==    by 0x168C93: bool testing::internal::HandleSehExceptionsInMethodIfSupported<testing::internal::UnitTestImpl, bool>(testing::internal::UnitTestImpl*, bool (testing::internal::UnitTestImpl::*)(), char const*) (in /tmp/tmpjvenn61m/student/zaj8i9UniqueObjectList_and_parser/build/bin/unit_tests)
==255==    by 0x1611B2: bool testing::internal::HandleExceptionsInMethodIfSupported<testing::internal::UnitTestImpl, bool>(testing::internal::UnitTestImpl*, bool (testing::internal::UnitTestImpl::*)(), char const*) (in /tmp/tmpjvenn61m/student/zaj8i9UniqueObjectList_and_parser/build/bin/unit_tests)
==255==    by 0x14AA66: testing::UnitTest::Run() (in /tmp/tmpjvenn61m/student/zaj8i9UniqueObjectList_and_parser/build/bin/unit_tests)
==255==    by 0x17CD7A: RUN_ALL_TESTS() (in /tmp/tmpjvenn61m/student/zaj8i9UniqueObjectList_and_parser/build/bin/unit_tests)
==255== 
==255== 400 bytes in 10 blocks are definitely lost in loss record 31 of 41
==255==    at 0x4849013: operator new(unsigned long) (in /usr/libexec/valgrind/vgpreload_memcheck-amd64-linux.so)
==255==    by 0x11C3E7: ObjectListTester_assignmentOperatorMoving_expectedAllElementsMoved_Test::TestBody() (in /tmp/tmpjvenn61m/student/zaj8i9UniqueObjectList_and_parser/build/bin/unit_tests)
==255==    by 0x167BEC: void testing::internal::HandleSehExceptionsInMethodIfSupported<testing::Test, void>(testing::Test*, void (testing::Test::*)(), char const*) (in /tmp/tmpjvenn61m/student/zaj8i9UniqueObjectList_and_parser/build/bin/unit_tests)
==255==    by 0x15FF92: void testing::internal::HandleExceptionsInMethodIfSupported<testing::Test, void>(testing::Test*, void (testing::Test::*)(), char const*) (in /tmp/tmpjvenn61m/student/zaj8i9UniqueObjectList_and_parser/build/bin/unit_tests)
==255==    by 0x13AC3B: testing::Test::Run() (in /tmp/tmpjvenn61m/student/zaj8i9UniqueObjectList_and_parser/build/bin/unit_tests)
==255==    by 0x13B756: testing::TestInfo::Run() (in /tmp/tmpjvenn61m/student/zaj8i9UniqueObjectList_and_parser/build/bin/unit_tests)
==255==    by 0x13C094: testing::TestSuite::Run() (in /tmp/tmpjvenn61m/student/zaj8i9UniqueObjectList_and_parser/build/bin/unit_tests)
==255==    by 0x14C444: testing::internal::UnitTestImpl::RunAllTests() (in /tmp/tmpjvenn61m/student/zaj8i9UniqueObjectList_and_parser/build/bin/unit_tests)
==255==    by 0x168C93: bool testing::internal::HandleSehExceptionsInMethodIfSupported<testing::internal::UnitTestImpl, bool>(testing::internal::UnitTestImpl*, bool (testing::internal::UnitTestImpl::*)(), char const*) (in /tmp/tmpjvenn61m/student/zaj8i9UniqueObjectList_and_parser/build/bin/unit_tests)
==255==    by 0x1611B2: bool testing::internal::HandleExceptionsInMethodIfSupported<testing::internal::UnitTestImpl, bool>(testing::internal::UnitTestImpl*, bool (testing::internal::UnitTestImpl::*)(), char const*) (in /tmp/tmpjvenn61m/student/zaj8i9UniqueObjectList_and_parser/build/bin/unit_tests)
==255==    by 0x14AA66: testing::UnitTest::Run() (in /tmp/tmpjvenn61m/student/zaj8i9UniqueObjectList_and_parser/build/bin/unit_tests)
==255==    by 0x17CD7A: RUN_ALL_TESTS() (in /tmp/tmpjvenn61m/student/zaj8i9UniqueObjectList_and_parser/build/bin/unit_tests)
==255== 
==255== 560 (16 direct, 544 indirect) bytes in 1 blocks are definitely lost in loss record 32 of 41
==255==    at 0x4849013: operator new(unsigned long) (in /usr/libexec/valgrind/vgpreload_memcheck-amd64-linux.so)
==255==    by 0x12699F: ObjectList::push_front(Object*) (in /tmp/tmpjvenn61m/student/zaj8i9UniqueObjectList_and_parser/build/bin/unit_tests)
==255==    by 0x1153CC: ObjectListTester_pushFrontOfElements_expectedSizeIncreases_Test::TestBody() (in /tmp/tmpjvenn61m/student/zaj8i9UniqueObjectList_and_parser/build/bin/unit_tests)
==255==    by 0x167BEC: void testing::internal::HandleSehExceptionsInMethodIfSupported<testing::Test, void>(testing::Test*, void (testing::Test::*)(), char const*) (in /tmp/tmpjvenn61m/student/zaj8i9UniqueObjectList_and_parser/build/bin/unit_tests)
==255==    by 0x15FF92: void testing::internal::HandleExceptionsInMethodIfSupported<testing::Test, void>(testing::Test*, void (testing::Test::*)(), char const*) (in /tmp/tmpjvenn61m/student/zaj8i9UniqueObjectList_and_parser/build/bin/unit_tests)
==255==    by 0x13AC3B: testing::Test::Run() (in /tmp/tmpjvenn61m/student/zaj8i9UniqueObjectList_and_parser/build/bin/unit_tests)
==255==    by 0x13B756: testing::TestInfo::Run() (in /tmp/tmpjvenn61m/student/zaj8i9UniqueObjectList_and_parser/build/bin/unit_tests)
==255==    by 0x13C094: testing::TestSuite::Run() (in /tmp/tmpjvenn61m/student/zaj8i9UniqueObjectList_and_parser/build/bin/unit_tests)
==255==    by 0x14C444: testing::internal::UnitTestImpl::RunAllTests() (in /tmp/tmpjvenn61m/student/zaj8i9UniqueObjectList_and_parser/build/bin/unit_tests)
==255==    by 0x168C93: bool testing::internal::HandleSehExceptionsInMethodIfSupported<testing::internal::UnitTestImpl, bool>(testing::internal::UnitTestImpl*, bool (testing::internal::UnitTestImpl::*)(), char const*) (in /tmp/tmpjvenn61m/student/zaj8i9UniqueObjectList_and_parser/build/bin/unit_tests)
==255==    by 0x1611B2: bool testing::internal::HandleExceptionsInMethodIfSupported<testing::internal::UnitTestImpl, bool>(testing::internal::UnitTestImpl*, bool (testing::internal::UnitTestImpl::*)(), char const*) (in /tmp/tmpjvenn61m/student/zaj8i9UniqueObjectList_and_parser/build/bin/unit_tests)
==255==    by 0x14AA66: testing::UnitTest::Run() (in /tmp/tmpjvenn61m/student/zaj8i9UniqueObjectList_and_parser/build/bin/unit_tests)
==255== 
==255== 560 (16 direct, 544 indirect) bytes in 1 blocks are definitely lost in loss record 33 of 41
==255==    at 0x4849013: operator new(unsigned long) (in /usr/libexec/valgrind/vgpreload_memcheck-amd64-linux.so)
==255==    by 0x12699F: ObjectList::push_front(Object*) (in /tmp/tmpjvenn61m/student/zaj8i9UniqueObjectList_and_parser/build/bin/unit_tests)
==255==    by 0x115893: ObjectListTester_pushFrontOfDuplicatedElements_expectedSizeIncreasesOnlyWhenUniqueElementAdded_Test::TestBody() (in /tmp/tmpjvenn61m/student/zaj8i9UniqueObjectList_and_parser/build/bin/unit_tests)
==255==    by 0x167BEC: void testing::internal::HandleSehExceptionsInMethodIfSupported<testing::Test, void>(testing::Test*, void (testing::Test::*)(), char const*) (in /tmp/tmpjvenn61m/student/zaj8i9UniqueObjectList_and_parser/build/bin/unit_tests)
==255==    by 0x15FF92: void testing::internal::HandleExceptionsInMethodIfSupported<testing::Test, void>(testing::Test*, void (testing::Test::*)(), char const*) (in /tmp/tmpjvenn61m/student/zaj8i9UniqueObjectList_and_parser/build/bin/unit_tests)
==255==    by 0x13AC3B: testing::Test::Run() (in /tmp/tmpjvenn61m/student/zaj8i9UniqueObjectList_and_parser/build/bin/unit_tests)
==255==    by 0x13B756: testing::TestInfo::Run() (in /tmp/tmpjvenn61m/student/zaj8i9UniqueObjectList_and_parser/build/bin/unit_tests)
==255==    by 0x13C094: testing::TestSuite::Run() (in /tmp/tmpjvenn61m/student/zaj8i9UniqueObjectList_and_parser/build/bin/unit_tests)
==255==    by 0x14C444: testing::internal::UnitTestImpl::RunAllTests() (in /tmp/tmpjvenn61m/student/zaj8i9UniqueObjectList_and_parser/build/bin/unit_tests)
==255==    by 0x168C93: bool testing::internal::HandleSehExceptionsInMethodIfSupported<testing::internal::UnitTestImpl, bool>(testing::internal::UnitTestImpl*, bool (testing::internal::UnitTestImpl::*)(), char const*) (in /tmp/tmpjvenn61m/student/zaj8i9UniqueObjectList_and_parser/build/bin/unit_tests)
==255==    by 0x1611B2: bool testing::internal::HandleExceptionsInMethodIfSupported<testing::internal::UnitTestImpl, bool>(testing::internal::UnitTestImpl*, bool (testing::internal::UnitTestImpl::*)(), char const*) (in /tmp/tmpjvenn61m/student/zaj8i9UniqueObjectList_and_parser/build/bin/unit_tests)
==255==    by 0x14AA66: testing::UnitTest::Run() (in /tmp/tmpjvenn61m/student/zaj8i9UniqueObjectList_and_parser/build/bin/unit_tests)
==255== 
==255== 560 (16 direct, 544 indirect) bytes in 1 blocks are definitely lost in loss record 34 of 41
==255==    at 0x4849013: operator new(unsigned long) (in /usr/libexec/valgrind/vgpreload_memcheck-amd64-linux.so)
==255==    by 0x12699F: ObjectList::push_front(Object*) (in /tmp/tmpjvenn61m/student/zaj8i9UniqueObjectList_and_parser/build/bin/unit_tests)
==255==    by 0x118800: ObjectListTester_loopingWithIterators_expectedSuccess_Test::TestBody() (in /tmp/tmpjvenn61m/student/zaj8i9UniqueObjectList_and_parser/build/bin/unit_tests)
==255==    by 0x167BEC: void testing::internal::HandleSehExceptionsInMethodIfSupported<testing::Test, void>(testing::Test*, void (testing::Test::*)(), char const*) (in /tmp/tmpjvenn61m/student/zaj8i9UniqueObjectList_and_parser/build/bin/unit_tests)
==255==    by 0x15FF92: void testing::internal::HandleExceptionsInMethodIfSupported<testing::Test, void>(testing::Test*, void (testing::Test::*)(), char const*) (in /tmp/tmpjvenn61m/student/zaj8i9UniqueObjectList_and_parser/build/bin/unit_tests)
==255==    by 0x13AC3B: testing::Test::Run() (in /tmp/tmpjvenn61m/student/zaj8i9UniqueObjectList_and_parser/build/bin/unit_tests)
==255==    by 0x13B756: testing::TestInfo::Run() (in /tmp/tmpjvenn61m/student/zaj8i9UniqueObjectList_and_parser/build/bin/unit_tests)
==255==    by 0x13C094: testing::TestSuite::Run() (in /tmp/tmpjvenn61m/student/zaj8i9UniqueObjectList_and_parser/build/bin/unit_tests)
==255==    by 0x14C444: testing::internal::UnitTestImpl::RunAllTests() (in /tmp/tmpjvenn61m/student/zaj8i9UniqueObjectList_and_parser/build/bin/unit_tests)
==255==    by 0x168C93: bool testing::internal::HandleSehExceptionsInMethodIfSupported<testing::internal::UnitTestImpl, bool>(testing::internal::UnitTestImpl*, bool (testing::internal::UnitTestImpl::*)(), char const*) (in /tmp/tmpjvenn61m/student/zaj8i9UniqueObjectList_and_parser/build/bin/unit_tests)
==255==    by 0x1611B2: bool testing::internal::HandleExceptionsInMethodIfSupported<testing::internal::UnitTestImpl, bool>(testing::internal::UnitTestImpl*, bool (testing::internal::UnitTestImpl::*)(), char const*) (in /tmp/tmpjvenn61m/student/zaj8i9UniqueObjectList_and_parser/build/bin/unit_tests)
==255==    by 0x14AA66: testing::UnitTest::Run() (in /tmp/tmpjvenn61m/student/zaj8i9UniqueObjectList_and_parser/build/bin/unit_tests)
==255== 
==255== 560 (16 direct, 544 indirect) bytes in 1 blocks are definitely lost in loss record 35 of 41
==255==    at 0x4849013: operator new(unsigned long) (in /usr/libexec/valgrind/vgpreload_memcheck-amd64-linux.so)
==255==    by 0x12699F: ObjectList::push_front(Object*) (in /tmp/tmpjvenn61m/student/zaj8i9UniqueObjectList_and_parser/build/bin/unit_tests)
==255==    by 0x1198E0: ObjectListTester_copyConstructorImplemented_expected2ListsWithTheSameElementsInTheSameOrder_Test::TestBody() (in /tmp/tmpjvenn61m/student/zaj8i9UniqueObjectList_and_parser/build/bin/unit_tests)
==255==    by 0x167BEC: void testing::internal::HandleSehExceptionsInMethodIfSupported<testing::Test, void>(testing::Test*, void (testing::Test::*)(), char const*) (in /tmp/tmpjvenn61m/student/zaj8i9UniqueObjectList_and_parser/build/bin/unit_tests)
==255==    by 0x15FF92: void testing::internal::HandleExceptionsInMethodIfSupported<testing::Test, void>(testing::Test*, void (testing::Test::*)(), char const*) (in /tmp/tmpjvenn61m/student/zaj8i9UniqueObjectList_and_parser/build/bin/unit_tests)
==255==    by 0x13AC3B: testing::Test::Run() (in /tmp/tmpjvenn61m/student/zaj8i9UniqueObjectList_and_parser/build/bin/unit_tests)
==255==    by 0x13B756: testing::TestInfo::Run() (in /tmp/tmpjvenn61m/student/zaj8i9UniqueObjectList_and_parser/build/bin/unit_tests)
==255==    by 0x13C094: testing::TestSuite::Run() (in /tmp/tmpjvenn61m/student/zaj8i9UniqueObjectList_and_parser/build/bin/unit_tests)
==255==    by 0x14C444: testing::internal::UnitTestImpl::RunAllTests() (in /tmp/tmpjvenn61m/student/zaj8i9UniqueObjectList_and_parser/build/bin/unit_tests)
==255==    by 0x168C93: bool testing::internal::HandleSehExceptionsInMethodIfSupported<testing::internal::UnitTestImpl, bool>(testing::internal::UnitTestImpl*, bool (testing::internal::UnitTestImpl::*)(), char const*) (in /tmp/tmpjvenn61m/student/zaj8i9UniqueObjectList_and_parser/build/bin/unit_tests)
==255==    by 0x1611B2: bool testing::internal::HandleExceptionsInMethodIfSupported<testing::internal::UnitTestImpl, bool>(testing::internal::UnitTestImpl*, bool (testing::internal::UnitTestImpl::*)(), char const*) (in /tmp/tmpjvenn61m/student/zaj8i9UniqueObjectList_and_parser/build/bin/unit_tests)
==255==    by 0x14AA66: testing::UnitTest::Run() (in /tmp/tmpjvenn61m/student/zaj8i9UniqueObjectList_and_parser/build/bin/unit_tests)
==255== 
==255== 560 (16 direct, 544 indirect) bytes in 1 blocks are definitely lost in loss record 36 of 41
==255==    at 0x4849013: operator new(unsigned long) (in /usr/libexec/valgrind/vgpreload_memcheck-amd64-linux.so)
==255==    by 0x126C0D: ObjectList::operator=(ObjectList const&) (in /tmp/tmpjvenn61m/student/zaj8i9UniqueObjectList_and_parser/build/bin/unit_tests)
==255==    by 0x11EA9B: ObjectList::ObjectList(ObjectList const&) (in /tmp/tmpjvenn61m/student/zaj8i9UniqueObjectList_and_parser/build/bin/unit_tests)
==255==    by 0x119928: ObjectListTester_copyConstructorImplemented_expected2ListsWithTheSameElementsInTheSameOrder_Test::TestBody() (in /tmp/tmpjvenn61m/student/zaj8i9UniqueObjectList_and_parser/build/bin/unit_tests)
==255==    by 0x167BEC: void testing::internal::HandleSehExceptionsInMethodIfSupported<testing::Test, void>(testing::Test*, void (testing::Test::*)(), char const*) (in /tmp/tmpjvenn61m/student/zaj8i9UniqueObjectList_and_parser/build/bin/unit_tests)
==255==    by 0x15FF92: void testing::internal::HandleExceptionsInMethodIfSupported<testing::Test, void>(testing::Test*, void (testing::Test::*)(), char const*) (in /tmp/tmpjvenn61m/student/zaj8i9UniqueObjectList_and_parser/build/bin/unit_tests)
==255==    by 0x13AC3B: testing::Test::Run() (in /tmp/tmpjvenn61m/student/zaj8i9UniqueObjectList_and_parser/build/bin/unit_tests)
==255==    by 0x13B756: testing::TestInfo::Run() (in /tmp/tmpjvenn61m/student/zaj8i9UniqueObjectList_and_parser/build/bin/unit_tests)
==255==    by 0x13C094: testing::TestSuite::Run() (in /tmp/tmpjvenn61m/student/zaj8i9UniqueObjectList_and_parser/build/bin/unit_tests)
==255==    by 0x14C444: testing::internal::UnitTestImpl::RunAllTests() (in /tmp/tmpjvenn61m/student/zaj8i9UniqueObjectList_and_parser/build/bin/unit_tests)
==255==    by 0x168C93: bool testing::internal::HandleSehExceptionsInMethodIfSupported<testing::internal::UnitTestImpl, bool>(testing::internal::UnitTestImpl*, bool (testing::internal::UnitTestImpl::*)(), char const*) (in /tmp/tmpjvenn61m/student/zaj8i9UniqueObjectList_and_parser/build/bin/unit_tests)
==255==    by 0x1611B2: bool testing::internal::HandleExceptionsInMethodIfSupported<testing::internal::UnitTestImpl, bool>(testing::internal::UnitTestImpl*, bool (testing::internal::UnitTestImpl::*)(), char const*) (in /tmp/tmpjvenn61m/student/zaj8i9UniqueObjectList_and_parser/build/bin/unit_tests)
==255== 
==255== 560 (16 direct, 544 indirect) bytes in 1 blocks are definitely lost in loss record 37 of 41
==255==    at 0x4849013: operator new(unsigned long) (in /usr/libexec/valgrind/vgpreload_memcheck-amd64-linux.so)
==255==    by 0x12699F: ObjectList::push_front(Object*) (in /tmp/tmpjvenn61m/student/zaj8i9UniqueObjectList_and_parser/build/bin/unit_tests)
==255==    by 0x11A208: ObjectListTester_moveConstructorImplemented_expectedAllElementsMovedToOrderContainer_Test::TestBody() (in /tmp/tmpjvenn61m/student/zaj8i9UniqueObjectList_and_parser/build/bin/unit_tests)
==255==    by 0x167BEC: void testing::internal::HandleSehExceptionsInMethodIfSupported<testing::Test, void>(testing::Test*, void (testing::Test::*)(), char const*) (in /tmp/tmpjvenn61m/student/zaj8i9UniqueObjectList_and_parser/build/bin/unit_tests)
==255==    by 0x15FF92: void testing::internal::HandleExceptionsInMethodIfSupported<testing::Test, void>(testing::Test*, void (testing::Test::*)(), char const*) (in /tmp/tmpjvenn61m/student/zaj8i9UniqueObjectList_and_parser/build/bin/unit_tests)
==255==    by 0x13AC3B: testing::Test::Run() (in /tmp/tmpjvenn61m/student/zaj8i9UniqueObjectList_and_parser/build/bin/unit_tests)
==255==    by 0x13B756: testing::TestInfo::Run() (in /tmp/tmpjvenn61m/student/zaj8i9UniqueObjectList_and_parser/build/bin/unit_tests)
==255==    by 0x13C094: testing::TestSuite::Run() (in /tmp/tmpjvenn61m/student/zaj8i9UniqueObjectList_and_parser/build/bin/unit_tests)
==255==    by 0x14C444: testing::internal::UnitTestImpl::RunAllTests() (in /tmp/tmpjvenn61m/student/zaj8i9UniqueObjectList_and_parser/build/bin/unit_tests)
==255==    by 0x168C93: bool testing::internal::HandleSehExceptionsInMethodIfSupported<testing::internal::UnitTestImpl, bool>(testing::internal::UnitTestImpl*, bool (testing::internal::UnitTestImpl::*)(), char const*) (in /tmp/tmpjvenn61m/student/zaj8i9UniqueObjectList_and_parser/build/bin/unit_tests)
==255==    by 0x1611B2: bool testing::internal::HandleExceptionsInMethodIfSupported<testing::internal::UnitTestImpl, bool>(testing::internal::UnitTestImpl*, bool (testing::internal::UnitTestImpl::*)(), char const*) (in /tmp/tmpjvenn61m/student/zaj8i9UniqueObjectList_and_parser/build/bin/unit_tests)
==255==    by 0x14AA66: testing::UnitTest::Run() (in /tmp/tmpjvenn61m/student/zaj8i9UniqueObjectList_and_parser/build/bin/unit_tests)
==255== 
==255== 560 (16 direct, 544 indirect) bytes in 1 blocks are definitely lost in loss record 38 of 41
==255==    at 0x4849013: operator new(unsigned long) (in /usr/libexec/valgrind/vgpreload_memcheck-amd64-linux.so)
==255==    by 0x126C0D: ObjectList::operator=(ObjectList const&) (in /tmp/tmpjvenn61m/student/zaj8i9UniqueObjectList_and_parser/build/bin/unit_tests)
==255==    by 0x11ACDC: ObjectListTester_assignmentOperatorCopying_expectedNewValues_Test::TestBody() (in /tmp/tmpjvenn61m/student/zaj8i9UniqueObjectList_and_parser/build/bin/unit_tests)
==255==    by 0x167BEC: void testing::internal::HandleSehExceptionsInMethodIfSupported<testing::Test, void>(testing::Test*, void (testing::Test::*)(), char const*) (in /tmp/tmpjvenn61m/student/zaj8i9UniqueObjectList_and_parser/build/bin/unit_tests)
==255==    by 0x15FF92: void testing::internal::HandleExceptionsInMethodIfSupported<testing::Test, void>(testing::Test*, void (testing::Test::*)(), char const*) (in /tmp/tmpjvenn61m/student/zaj8i9UniqueObjectList_and_parser/build/bin/unit_tests)
==255==    by 0x13AC3B: testing::Test::Run() (in /tmp/tmpjvenn61m/student/zaj8i9UniqueObjectList_and_parser/build/bin/unit_tests)
==255==    by 0x13B756: testing::TestInfo::Run() (in /tmp/tmpjvenn61m/student/zaj8i9UniqueObjectList_and_parser/build/bin/unit_tests)
==255==    by 0x13C094: testing::TestSuite::Run() (in /tmp/tmpjvenn61m/student/zaj8i9UniqueObjectList_and_parser/build/bin/unit_tests)
==255==    by 0x14C444: testing::internal::UnitTestImpl::RunAllTests() (in /tmp/tmpjvenn61m/student/zaj8i9UniqueObjectList_and_parser/build/bin/unit_tests)
==255==    by 0x168C93: bool testing::internal::HandleSehExceptionsInMethodIfSupported<testing::internal::UnitTestImpl, bool>(testing::internal::UnitTestImpl*, bool (testing::internal::UnitTestImpl::*)(), char const*) (in /tmp/tmpjvenn61m/student/zaj8i9UniqueObjectList_and_parser/build/bin/unit_tests)
==255==    by 0x1611B2: bool testing::internal::HandleExceptionsInMethodIfSupported<testing::internal::UnitTestImpl, bool>(testing::internal::UnitTestImpl*, bool (testing::internal::UnitTestImpl::*)(), char const*) (in /tmp/tmpjvenn61m/student/zaj8i9UniqueObjectList_and_parser/build/bin/unit_tests)
==255==    by 0x14AA66: testing::UnitTest::Run() (in /tmp/tmpjvenn61m/student/zaj8i9UniqueObjectList_and_parser/build/bin/unit_tests)
==255== 
==255== 560 (32 direct, 528 indirect) bytes in 2 blocks are definitely lost in loss record 39 of 41
==255==    at 0x4849013: operator new(unsigned long) (in /usr/libexec/valgrind/vgpreload_memcheck-amd64-linux.so)
==255==    by 0x12699F: ObjectList::push_front(Object*) (in /tmp/tmpjvenn61m/student/zaj8i9UniqueObjectList_and_parser/build/bin/unit_tests)
==255==    by 0x118C36: ObjectListTester_eraseAfterMiddleElement_expectedMiddleElementErased_Test::TestBody() (in /tmp/tmpjvenn61m/student/zaj8i9UniqueObjectList_and_parser/build/bin/unit_tests)
==255==    by 0x167BEC: void testing::internal::HandleSehExceptionsInMethodIfSupported<testing::Test, void>(testing::Test*, void (testing::Test::*)(), char const*) (in /tmp/tmpjvenn61m/student/zaj8i9UniqueObjectList_and_parser/build/bin/unit_tests)
==255==    by 0x15FF92: void testing::internal::HandleExceptionsInMethodIfSupported<testing::Test, void>(testing::Test*, void (testing::Test::*)(), char const*) (in /tmp/tmpjvenn61m/student/zaj8i9UniqueObjectList_and_parser/build/bin/unit_tests)
==255==    by 0x13AC3B: testing::Test::Run() (in /tmp/tmpjvenn61m/student/zaj8i9UniqueObjectList_and_parser/build/bin/unit_tests)
==255==    by 0x13B756: testing::TestInfo::Run() (in /tmp/tmpjvenn61m/student/zaj8i9UniqueObjectList_and_parser/build/bin/unit_tests)
==255==    by 0x13C094: testing::TestSuite::Run() (in /tmp/tmpjvenn61m/student/zaj8i9UniqueObjectList_and_parser/build/bin/unit_tests)
==255==    by 0x14C444: testing::internal::UnitTestImpl::RunAllTests() (in /tmp/tmpjvenn61m/student/zaj8i9UniqueObjectList_and_parser/build/bin/unit_tests)
==255==    by 0x168C93: bool testing::internal::HandleSehExceptionsInMethodIfSupported<testing::internal::UnitTestImpl, bool>(testing::internal::UnitTestImpl*, bool (testing::internal::UnitTestImpl::*)(), char const*) (in /tmp/tmpjvenn61m/student/zaj8i9UniqueObjectList_and_parser/build/bin/unit_tests)
==255==    by 0x1611B2: bool testing::internal::HandleExceptionsInMethodIfSupported<testing::internal::UnitTestImpl, bool>(testing::internal::UnitTestImpl*, bool (testing::internal::UnitTestImpl::*)(), char const*) (in /tmp/tmpjvenn61m/student/zaj8i9UniqueObjectList_and_parser/build/bin/unit_tests)
==255==    by 0x14AA66: testing::UnitTest::Run() (in /tmp/tmpjvenn61m/student/zaj8i9UniqueObjectList_and_parser/build/bin/unit_tests)
==255== 
==255== 560 (32 direct, 528 indirect) bytes in 2 blocks are definitely lost in loss record 40 of 41
==255==    at 0x4849013: operator new(unsigned long) (in /usr/libexec/valgrind/vgpreload_memcheck-amd64-linux.so)
==255==    by 0x12699F: ObjectList::push_front(Object*) (in /tmp/tmpjvenn61m/student/zaj8i9UniqueObjectList_and_parser/build/bin/unit_tests)
==255==    by 0x11929F: ObjectListTester_eraseMiddleElement_expectedMiddleElementErased_Test::TestBody() (in /tmp/tmpjvenn61m/student/zaj8i9UniqueObjectList_and_parser/build/bin/unit_tests)
==255==    by 0x167BEC: void testing::internal::HandleSehExceptionsInMethodIfSupported<testing::Test, void>(testing::Test*, void (testing::Test::*)(), char const*) (in /tmp/tmpjvenn61m/student/zaj8i9UniqueObjectList_and_parser/build/bin/unit_tests)
==255==    by 0x15FF92: void testing::internal::HandleExceptionsInMethodIfSupported<testing::Test, void>(testing::Test*, void (testing::Test::*)(), char const*) (in /tmp/tmpjvenn61m/student/zaj8i9UniqueObjectList_and_parser/build/bin/unit_tests)
==255==    by 0x13AC3B: testing::Test::Run() (in /tmp/tmpjvenn61m/student/zaj8i9UniqueObjectList_and_parser/build/bin/unit_tests)
==255==    by 0x13B756: testing::TestInfo::Run() (in /tmp/tmpjvenn61m/student/zaj8i9UniqueObjectList_and_parser/build/bin/unit_tests)
==255==    by 0x13C094: testing::TestSuite::Run() (in /tmp/tmpjvenn61m/student/zaj8i9UniqueObjectList_and_parser/build/bin/unit_tests)
==255==    by 0x14C444: testing::internal::UnitTestImpl::RunAllTests() (in /tmp/tmpjvenn61m/student/zaj8i9UniqueObjectList_and_parser/build/bin/unit_tests)
==255==    by 0x168C93: bool testing::internal::HandleSehExceptionsInMethodIfSupported<testing::internal::UnitTestImpl, bool>(testing::internal::UnitTestImpl*, bool (testing::internal::UnitTestImpl::*)(), char const*) (in /tmp/tmpjvenn61m/student/zaj8i9UniqueObjectList_and_parser/build/bin/unit_tests)
==255==    by 0x1611B2: bool testing::internal::HandleExceptionsInMethodIfSupported<testing::internal::UnitTestImpl, bool>(testing::internal::UnitTestImpl*, bool (testing::internal::UnitTestImpl::*)(), char const*) (in /tmp/tmpjvenn61m/student/zaj8i9UniqueObjectList_and_parser/build/bin/unit_tests)
==255==    by 0x14AA66: testing::UnitTest::Run() (in /tmp/tmpjvenn61m/student/zaj8i9UniqueObjectList_and_parser/build/bin/unit_tests)
==255== 
==255== 721 (16 direct, 705 indirect) bytes in 1 blocks are definitely lost in loss record 41 of 41
==255==    at 0x4849013: operator new(unsigned long) (in /usr/libexec/valgrind/vgpreload_memcheck-amd64-linux.so)
==255==    by 0x12699F: ObjectList::push_front(Object*) (in /tmp/tmpjvenn61m/student/zaj8i9UniqueObjectList_and_parser/build/bin/unit_tests)
==255==    by 0x11C504: ObjectListTester_assignmentOperatorMoving_expectedAllElementsMoved_Test::TestBody() (in /tmp/tmpjvenn61m/student/zaj8i9UniqueObjectList_and_parser/build/bin/unit_tests)
==255==    by 0x167BEC: void testing::internal::HandleSehExceptionsInMethodIfSupported<testing::Test, void>(testing::Test*, void (testing::Test::*)(), char const*) (in /tmp/tmpjvenn61m/student/zaj8i9UniqueObjectList_and_parser/build/bin/unit_tests)
==255==    by 0x15FF92: void testing::internal::HandleExceptionsInMethodIfSupported<testing::Test, void>(testing::Test*, void (testing::Test::*)(), char const*) (in /tmp/tmpjvenn61m/student/zaj8i9UniqueObjectList_and_parser/build/bin/unit_tests)
==255==    by 0x13AC3B: testing::Test::Run() (in /tmp/tmpjvenn61m/student/zaj8i9UniqueObjectList_and_parser/build/bin/unit_tests)
==255==    by 0x13B756: testing::TestInfo::Run() (in /tmp/tmpjvenn61m/student/zaj8i9UniqueObjectList_and_parser/build/bin/unit_tests)
==255==    by 0x13C094: testing::TestSuite::Run() (in /tmp/tmpjvenn61m/student/zaj8i9UniqueObjectList_and_parser/build/bin/unit_tests)
==255==    by 0x14C444: testing::internal::UnitTestImpl::RunAllTests() (in /tmp/tmpjvenn61m/student/zaj8i9UniqueObjectList_and_parser/build/bin/unit_tests)
==255==    by 0x168C93: bool testing::internal::HandleSehExceptionsInMethodIfSupported<testing::internal::UnitTestImpl, bool>(testing::internal::UnitTestImpl*, bool (testing::internal::UnitTestImpl::*)(), char const*) (in /tmp/tmpjvenn61m/student/zaj8i9UniqueObjectList_and_parser/build/bin/unit_tests)
==255==    by 0x1611B2: bool testing::internal::HandleExceptionsInMethodIfSupported<testing::internal::UnitTestImpl, bool>(testing::internal::UnitTestImpl*, bool (testing::internal::UnitTestImpl::*)(), char const*) (in /tmp/tmpjvenn61m/student/zaj8i9UniqueObjectList_and_parser/build/bin/unit_tests)
==255==    by 0x14AA66: testing::UnitTest::Run() (in /tmp/tmpjvenn61m/student/zaj8i9UniqueObjectList_and_parser/build/bin/unit_tests)
==255== 
==255== LEAK SUMMARY:
==255==    definitely lost: 3,112 bytes in 85 blocks
==255==    indirectly lost: 5,569 bytes in 195 blocks
==255==      possibly lost: 0 bytes in 0 blocks
==255==    still reachable: 0 bytes in 0 blocks
==255==         suppressed: 0 bytes in 0 blocks
==255== 
==255== For lists of detected and suppressed errors, rerun with: -s
==255== ERROR SUMMARY: 18 errors from 18 contexts (suppressed: 0 from 0)
